09:40:35:218  INFO 14724 --- [main] c.j.payservice.PayServiceApplication     : Starting PayServiceApplication using Java 17.0.18 on 30308-81 with PID 14724 (C:\Users\3030881\Desktop\projects\hmall\pay-service\target\classes started by 3030881 in C:\Users\3030881\Desktop\projects\hmall)
09:40:35:229  INFO 14724 --- [main] c.j.payservice.PayServiceApplication     : The following 1 profile is active: "local"
09:40:37:364  INFO 14724 --- [main] .s.d.r.c.RepositoryConfigurationDelegate : Multiple Spring Data modules found, entering strict repository configuration mode
09:40:37:368  INFO 14724 --- [main] .s.d.r.c.RepositoryConfigurationDelegate : Bootstrapping Spring Data Redis repositories in DEFAULT mode.
09:40:37:397  INFO 14724 --- [main] .s.d.r.c.RepositoryConfigurationDelegate : Finished Spring Data repository scanning in 12 ms. Found 0 Redis repository interfaces.
09:40:37:747  INFO 14724 --- [main] o.s.cloud.context.scope.GenericScope     : BeanFactory id=06bc80f0-9972-3b30-a177-1d9e126b3ab5
09:40:38:401  INFO 14724 --- [main] o.s.b.w.embedded.tomcat.TomcatWebServer  : Tomcat initialized with port(s): 8041 (http)
09:40:38:416  INFO 14724 --- [main] o.apache.catalina.core.StandardService   : Starting service [Tomcat]
09:40:38:416  INFO 14724 --- [main] org.apache.catalina.core.StandardEngine  : Starting Servlet engine: [Apache Tomcat/9.0.75]
09:40:38:728  INFO 14724 --- [main] o.a.c.c.C.[Tomcat].[localhost].[/]       : Initializing Spring embedded WebApplicationContext
09:40:38:729  INFO 14724 --- [main] w.s.c.ServletWebServerApplicationContext : Root WebApplicationContext: initialization completed in 3396 ms
09:40:39:167  INFO 14724 --- [main] o.s.c.openfeign.FeignClientFactoryBean   : For 'user-service' URL not provided. Will try picking an instance via load-balancing.
09:40:39:245  INFO 14724 --- [main] o.s.c.openfeign.FeignClientFactoryBean   : For 'trade-service' URL not provided. Will try picking an instance via load-balancing.
09:40:42:154  INFO 14724 --- [main] o.s.cloud.commons.util.InetUtils         : Cannot determine local hostname
09:40:42:198  INFO 14724 --- [main] pertySourcedRequestMappingHandlerMapping : Mapped URL path [/v2/api-docs] onto method [springfox.documentation.swagger2.web.Swagger2ControllerWebMvc#getDocumentation(String, HttpServletRequest)]
09:40:44:135  INFO 14724 --- [main] o.s.cloud.commons.util.InetUtils         : Cannot determine local hostname
09:40:44:349  INFO 14724 --- [main] com.alibaba.nacos.common.remote.client   : [RpcClientFactory] create a new rpc client of c9e81b97-7121-4581-bb25-14a9cae4cf74
09:40:44:441  INFO 14724 --- [main] org.reflections.Reflections              : Reflections took 37 ms to scan 1 urls, producing 3 keys and 6 values 
09:40:44:472  INFO 14724 --- [main] org.reflections.Reflections              : Reflections took 13 ms to scan 1 urls, producing 4 keys and 9 values 
09:40:44:491  INFO 14724 --- [main] org.reflections.Reflections              : Reflections took 13 ms to scan 1 urls, producing 3 keys and 10 values 
09:40:44:493  WARN 14724 --- [main] org.reflections.Reflections              : given scan urls are empty. set urls in the configuration
09:40:44:500  INFO 14724 --- [main] org.reflections.Reflections              : Reflections took 6 ms to scan 1 urls, producing 1 keys and 5 values 
09:40:44:512  INFO 14724 --- [main] org.reflections.Reflections              : Reflections took 9 ms to scan 1 urls, producing 1 keys and 7 values 
09:40:44:521  INFO 14724 --- [main] org.reflections.Reflections              : Reflections took 6 ms to scan 1 urls, producing 2 keys and 8 values 
09:40:44:522  WARN 14724 --- [main] org.reflections.Reflections              : given scan urls are empty. set urls in the configuration
09:40:44:524  INFO 14724 --- [main] com.alibaba.nacos.common.remote.client   : [c9e81b97-7121-4581-bb25-14a9cae4cf74] RpcClient init label, labels = {module=naming, source=sdk}
09:40:44:525  INFO 14724 --- [main] com.alibaba.nacos.common.remote.client   : [c9e81b97-7121-4581-bb25-14a9cae4cf74] RpcClient init, ServerListFactory = com.alibaba.nacos.client.naming.core.ServerListManager
09:40:44:525  INFO 14724 --- [main] com.alibaba.nacos.common.remote.client   : [c9e81b97-7121-4581-bb25-14a9cae4cf74] Registry connection listener to current client:com.alibaba.nacos.client.naming.remote.gprc.redo.NamingGrpcRedoService
09:40:44:526  INFO 14724 --- [main] com.alibaba.nacos.common.remote.client   : [c9e81b97-7121-4581-bb25-14a9cae4cf74] Register server push request handler:com.alibaba.nacos.client.naming.remote.gprc.NamingPushRequestHandler
09:40:44:528  INFO 14724 --- [main] com.alibaba.nacos.common.remote.client   : [c9e81b97-7121-4581-bb25-14a9cae4cf74] Try to connect to server on start up, server: {serverIp = '192.168.174.128', server main port = 8848}
09:40:45:685  INFO 14724 --- [main] com.alibaba.nacos.common.remote.client   : [c9e81b97-7121-4581-bb25-14a9cae4cf74] Success to connect to server [192.168.174.128:8848] on start up, connectionId = 1781050238294_192.168.174.1_64251
09:40:45:686  INFO 14724 --- [com.alibaba.nacos.client.remote.worker] com.alibaba.nacos.common.remote.client   : [c9e81b97-7121-4581-bb25-14a9cae4cf74] Notify connected event to listeners.
09:40:45:686  INFO 14724 --- [main] com.alibaba.nacos.common.remote.client   : [c9e81b97-7121-4581-bb25-14a9cae4cf74] Register server push request handler:com.alibaba.nacos.common.remote.client.RpcClient$ConnectResetRequestHandler
09:40:45:686  INFO 14724 --- [main] com.alibaba.nacos.common.remote.client   : [c9e81b97-7121-4581-bb25-14a9cae4cf74] Register server push request handler:com.alibaba.nacos.common.remote.client.RpcClient$$Lambda$1119/0x00000227c3845650
09:40:45:745  INFO 14724 --- [main] o.s.b.w.embedded.tomcat.TomcatWebServer  : Tomcat started on port(s): 8041 (http) with context path ''
09:40:45:758  INFO 14724 --- [main] c.a.c.n.registry.NacosServiceRegistry    : nacos registry, DEFAULT_GROUP pay-service 192.168.161.1:8041 register finished
09:40:46:255  INFO 14724 --- [nacos-grpc-client-executor-9] com.alibaba.nacos.common.remote.client   : [c9e81b97-7121-4581-bb25-14a9cae4cf74] Receive server push request, request = NotifySubscriberRequest, requestId = 11
09:40:46:261  INFO 14724 --- [nacos-grpc-client-executor-9] com.alibaba.nacos.common.remote.client   : [c9e81b97-7121-4581-bb25-14a9cae4cf74] Ack server push request, request = NotifySubscriberRequest, requestId = 11
09:40:46:890  INFO 14724 --- [main] o.s.cloud.commons.util.InetUtils         : Cannot determine local hostname
09:40:46:891  INFO 14724 --- [main] d.s.w.p.DocumentationPluginsBootstrapper : Documentation plugins bootstrapped
09:40:46:896  INFO 14724 --- [main] d.s.w.p.DocumentationPluginsBootstrapper : Found 1 custom documentation plugin(s)
09:40:46:923  INFO 14724 --- [main] s.d.s.w.s.ApiListingReferenceScanner     : Scanning for api listing references
09:40:47:049  INFO 14724 --- [main] .d.s.w.r.o.CachingOperationNameGenerator : Generating unique operation named: openapiJsonUsingGET_1
09:40:47:059  INFO 14724 --- [main] c.j.payservice.PayServiceApplication     : Started PayServiceApplication in 14.228 seconds (JVM running for 15.219)
10:23:00:487  WARN 14724 --- [Thread-4] c.a.nacos.common.notify.NotifyCenter     : [NotifyCenter] Start destroying Publisher
10:23:00:487  WARN 14724 --- [Thread-7] c.a.n.common.http.HttpClientBeanHolder   : [HttpClientBeanHolder] Start destroying common HttpClient
10:23:00:491  WARN 14724 --- [Thread-4] c.a.nacos.common.notify.NotifyCenter     : [NotifyCenter] Destruction of the end
10:23:00:493  WARN 14724 --- [Thread-7] c.a.n.common.http.HttpClientBeanHolder   : [HttpClientBeanHolder] Destruction of the end
10:23:00:586  INFO 14724 --- [SpringApplicationShutdownHook] c.a.c.n.registry.NacosServiceRegistry    : De-registering from Nacos Server now...
10:23:00:593  INFO 14724 --- [SpringApplicationShutdownHook] c.a.c.n.registry.NacosServiceRegistry    : De-registration finished.
10:23:00:924  INFO 14724 --- [SpringApplicationShutdownHook] com.alibaba.nacos.common.remote.client   : Shutdown rpc client, set status to shutdown
10:23:00:925  INFO 14724 --- [SpringApplicationShutdownHook] com.alibaba.nacos.common.remote.client   : Shutdown client event executor java.util.concurrent.ScheduledThreadPoolExecutor@20fc99cb[Running, pool size = 2, active threads = 2, queued tasks = 0, completed tasks = 0]
10:23:00:925  INFO 14724 --- [SpringApplicationShutdownHook] com.alibaba.nacos.common.remote.client   : Close current connection 1781050238294_192.168.174.1_64251
10:23:00:928  INFO 14724 --- [nacos-grpc-client-executor-541] c.a.n.c.remote.client.grpc.GrpcClient    : [1781050238294_192.168.174.1_64251]Ignore complete event,isRunning:false,isAbandon=false
10:23:00:930  INFO 14724 --- [SpringApplicationShutdownHook] c.a.n.c.remote.client.grpc.GrpcClient    : Shutdown grpc executor java.util.concurrent.ThreadPoolExecutor@39f5ac8b[Running, pool size = 4, active threads = 0, queued tasks = 0, completed tasks = 542]
10:23:10:882  INFO 25396 --- [main] c.j.payservice.PayServiceApplication     : The following 1 profile is active: "local"
10:23:11:835  INFO 25396 --- [main] .s.d.r.c.RepositoryConfigurationDelegate : Multiple Spring Data modules found, entering strict repository configuration mode
10:23:11:838  INFO 25396 --- [main] .s.d.r.c.RepositoryConfigurationDelegate : Bootstrapping Spring Data Redis repositories in DEFAULT mode.
10:23:11:861  INFO 25396 --- [main] .s.d.r.c.RepositoryConfigurationDelegate : Finished Spring Data repository scanning in 9 ms. Found 0 Redis repository interfaces.
10:23:12:104  INFO 25396 --- [main] o.s.cloud.context.scope.GenericScope     : BeanFactory id=751c883f-f257-332d-8122-950e9d58a48b
10:23:12:448  INFO 25396 --- [main] o.s.b.w.embedded.tomcat.TomcatWebServer  : Tomcat initialized with port(s): 8041 (http)
10:23:12:456  INFO 25396 --- [main] o.apache.catalina.core.StandardService   : Starting service [Tomcat]
10:23:12:456  INFO 25396 --- [main] org.apache.catalina.core.StandardEngine  : Starting Servlet engine: [Apache Tomcat/9.0.75]
10:23:12:592  INFO 25396 --- [main] o.a.c.c.C.[Tomcat].[localhost].[/]       : Initializing Spring embedded WebApplicationContext
10:23:12:593  INFO 25396 --- [main] w.s.c.ServletWebServerApplicationContext : Root WebApplicationContext: initialization completed in 1693 ms
10:23:12:816  INFO 25396 --- [main] o.s.c.openfeign.FeignClientFactoryBean   : For 'user-service' URL not provided. Will try picking an instance via load-balancing.
10:23:12:857  INFO 25396 --- [main] o.s.c.openfeign.FeignClientFactoryBean   : For 'trade-service' URL not provided. Will try picking an instance via load-balancing.
10:23:14:725  INFO 25396 --- [main] o.s.cloud.commons.util.InetUtils         : Cannot determine local hostname
10:23:14:760  INFO 25396 --- [main] pertySourcedRequestMappingHandlerMapping : Mapped URL path [/v2/api-docs] onto method [springfox.documentation.swagger2.web.Swagger2ControllerWebMvc#getDocumentation(String, HttpServletRequest)]
10:23:16:297  INFO 25396 --- [main] o.s.cloud.commons.util.InetUtils         : Cannot determine local hostname
10:23:16:383  INFO 25396 --- [main] com.alibaba.nacos.common.remote.client   : [RpcClientFactory] create a new rpc client of a7f3976d-4d74-4903-b42f-81b5e1597caf
10:23:16:383  INFO 25396 --- [main] com.alibaba.nacos.common.remote.client   : [a7f3976d-4d74-4903-b42f-81b5e1597caf] RpcClient init label, labels = {module=naming, source=sdk}
10:23:16:384  INFO 25396 --- [main] com.alibaba.nacos.common.remote.client   : [a7f3976d-4d74-4903-b42f-81b5e1597caf] RpcClient init, ServerListFactory = com.alibaba.nacos.client.naming.core.ServerListManager
10:23:16:385  INFO 25396 --- [main] com.alibaba.nacos.common.remote.client   : [a7f3976d-4d74-4903-b42f-81b5e1597caf] Registry connection listener to current client:com.alibaba.nacos.client.naming.remote.gprc.redo.NamingGrpcRedoService
10:23:16:385  INFO 25396 --- [main] com.alibaba.nacos.common.remote.client   : [a7f3976d-4d74-4903-b42f-81b5e1597caf] Register server push request handler:com.alibaba.nacos.client.naming.remote.gprc.NamingPushRequestHandler
10:23:16:386  INFO 25396 --- [main] com.alibaba.nacos.common.remote.client   : [a7f3976d-4d74-4903-b42f-81b5e1597caf] Try to connect to server on start up, server: {serverIp = '192.168.174.128', server main port = 8848}
10:23:16:509  INFO 25396 --- [main] com.alibaba.nacos.common.remote.client   : [a7f3976d-4d74-4903-b42f-81b5e1597caf] Success to connect to server [192.168.174.128:8848] on start up, connectionId = 1781052983424_192.168.174.1_52898
10:23:16:509  INFO 25396 --- [main] com.alibaba.nacos.common.remote.client   : [a7f3976d-4d74-4903-b42f-81b5e1597caf] Register server push request handler:com.alibaba.nacos.common.remote.client.RpcClient$ConnectResetRequestHandler
10:23:16:509  INFO 25396 --- [com.alibaba.nacos.client.remote.worker] com.alibaba.nacos.common.remote.client   : [a7f3976d-4d74-4903-b42f-81b5e1597caf] Notify connected event to listeners.
10:23:16:509  INFO 25396 --- [main] com.alibaba.nacos.common.remote.client   : [a7f3976d-4d74-4903-b42f-81b5e1597caf] Register server push request handler:com.alibaba.nacos.common.remote.client.RpcClient$$Lambda$426/0x00000179254a4f98
10:23:16:549  INFO 25396 --- [main] o.s.b.w.embedded.tomcat.TomcatWebServer  : Tomcat started on port(s): 8041 (http) with context path ''
10:23:16:557  INFO 25396 --- [main] c.a.c.n.registry.NacosServiceRegistry    : nacos registry, DEFAULT_GROUP pay-service 192.168.161.1:8041 register finished
10:23:17:010  INFO 25396 --- [nacos-grpc-client-executor-6] com.alibaba.nacos.common.remote.client   : [a7f3976d-4d74-4903-b42f-81b5e1597caf] Receive server push request, request = NotifySubscriberRequest, requestId = 26
10:23:17:013  INFO 25396 --- [nacos-grpc-client-executor-6] com.alibaba.nacos.common.remote.client   : [a7f3976d-4d74-4903-b42f-81b5e1597caf] Ack server push request, request = NotifySubscriberRequest, requestId = 26
10:23:17:691  INFO 25396 --- [main] o.s.cloud.commons.util.InetUtils         : Cannot determine local hostname
10:23:17:692  INFO 25396 --- [main] d.s.w.p.DocumentationPluginsBootstrapper : Documentation plugins bootstrapped
10:23:17:697  INFO 25396 --- [main] d.s.w.p.DocumentationPluginsBootstrapper : Found 1 custom documentation plugin(s)
10:23:17:720  INFO 25396 --- [main] s.d.s.w.s.ApiListingReferenceScanner     : Scanning for api listing references
10:23:17:821  INFO 25396 --- [main] .d.s.w.r.o.CachingOperationNameGenerator : Generating unique operation named: openapiJsonUsingGET_1
10:23:17:832  INFO 25396 --- [main] c.j.payservice.PayServiceApplication     : Started PayServiceApplication in 11.01 seconds (JVM running for 11.451)
10:23:17:836  INFO 25396 --- [main] c.a.c.n.refresh.NacosContextRefresher    : [Nacos Config] Listening config: dataId=pay-service, group=DEFAULT_GROUP
10:23:17:837  INFO 25396 --- [main] c.a.c.n.refresh.NacosContextRefresher    : [Nacos Config] Listening config: dataId=pay-service.yaml, group=DEFAULT_GROUP
10:23:17:837  INFO 25396 --- [main] c.a.c.n.refresh.NacosContextRefresher    : [Nacos Config] Listening config: dataId=pay-service-local.yaml, group=DEFAULT_GROUP
10:29:26:663  INFO 25396 --- [http-nio-8041-exec-1] o.a.c.c.C.[Tomcat].[localhost].[/]       : Initializing Spring DispatcherServlet 'dispatcherServlet'
10:29:26:663  INFO 25396 --- [http-nio-8041-exec-1] o.s.web.servlet.DispatcherServlet        : Initializing Servlet 'dispatcherServlet'
10:29:26:665  INFO 25396 --- [http-nio-8041-exec-1] o.s.web.servlet.DispatcherServlet        : Completed initialization in 2 ms
10:29:26:840  INFO 25396 --- [http-nio-8041-exec-1] com.zaxxer.hikari.HikariDataSource       : HikariPool-1 - Starting...
10:29:27:168  INFO 25396 --- [http-nio-8041-exec-1] com.zaxxer.hikari.HikariDataSource       : HikariPool-1 - Start completed.
10:29:29:910 ERROR 25396 --- [http-nio-8041-exec-4] o.a.c.c.C.[.[.[/].[dispatcherServlet]    : Servlet.service() for servlet [dispatcherServlet] in context with path [] threw exception [Request processing failed; nested exception is feign.FeignException$InternalServerError: [500] during [PUT] to [http://user-service/users/money/deduct?pw&amount=71600] [UserClient#deductMoney(String,Integer)]: [{"timestamp":"2026-06-10T01:29:29.889+00:00","status":500,"error":"Internal Server Error","path":"/users/money/deduct"}]] with root cause

feign.FeignException$InternalServerError: [500] during [PUT] to [http://user-service/users/money/deduct?pw&amount=71600] [UserClient#deductMoney(String,Integer)]: [{"timestamp":"2026-06-10T01:29:29.889+00:00","status":500,"error":"Internal Server Error","path":"/users/money/deduct"}]
	at feign.FeignException.serverErrorStatus(FeignException.java:250) ~[feign-core-11.8.jar:na]
	at feign.FeignException.errorStatus(FeignException.java:197) ~[feign-core-11.8.jar:na]
	at feign.FeignException.errorStatus(FeignException.java:185) ~[feign-core-11.8.jar:na]
	at feign.codec.ErrorDecoder$Default.decode(ErrorDecoder.java:92) ~[feign-core-11.8.jar:na]
	at feign.AsyncResponseHandler.handleResponse(AsyncResponseHandler.java:96) ~[feign-core-11.8.jar:na]
	at feign.SynchronousMethodHandler.executeAndDecode(SynchronousMethodHandler.java:138) ~[feign-core-11.8.jar:na]
	at feign.SynchronousMethodHandler.invoke(SynchronousMethodHandler.java:89) ~[feign-core-11.8.jar:na]
	at feign.ReflectiveFeign$FeignInvocationHandler.invoke(ReflectiveFeign.java:100) ~[feign-core-11.8.jar:na]
	at jdk.proxy2/jdk.proxy2.$Proxy117.deductMoney(Unknown Source) ~[na:na]
	at com.jiangkai.payservice.service.impl.PayOrderServiceImpl.tryPayOrderByBalance(PayOrderServiceImpl.java:56) ~[classes/:na]
	at com.jiangkai.payservice.service.impl.PayOrderServiceImpl$$FastClassBySpringCGLIB$$ba03d912.invoke(<generated>) ~[classes/:na]
	at org.springframework.cglib.proxy.MethodProxy.invoke(MethodProxy.java:218) ~[spring-core-5.3.27.jar:5.3.27]
	at org.springframework.aop.framework.CglibAopProxy$CglibMethodInvocation.invokeJoinpoint(CglibAopProxy.java:793) ~[spring-aop-5.3.27.jar:5.3.27]
	at org.springframework.aop.framework.ReflectiveMethodInvocation.proceed(ReflectiveMethodInvocation.java:163) ~[spring-aop-5.3.27.jar:5.3.27]
	at org.springframework.aop.framework.CglibAopProxy$CglibMethodInvocation.proceed(CglibAopProxy.java:763) ~[spring-aop-5.3.27.jar:5.3.27]
	at org.springframework.transaction.interceptor.TransactionInterceptor$1.proceedWithInvocation(TransactionInterceptor.java:123) ~[spring-tx-5.3.27.jar:5.3.27]
	at org.springframework.transaction.interceptor.TransactionAspectSupport.invokeWithinTransaction(TransactionAspectSupport.java:388) ~[spring-tx-5.3.27.jar:5.3.27]
	at org.springframework.transaction.interceptor.TransactionInterceptor.invoke(TransactionInterceptor.java:119) ~[spring-tx-5.3.27.jar:5.3.27]
	at org.springframework.aop.framework.ReflectiveMethodInvocation.proceed(ReflectiveMethodInvocation.java:186) ~[spring-aop-5.3.27.jar:5.3.27]
	at org.springframework.aop.framework.CglibAopProxy$CglibMethodInvocation.proceed(CglibAopProxy.java:763) ~[spring-aop-5.3.27.jar:5.3.27]
	at org.springframework.aop.framework.CglibAopProxy$DynamicAdvisedInterceptor.intercept(CglibAopProxy.java:708) ~[spring-aop-5.3.27.jar:5.3.27]
	at com.jiangkai.payservice.service.impl.PayOrderServiceImpl$$EnhancerBySpringCGLIB$$941a0783.tryPayOrderByBalance(<generated>) ~[classes/:na]
	at com.jiangkai.payservice.controller.PayController.tryPayOrderByBalance(PayController.java:46) ~[classes/:na]
	at java.base/jdk.internal.reflect.NativeMethodAccessorImpl.invoke0(Native Method) ~[na:na]
	at java.base/jdk.internal.reflect.NativeMethodAccessorImpl.invoke(NativeMethodAccessorImpl.java:77) ~[na:na]
	at java.base/jdk.internal.reflect.DelegatingMethodAccessorImpl.invoke(DelegatingMethodAccessorImpl.java:43) ~[na:na]
	at java.base/java.lang.reflect.Method.invoke(Method.java:569) ~[na:na]
	at org.springframework.web.method.support.InvocableHandlerMethod.doInvoke(InvocableHandlerMethod.java:205) ~[spring-web-5.3.27.jar:5.3.27]
	at org.springframework.web.method.support.InvocableHandlerMethod.invokeForRequest(InvocableHandlerMethod.java:150) ~[spring-web-5.3.27.jar:5.3.27]
	at org.springframework.web.servlet.mvc.method.annotation.ServletInvocableHandlerMethod.invokeAndHandle(ServletInvocableHandlerMethod.java:117) ~[spring-webmvc-5.3.27.jar:5.3.27]
	at org.springframework.web.servlet.mvc.method.annotation.RequestMappingHandlerAdapter.invokeHandlerMethod(RequestMappingHandlerAdapter.java:895) ~[spring-webmvc-5.3.27.jar:5.3.27]
	at org.springframework.web.servlet.mvc.method.annotation.RequestMappingHandlerAdapter.handleInternal(RequestMappingHandlerAdapter.java:808) ~[spring-webmvc-5.3.27.jar:5.3.27]
	at org.springframework.web.servlet.mvc.method.AbstractHandlerMethodAdapter.handle(AbstractHandlerMethodAdapter.java:87) ~[spring-webmvc-5.3.27.jar:5.3.27]
	at org.springframework.web.servlet.DispatcherServlet.doDispatch(DispatcherServlet.java:1072) ~[spring-webmvc-5.3.27.jar:5.3.27]
	at org.springframework.web.servlet.DispatcherServlet.doService(DispatcherServlet.java:965) ~[spring-webmvc-5.3.27.jar:5.3.27]
	at org.springframework.web.servlet.FrameworkServlet.processRequest(FrameworkServlet.java:1006) ~[spring-webmvc-5.3.27.jar:5.3.27]
	at org.springframework.web.servlet.FrameworkServlet.doPost(FrameworkServlet.java:909) ~[spring-webmvc-5.3.27.jar:5.3.27]
	at javax.servlet.http.HttpServlet.service(HttpServlet.java:555) ~[tomcat-embed-core-9.0.75.jar:4.0.FR]
	at org.springframework.web.servlet.FrameworkServlet.service(FrameworkServlet.java:883) ~[spring-webmvc-5.3.27.jar:5.3.27]
	at javax.servlet.http.HttpServlet.service(HttpServlet.java:623) ~[tomcat-embed-core-9.0.75.jar:4.0.FR]
	at org.apache.catalina.core.ApplicationFilterChain.internalDoFilter(ApplicationFilterChain.java:209) ~[tomcat-embed-core-9.0.75.jar:9.0.75]
	at org.apache.catalina.core.ApplicationFilterChain.doFilter(ApplicationFilterChain.java:153) ~[tomcat-embed-core-9.0.75.jar:9.0.75]
	at org.apache.tomcat.websocket.server.WsFilter.doFilter(WsFilter.java:51) ~[tomcat-embed-websocket-9.0.75.jar:9.0.75]
	at org.apache.catalina.core.ApplicationFilterChain.internalDoFilter(ApplicationFilterChain.java:178) ~[tomcat-embed-core-9.0.75.jar:9.0.75]
	at org.apache.catalina.core.ApplicationFilterChain.doFilter(ApplicationFilterChain.java:153) ~[tomcat-embed-core-9.0.75.jar:9.0.75]
	at org.springframework.web.filter.RequestContextFilter.doFilterInternal(RequestContextFilter.java:100) ~[spring-web-5.3.27.jar:5.3.27]
	at org.springframework.web.filter.OncePerRequestFilter.doFilter(OncePerRequestFilter.java:117) ~[spring-web-5.3.27.jar:5.3.27]
	at org.apache.catalina.core.ApplicationFilterChain.internalDoFilter(ApplicationFilterChain.java:178) ~[tomcat-embed-core-9.0.75.jar:9.0.75]
	at org.apache.catalina.core.ApplicationFilterChain.doFilter(ApplicationFilterChain.java:153) ~[tomcat-embed-core-9.0.75.jar:9.0.75]
	at org.springframework.web.filter.FormContentFilter.doFilterInternal(FormContentFilter.java:93) ~[spring-web-5.3.27.jar:5.3.27]
	at org.springframework.web.filter.OncePerRequestFilter.doFilter(OncePerRequestFilter.java:117) ~[spring-web-5.3.27.jar:5.3.27]
	at org.apache.catalina.core.ApplicationFilterChain.internalDoFilter(ApplicationFilterChain.java:178) ~[tomcat-embed-core-9.0.75.jar:9.0.75]
	at org.apache.catalina.core.ApplicationFilterChain.doFilter(ApplicationFilterChain.java:153) ~[tomcat-embed-core-9.0.75.jar:9.0.75]
	at org.springframework.web.filter.CharacterEncodingFilter.doFilterInternal(CharacterEncodingFilter.java:201) ~[spring-web-5.3.27.jar:5.3.27]
	at org.springframework.web.filter.OncePerRequestFilter.doFilter(OncePerRequestFilter.java:117) ~[spring-web-5.3.27.jar:5.3.27]
	at org.apache.catalina.core.ApplicationFilterChain.internalDoFilter(ApplicationFilterChain.java:178) ~[tomcat-embed-core-9.0.75.jar:9.0.75]
	at org.apache.catalina.core.ApplicationFilterChain.doFilter(ApplicationFilterChain.java:153) ~[tomcat-embed-core-9.0.75.jar:9.0.75]
	at org.apache.catalina.core.StandardWrapperValve.invoke(StandardWrapperValve.java:167) ~[tomcat-embed-core-9.0.75.jar:9.0.75]
	at org.apache.catalina.core.StandardContextValve.invoke(StandardContextValve.java:90) ~[tomcat-embed-core-9.0.75.jar:9.0.75]
	at org.apache.catalina.authenticator.AuthenticatorBase.invoke(AuthenticatorBase.java:481) ~[tomcat-embed-core-9.0.75.jar:9.0.75]
	at org.apache.catalina.core.StandardHostValve.invoke(StandardHostValve.java:130) ~[tomcat-embed-core-9.0.75.jar:9.0.75]
	at org.apache.catalina.valves.ErrorReportValve.invoke(ErrorReportValve.java:93) ~[tomcat-embed-core-9.0.75.jar:9.0.75]
	at org.apache.catalina.core.StandardEngineValve.invoke(StandardEngineValve.java:74) ~[tomcat-embed-core-9.0.75.jar:9.0.75]
	at org.apache.catalina.connector.CoyoteAdapter.service(CoyoteAdapter.java:343) ~[tomcat-embed-core-9.0.75.jar:9.0.75]
	at org.apache.coyote.http11.Http11Processor.service(Http11Processor.java:390) ~[tomcat-embed-core-9.0.75.jar:9.0.75]
	at org.apache.coyote.AbstractProcessorLight.process(AbstractProcessorLight.java:63) ~[tomcat-embed-core-9.0.75.jar:9.0.75]
	at org.apache.coyote.AbstractProtocol$ConnectionHandler.process(AbstractProtocol.java:926) ~[tomcat-embed-core-9.0.75.jar:9.0.75]
	at org.apache.tomcat.util.net.NioEndpoint$SocketProcessor.doRun(NioEndpoint.java:1791) ~[tomcat-embed-core-9.0.75.jar:9.0.75]
	at org.apache.tomcat.util.net.SocketProcessorBase.run(SocketProcessorBase.java:52) ~[tomcat-embed-core-9.0.75.jar:9.0.75]
	at org.apache.tomcat.util.threads.ThreadPoolExecutor.runWorker(ThreadPoolExecutor.java:1191) ~[tomcat-embed-core-9.0.75.jar:9.0.75]
	at org.apache.tomcat.util.threads.ThreadPoolExecutor$Worker.run(ThreadPoolExecutor.java:659) ~[tomcat-embed-core-9.0.75.jar:9.0.75]
	at org.apache.tomcat.util.threads.TaskThread$WrappingRunnable.run(TaskThread.java:61) ~[tomcat-embed-core-9.0.75.jar:9.0.75]
	at java.base/java.lang.Thread.run(Thread.java:840) ~[na:na]

10:29:30:336  INFO 25396 --- [nacos-grpc-client-executor-84] com.alibaba.nacos.common.remote.client   : [a7f3976d-4d74-4903-b42f-81b5e1597caf] Receive server push request, request = NotifySubscriberRequest, requestId = 43
10:29:30:337  INFO 25396 --- [nacos-grpc-client-executor-84] com.alibaba.nacos.common.remote.client   : [a7f3976d-4d74-4903-b42f-81b5e1597caf] Ack server push request, request = NotifySubscriberRequest, requestId = 43
10:29:41:551  INFO 25396 --- [nacos-grpc-client-executor-88] com.alibaba.nacos.common.remote.client   : [a7f3976d-4d74-4903-b42f-81b5e1597caf] Receive server push request, request = NotifySubscriberRequest, requestId = 44
10:29:41:551  INFO 25396 --- [nacos-grpc-client-executor-88] com.alibaba.nacos.common.remote.client   : [a7f3976d-4d74-4903-b42f-81b5e1597caf] Ack server push request, request = NotifySubscriberRequest, requestId = 44
10:34:07:213  WARN 25396 --- [Thread-5] c.a.nacos.common.notify.NotifyCenter     : [NotifyCenter] Start destroying Publisher
10:34:07:213  WARN 25396 --- [Thread-5] c.a.nacos.common.notify.NotifyCenter     : [NotifyCenter] Destruction of the end
10:34:07:213  WARN 25396 --- [Thread-1] c.a.n.common.http.HttpClientBeanHolder   : [HttpClientBeanHolder] Start destroying common HttpClient
10:34:07:216  WARN 25396 --- [Thread-1] c.a.n.common.http.HttpClientBeanHolder   : [HttpClientBeanHolder] Destruction of the end
10:34:07:293  INFO 25396 --- [SpringApplicationShutdownHook] c.a.c.n.registry.NacosServiceRegistry    : De-registering from Nacos Server now...
10:34:07:304  INFO 25396 --- [SpringApplicationShutdownHook] c.a.c.n.registry.NacosServiceRegistry    : De-registration finished.
10:34:07:639  INFO 25396 --- [SpringApplicationShutdownHook] com.alibaba.nacos.common.remote.client   : Shutdown rpc client, set status to shutdown
10:34:07:640  INFO 25396 --- [SpringApplicationShutdownHook] com.alibaba.nacos.common.remote.client   : Shutdown client event executor java.util.concurrent.ScheduledThreadPoolExecutor@7cd03dba[Running, pool size = 2, active threads = 2, queued tasks = 0, completed tasks = 0]
10:34:07:641  INFO 25396 --- [SpringApplicationShutdownHook] com.alibaba.nacos.common.remote.client   : Close current connection 1781052983424_192.168.174.1_52898
10:34:07:651  INFO 25396 --- [SpringApplicationShutdownHook] c.a.n.c.remote.client.grpc.GrpcClient    : Shutdown grpc executor java.util.concurrent.ThreadPoolExecutor@649b940e[Running, pool size = 5, active threads = 1, queued tasks = 0, completed tasks = 146]
10:34:07:658  INFO 25396 --- [nacos-grpc-client-executor-146] c.a.n.c.remote.client.grpc.GrpcClient    : [1781052983424_192.168.174.1_52898]Ignore complete event,isRunning:false,isAbandon=false
10:34:07:660  INFO 25396 --- [SpringApplicationShutdownHook] com.zaxxer.hikari.HikariDataSource       : HikariPool-1 - Shutdown initiated...
10:34:07:699  INFO 25396 --- [SpringApplicationShutdownHook] com.zaxxer.hikari.HikariDataSource       : HikariPool-1 - Shutdown completed.
