09:41:51:862  INFO 10836 --- [main] c.j.cartservice.CartServiceApplication   : Starting CartServiceApplication using Java 17.0.18 on 30308-81 with PID 10836 (C:\Users\3030881\Desktop\projects\hmall\cart-service\target\classes started by 3030881 in C:\Users\3030881\Desktop\projects\hmall)
09:41:51:871  INFO 10836 --- [main] c.j.cartservice.CartServiceApplication   : The following 1 profile is active: "local"
09:41:53:129  INFO 10836 --- [main] .s.d.r.c.RepositoryConfigurationDelegate : Multiple Spring Data modules found, entering strict repository configuration mode
09:41:53:131  INFO 10836 --- [main] .s.d.r.c.RepositoryConfigurationDelegate : Bootstrapping Spring Data Redis repositories in DEFAULT mode.
09:41:53:149  INFO 10836 --- [main] .s.d.r.c.RepositoryConfigurationDelegate : Finished Spring Data repository scanning in 7 ms. Found 0 Redis repository interfaces.
09:41:53:461  INFO 10836 --- [main] o.s.cloud.context.scope.GenericScope     : BeanFactory id=e37a19ad-1afc-3ac2-8111-aaf5ac651a5f
09:41:54:541  INFO 10836 --- [main] o.s.b.w.embedded.tomcat.TomcatWebServer  : Tomcat initialized with port(s): 8071 (http)
09:41:54:581  INFO 10836 --- [main] o.apache.catalina.core.StandardService   : Starting service [Tomcat]
09:41:54:582  INFO 10836 --- [main] org.apache.catalina.core.StandardEngine  : Starting Servlet engine: [Apache Tomcat/9.0.75]
09:41:55:064  INFO 10836 --- [main] o.a.c.c.C.[Tomcat].[localhost].[/]       : Initializing Spring embedded WebApplicationContext
09:41:55:065  INFO 10836 --- [main] w.s.c.ServletWebServerApplicationContext : Root WebApplicationContext: initialization completed in 3100 ms
09:41:55:656  INFO 10836 --- [main] o.s.c.openfeign.FeignClientFactoryBean   : For 'item-service' URL not provided. Will try picking an instance via load-balancing.
09:41:59:360  INFO 10836 --- [main] o.s.cloud.commons.util.InetUtils         : Cannot determine local hostname
09:41:59:524  INFO 10836 --- [main] pertySourcedRequestMappingHandlerMapping : Mapped URL path [/v2/api-docs] onto method [springfox.documentation.swagger2.web.Swagger2ControllerWebMvc#getDocumentation(String, HttpServletRequest)]
09:42:02:612  INFO 10836 --- [main] o.s.cloud.commons.util.InetUtils         : Cannot determine local hostname
09:42:03:034  INFO 10836 --- [main] com.alibaba.nacos.common.remote.client   : [RpcClientFactory] create a new rpc client of ec66ff64-4092-491f-bd99-208e5ca0a83d
09:42:03:261  INFO 10836 --- [main] org.reflections.Reflections              : Reflections took 97 ms to scan 1 urls, producing 3 keys and 6 values 
09:42:03:365  INFO 10836 --- [main] org.reflections.Reflections              : Reflections took 25 ms to scan 1 urls, producing 4 keys and 9 values 
09:42:03:396  INFO 10836 --- [main] org.reflections.Reflections              : Reflections took 20 ms to scan 1 urls, producing 3 keys and 10 values 
09:42:03:408  WARN 10836 --- [main] org.reflections.Reflections              : given scan urls are empty. set urls in the configuration
09:42:03:452  INFO 10836 --- [main] org.reflections.Reflections              : Reflections took 30 ms to scan 1 urls, producing 1 keys and 5 values 
09:42:03:494  INFO 10836 --- [main] org.reflections.Reflections              : Reflections took 32 ms to scan 1 urls, producing 1 keys and 7 values 
09:42:03:530  INFO 10836 --- [main] org.reflections.Reflections              : Reflections took 25 ms to scan 1 urls, producing 2 keys and 8 values 
09:42:03:538  WARN 10836 --- [main] org.reflections.Reflections              : given scan urls are empty. set urls in the configuration
09:42:03:540  INFO 10836 --- [main] com.alibaba.nacos.common.remote.client   : [ec66ff64-4092-491f-bd99-208e5ca0a83d] RpcClient init label, labels = {module=naming, source=sdk}
09:42:03:546  INFO 10836 --- [main] com.alibaba.nacos.common.remote.client   : [ec66ff64-4092-491f-bd99-208e5ca0a83d] RpcClient init, ServerListFactory = com.alibaba.nacos.client.naming.core.ServerListManager
09:42:03:546  INFO 10836 --- [main] com.alibaba.nacos.common.remote.client   : [ec66ff64-4092-491f-bd99-208e5ca0a83d] Registry connection listener to current client:com.alibaba.nacos.client.naming.remote.gprc.redo.NamingGrpcRedoService
09:42:03:549  INFO 10836 --- [main] com.alibaba.nacos.common.remote.client   : [ec66ff64-4092-491f-bd99-208e5ca0a83d] Register server push request handler:com.alibaba.nacos.client.naming.remote.gprc.NamingPushRequestHandler
09:42:03:554  INFO 10836 --- [main] com.alibaba.nacos.common.remote.client   : [ec66ff64-4092-491f-bd99-208e5ca0a83d] Try to connect to server on start up, server: {serverIp = '192.168.174.128', server main port = 8848}
09:42:06:176  INFO 10836 --- [main] com.alibaba.nacos.common.remote.client   : [ec66ff64-4092-491f-bd99-208e5ca0a83d] Success to connect to server [192.168.174.128:8848] on start up, connectionId = 1780533725838_192.168.174.1_63519
09:42:06:177  INFO 10836 --- [com.alibaba.nacos.client.remote.worker] com.alibaba.nacos.common.remote.client   : [ec66ff64-4092-491f-bd99-208e5ca0a83d] Notify connected event to listeners.
09:42:06:179  INFO 10836 --- [main] com.alibaba.nacos.common.remote.client   : [ec66ff64-4092-491f-bd99-208e5ca0a83d] Register server push request handler:com.alibaba.nacos.common.remote.client.RpcClient$ConnectResetRequestHandler
09:42:06:179  INFO 10836 --- [main] com.alibaba.nacos.common.remote.client   : [ec66ff64-4092-491f-bd99-208e5ca0a83d] Register server push request handler:com.alibaba.nacos.common.remote.client.RpcClient$$Lambda$1134/0x000001db01889cc8
09:42:06:306  INFO 10836 --- [main] o.s.b.w.embedded.tomcat.TomcatWebServer  : Tomcat started on port(s): 8071 (http) with context path ''
09:42:06:351  INFO 10836 --- [main] c.a.c.n.registry.NacosServiceRegistry    : nacos registry, DEFAULT_GROUP cart-service 192.168.161.1:8071 register finished
09:42:06:765  INFO 10836 --- [nacos-grpc-client-executor-10] com.alibaba.nacos.common.remote.client   : [ec66ff64-4092-491f-bd99-208e5ca0a83d] Receive server push request, request = NotifySubscriberRequest, requestId = 2
09:42:06:772  INFO 10836 --- [nacos-grpc-client-executor-10] com.alibaba.nacos.common.remote.client   : [ec66ff64-4092-491f-bd99-208e5ca0a83d] Ack server push request, request = NotifySubscriberRequest, requestId = 2
09:42:07:655  INFO 10836 --- [main] o.s.cloud.commons.util.InetUtils         : Cannot determine local hostname
09:42:07:656  INFO 10836 --- [main] d.s.w.p.DocumentationPluginsBootstrapper : Documentation plugins bootstrapped
09:42:07:664  INFO 10836 --- [main] d.s.w.p.DocumentationPluginsBootstrapper : Found 1 custom documentation plugin(s)
09:42:07:714  INFO 10836 --- [main] s.d.s.w.s.ApiListingReferenceScanner     : Scanning for api listing references
09:42:08:026  INFO 10836 --- [main] .d.s.w.r.o.CachingOperationNameGenerator : Generating unique operation named: openapiJsonUsingGET_1
09:42:08:063  INFO 10836 --- [main] c.j.cartservice.CartServiceApplication   : Started CartServiceApplication in 18.292 seconds (JVM running for 18.869)
13:30:50:219  INFO 10836 --- [nacos-grpc-client-executor-2378] com.alibaba.nacos.common.remote.client   : [ec66ff64-4092-491f-bd99-208e5ca0a83d] Receive server push request, request = ClientDetectionRequest, requestId = 22
13:30:50:246  INFO 10836 --- [nacos-grpc-client-executor-2378] com.alibaba.nacos.common.remote.client   : [ec66ff64-4092-491f-bd99-208e5ca0a83d] Ack server push request, request = ClientDetectionRequest, requestId = 22
14:13:04:738  WARN 10836 --- [Thread-4] c.a.nacos.common.notify.NotifyCenter     : [NotifyCenter] Start destroying Publisher
14:13:04:739  WARN 10836 --- [Thread-7] c.a.n.common.http.HttpClientBeanHolder   : [HttpClientBeanHolder] Start destroying common HttpClient
14:13:04:742  WARN 10836 --- [Thread-4] c.a.nacos.common.notify.NotifyCenter     : [NotifyCenter] Destruction of the end
14:13:04:749  WARN 10836 --- [Thread-7] c.a.n.common.http.HttpClientBeanHolder   : [HttpClientBeanHolder] Destruction of the end
14:13:04:971  INFO 10836 --- [SpringApplicationShutdownHook] c.a.c.n.registry.NacosServiceRegistry    : De-registering from Nacos Server now...
14:13:04:977  INFO 10836 --- [SpringApplicationShutdownHook] c.a.c.n.registry.NacosServiceRegistry    : De-registration finished.
14:13:05:304  INFO 10836 --- [SpringApplicationShutdownHook] com.alibaba.nacos.common.remote.client   : Shutdown rpc client, set status to shutdown
14:13:05:304  INFO 10836 --- [SpringApplicationShutdownHook] com.alibaba.nacos.common.remote.client   : Shutdown client event executor java.util.concurrent.ScheduledThreadPoolExecutor@4eb03252[Running, pool size = 2, active threads = 2, queued tasks = 0, completed tasks = 0]
14:13:05:305  INFO 10836 --- [SpringApplicationShutdownHook] com.alibaba.nacos.common.remote.client   : Close current connection 1780533725838_192.168.174.1_63519
14:13:05:307  INFO 10836 --- [nacos-grpc-client-executor-2898] c.a.n.c.remote.client.grpc.GrpcClient    : [1780533725838_192.168.174.1_63519]Ignore complete event,isRunning:false,isAbandon=false
14:13:05:309  INFO 10836 --- [SpringApplicationShutdownHook] c.a.n.c.remote.client.grpc.GrpcClient    : Shutdown grpc executor java.util.concurrent.ThreadPoolExecutor@53deab54[Running, pool size = 6, active threads = 0, queued tasks = 0, completed tasks = 2899]
14:13:18:195  INFO 29780 --- [main] c.j.cartservice.CartServiceApplication   : Starting CartServiceApplication using Java 17.0.18 on 30308-81 with PID 29780 (C:\Users\3030881\Desktop\projects\hmall\cart-service\target\classes started by 3030881 in C:\Users\3030881\Desktop\projects\hmall)
14:13:18:197  INFO 29780 --- [main] c.j.cartservice.CartServiceApplication   : The following 1 profile is active: "local"
14:13:19:098  INFO 29780 --- [main] .s.d.r.c.RepositoryConfigurationDelegate : Multiple Spring Data modules found, entering strict repository configuration mode
14:13:19:100  INFO 29780 --- [main] .s.d.r.c.RepositoryConfigurationDelegate : Bootstrapping Spring Data Redis repositories in DEFAULT mode.
14:13:19:124  INFO 29780 --- [main] .s.d.r.c.RepositoryConfigurationDelegate : Finished Spring Data repository scanning in 8 ms. Found 0 Redis repository interfaces.
14:13:19:453  INFO 29780 --- [main] o.s.cloud.context.scope.GenericScope     : BeanFactory id=e37a19ad-1afc-3ac2-8111-aaf5ac651a5f
14:13:20:057  INFO 29780 --- [main] o.s.b.w.embedded.tomcat.TomcatWebServer  : Tomcat initialized with port(s): 8071 (http)
14:13:20:072  INFO 29780 --- [main] o.apache.catalina.core.StandardService   : Starting service [Tomcat]
14:13:20:072  INFO 29780 --- [main] org.apache.catalina.core.StandardEngine  : Starting Servlet engine: [Apache Tomcat/9.0.75]
14:13:20:312  INFO 29780 --- [main] o.a.c.c.C.[Tomcat].[localhost].[/]       : Initializing Spring embedded WebApplicationContext
14:13:20:313  INFO 29780 --- [main] w.s.c.ServletWebServerApplicationContext : Root WebApplicationContext: initialization completed in 2071 ms
14:13:20:724  INFO 29780 --- [main] o.s.c.openfeign.FeignClientFactoryBean   : For 'item-service' URL not provided. Will try picking an instance via load-balancing.
14:13:23:432  INFO 29780 --- [main] o.s.cloud.commons.util.InetUtils         : Cannot determine local hostname
14:13:23:468  INFO 29780 --- [main] pertySourcedRequestMappingHandlerMapping : Mapped URL path [/v2/api-docs] onto method [springfox.documentation.swagger2.web.Swagger2ControllerWebMvc#getDocumentation(String, HttpServletRequest)]
14:13:24:988  INFO 29780 --- [main] o.s.cloud.commons.util.InetUtils         : Cannot determine local hostname
14:13:25:099  INFO 29780 --- [main] com.alibaba.nacos.common.remote.client   : [RpcClientFactory] create a new rpc client of 5ad0f270-953c-4882-bd60-09fa8971867d
14:13:25:146  INFO 29780 --- [main] org.reflections.Reflections              : Reflections took 19 ms to scan 1 urls, producing 3 keys and 6 values 
14:13:25:168  INFO 29780 --- [main] org.reflections.Reflections              : Reflections took 10 ms to scan 1 urls, producing 4 keys and 9 values 
14:13:25:176  INFO 29780 --- [main] org.reflections.Reflections              : Reflections took 5 ms to scan 1 urls, producing 3 keys and 10 values 
14:13:25:178  WARN 29780 --- [main] org.reflections.Reflections              : given scan urls are empty. set urls in the configuration
14:13:25:185  INFO 29780 --- [main] org.reflections.Reflections              : Reflections took 6 ms to scan 1 urls, producing 1 keys and 5 values 
14:13:25:193  INFO 29780 --- [main] org.reflections.Reflections              : Reflections took 7 ms to scan 1 urls, producing 1 keys and 7 values 
14:13:25:202  INFO 29780 --- [main] org.reflections.Reflections              : Reflections took 6 ms to scan 1 urls, producing 2 keys and 8 values 
14:13:25:204  WARN 29780 --- [main] org.reflections.Reflections              : given scan urls are empty. set urls in the configuration
14:13:25:204  INFO 29780 --- [main] com.alibaba.nacos.common.remote.client   : [5ad0f270-953c-4882-bd60-09fa8971867d] RpcClient init label, labels = {module=naming, source=sdk}
14:13:25:206  INFO 29780 --- [main] com.alibaba.nacos.common.remote.client   : [5ad0f270-953c-4882-bd60-09fa8971867d] RpcClient init, ServerListFactory = com.alibaba.nacos.client.naming.core.ServerListManager
14:13:25:206  INFO 29780 --- [main] com.alibaba.nacos.common.remote.client   : [5ad0f270-953c-4882-bd60-09fa8971867d] Registry connection listener to current client:com.alibaba.nacos.client.naming.remote.gprc.redo.NamingGrpcRedoService
14:13:25:206  INFO 29780 --- [main] com.alibaba.nacos.common.remote.client   : [5ad0f270-953c-4882-bd60-09fa8971867d] Register server push request handler:com.alibaba.nacos.client.naming.remote.gprc.NamingPushRequestHandler
14:13:25:208  INFO 29780 --- [main] com.alibaba.nacos.common.remote.client   : [5ad0f270-953c-4882-bd60-09fa8971867d] Try to connect to server on start up, server: {serverIp = '192.168.174.128', server main port = 8848}
14:13:26:021  INFO 29780 --- [main] com.alibaba.nacos.common.remote.client   : [5ad0f270-953c-4882-bd60-09fa8971867d] Success to connect to server [192.168.174.128:8848] on start up, connectionId = 1780548376578_192.168.174.1_62161
14:13:26:022  INFO 29780 --- [com.alibaba.nacos.client.remote.worker] com.alibaba.nacos.common.remote.client   : [5ad0f270-953c-4882-bd60-09fa8971867d] Notify connected event to listeners.
14:13:26:022  INFO 29780 --- [main] com.alibaba.nacos.common.remote.client   : [5ad0f270-953c-4882-bd60-09fa8971867d] Register server push request handler:com.alibaba.nacos.common.remote.client.RpcClient$ConnectResetRequestHandler
14:13:26:022  INFO 29780 --- [main] com.alibaba.nacos.common.remote.client   : [5ad0f270-953c-4882-bd60-09fa8971867d] Register server push request handler:com.alibaba.nacos.common.remote.client.RpcClient$$Lambda$1133/0x000002a101889448
14:13:26:076  INFO 29780 --- [main] o.s.b.w.embedded.tomcat.TomcatWebServer  : Tomcat started on port(s): 8071 (http) with context path ''
14:13:26:086  INFO 29780 --- [main] c.a.c.n.registry.NacosServiceRegistry    : nacos registry, DEFAULT_GROUP cart-service 192.168.161.1:8071 register finished
14:13:26:518  INFO 29780 --- [nacos-grpc-client-executor-8] com.alibaba.nacos.common.remote.client   : [5ad0f270-953c-4882-bd60-09fa8971867d] Receive server push request, request = NotifySubscriberRequest, requestId = 32
14:13:26:522  INFO 29780 --- [nacos-grpc-client-executor-8] com.alibaba.nacos.common.remote.client   : [5ad0f270-953c-4882-bd60-09fa8971867d] Ack server push request, request = NotifySubscriberRequest, requestId = 32
14:13:27:192  INFO 29780 --- [main] o.s.cloud.commons.util.InetUtils         : Cannot determine local hostname
14:13:27:195  INFO 29780 --- [main] d.s.w.p.DocumentationPluginsBootstrapper : Documentation plugins bootstrapped
14:13:27:200  INFO 29780 --- [main] d.s.w.p.DocumentationPluginsBootstrapper : Found 1 custom documentation plugin(s)
14:13:27:224  INFO 29780 --- [main] s.d.s.w.s.ApiListingReferenceScanner     : Scanning for api listing references
14:13:27:331  INFO 29780 --- [main] .d.s.w.r.o.CachingOperationNameGenerator : Generating unique operation named: openapiJsonUsingGET_1
14:13:27:344  INFO 29780 --- [main] c.j.cartservice.CartServiceApplication   : Started CartServiceApplication in 10.809 seconds (JVM running for 11.38)
14:14:21:639  INFO 29780 --- [http-nio-8071-exec-2] o.a.c.c.C.[Tomcat].[localhost].[/]       : Initializing Spring DispatcherServlet 'dispatcherServlet'
14:14:21:639  INFO 29780 --- [http-nio-8071-exec-2] o.s.web.servlet.DispatcherServlet        : Initializing Servlet 'dispatcherServlet'
14:14:21:641  INFO 29780 --- [http-nio-8071-exec-2] o.s.web.servlet.DispatcherServlet        : Completed initialization in 2 ms
14:14:21:791  INFO 29780 --- [http-nio-8071-exec-2] com.zaxxer.hikari.HikariDataSource       : HikariPool-1 - Starting...
14:14:22:067  INFO 29780 --- [http-nio-8071-exec-2] com.zaxxer.hikari.HikariDataSource       : HikariPool-1 - Start completed.
14:14:22:762  INFO 29780 --- [nacos-grpc-client-executor-22] com.alibaba.nacos.common.remote.client   : [5ad0f270-953c-4882-bd60-09fa8971867d] Receive server push request, request = NotifySubscriberRequest, requestId = 35
14:14:22:763  INFO 29780 --- [nacos-grpc-client-executor-22] com.alibaba.nacos.common.remote.client   : [5ad0f270-953c-4882-bd60-09fa8971867d] Ack server push request, request = NotifySubscriberRequest, requestId = 35
15:26:13:489  WARN 29780 --- [Thread-7] c.a.n.common.http.HttpClientBeanHolder   : [HttpClientBeanHolder] Start destroying common HttpClient
15:26:13:489  WARN 29780 --- [Thread-4] c.a.nacos.common.notify.NotifyCenter     : [NotifyCenter] Start destroying Publisher
15:26:13:492  WARN 29780 --- [Thread-4] c.a.nacos.common.notify.NotifyCenter     : [NotifyCenter] Destruction of the end
15:26:13:494  WARN 29780 --- [Thread-7] c.a.n.common.http.HttpClientBeanHolder   : [HttpClientBeanHolder] Destruction of the end
15:26:13:579  INFO 29780 --- [SpringApplicationShutdownHook] c.a.c.n.registry.NacosServiceRegistry    : De-registering from Nacos Server now...
15:26:13:582  INFO 29780 --- [SpringApplicationShutdownHook] c.a.c.n.registry.NacosServiceRegistry    : De-registration finished.
15:26:13:908  INFO 29780 --- [SpringApplicationShutdownHook] com.alibaba.nacos.common.remote.client   : Shutdown rpc client, set status to shutdown
15:26:13:909  INFO 29780 --- [SpringApplicationShutdownHook] com.alibaba.nacos.common.remote.client   : Shutdown client event executor java.util.concurrent.ScheduledThreadPoolExecutor@475a97d4[Running, pool size = 2, active threads = 2, queued tasks = 0, completed tasks = 0]
15:26:13:909  INFO 29780 --- [SpringApplicationShutdownHook] com.alibaba.nacos.common.remote.client   : Close current connection 1780548376578_192.168.174.1_62161
15:26:13:916  INFO 29780 --- [nacos-grpc-client-executor-909] c.a.n.c.remote.client.grpc.GrpcClient    : [1780548376578_192.168.174.1_62161]Ignore complete event,isRunning:false,isAbandon=false
15:26:13:921  INFO 29780 --- [SpringApplicationShutdownHook] c.a.n.c.remote.client.grpc.GrpcClient    : Shutdown grpc executor java.util.concurrent.ThreadPoolExecutor@332f3a05[Running, pool size = 5, active threads = 0, queued tasks = 0, completed tasks = 910]
15:26:13:930  INFO 29780 --- [SpringApplicationShutdownHook] com.zaxxer.hikari.HikariDataSource       : HikariPool-1 - Shutdown initiated...
15:26:13:955  INFO 29780 --- [SpringApplicationShutdownHook] com.zaxxer.hikari.HikariDataSource       : HikariPool-1 - Shutdown completed.
15:26:20:655  INFO 16436 --- [main] c.j.cartservice.CartServiceApplication   : Starting CartServiceApplication using Java 17.0.18 on 30308-81 with PID 16436 (C:\Users\3030881\Desktop\projects\hmall\cart-service\target\classes started by 3030881 in C:\Users\3030881\Desktop\projects\hmall)
15:26:20:658  INFO 16436 --- [main] c.j.cartservice.CartServiceApplication   : The following 1 profile is active: "local"
15:26:21:684  INFO 16436 --- [main] .s.d.r.c.RepositoryConfigurationDelegate : Multiple Spring Data modules found, entering strict repository configuration mode
15:26:21:689  INFO 16436 --- [main] .s.d.r.c.RepositoryConfigurationDelegate : Bootstrapping Spring Data Redis repositories in DEFAULT mode.
15:26:21:720  INFO 16436 --- [main] .s.d.r.c.RepositoryConfigurationDelegate : Finished Spring Data repository scanning in 11 ms. Found 0 Redis repository interfaces.
15:26:22:071  INFO 16436 --- [main] o.s.cloud.context.scope.GenericScope     : BeanFactory id=3ec795fe-370d-367c-9ef0-d41e935091b8
15:26:22:716  INFO 16436 --- [main] o.s.b.w.embedded.tomcat.TomcatWebServer  : Tomcat initialized with port(s): 8071 (http)
15:26:22:725  INFO 16436 --- [main] o.apache.catalina.core.StandardService   : Starting service [Tomcat]
15:26:22:726  INFO 16436 --- [main] org.apache.catalina.core.StandardEngine  : Starting Servlet engine: [Apache Tomcat/9.0.75]
15:26:22:974  INFO 16436 --- [main] o.a.c.c.C.[Tomcat].[localhost].[/]       : Initializing Spring embedded WebApplicationContext
15:26:22:974  INFO 16436 --- [main] w.s.c.ServletWebServerApplicationContext : Root WebApplicationContext: initialization completed in 2272 ms
15:26:23:270  INFO 16436 --- [main] o.s.c.openfeign.FeignClientFactoryBean   : For 'item-service' URL not provided. Will try picking an instance via load-balancing.
15:26:25:373  INFO 16436 --- [main] o.s.cloud.commons.util.InetUtils         : Cannot determine local hostname
15:26:25:410  INFO 16436 --- [main] pertySourcedRequestMappingHandlerMapping : Mapped URL path [/v2/api-docs] onto method [springfox.documentation.swagger2.web.Swagger2ControllerWebMvc#getDocumentation(String, HttpServletRequest)]
15:26:27:023  INFO 16436 --- [main] o.s.cloud.commons.util.InetUtils         : Cannot determine local hostname
15:26:27:155  INFO 16436 --- [main] com.alibaba.nacos.common.remote.client   : [RpcClientFactory] create a new rpc client of 90b7ae89-1079-461c-93f6-d3168ba3d9fa
15:26:27:202  INFO 16436 --- [main] org.reflections.Reflections              : Reflections took 20 ms to scan 1 urls, producing 3 keys and 6 values 
15:26:27:235  INFO 16436 --- [main] org.reflections.Reflections              : Reflections took 14 ms to scan 1 urls, producing 4 keys and 9 values 
15:26:27:249  INFO 16436 --- [main] org.reflections.Reflections              : Reflections took 9 ms to scan 1 urls, producing 3 keys and 10 values 
15:26:27:252  WARN 16436 --- [main] org.reflections.Reflections              : given scan urls are empty. set urls in the configuration
15:26:27:258  INFO 16436 --- [main] org.reflections.Reflections              : Reflections took 5 ms to scan 1 urls, producing 1 keys and 5 values 
15:26:27:271  INFO 16436 --- [main] org.reflections.Reflections              : Reflections took 9 ms to scan 1 urls, producing 1 keys and 7 values 
15:26:27:282  INFO 16436 --- [main] org.reflections.Reflections              : Reflections took 8 ms to scan 1 urls, producing 2 keys and 8 values 
15:26:27:283  WARN 16436 --- [main] org.reflections.Reflections              : given scan urls are empty. set urls in the configuration
15:26:27:284  INFO 16436 --- [main] com.alibaba.nacos.common.remote.client   : [90b7ae89-1079-461c-93f6-d3168ba3d9fa] RpcClient init label, labels = {module=naming, source=sdk}
15:26:27:286  INFO 16436 --- [main] com.alibaba.nacos.common.remote.client   : [90b7ae89-1079-461c-93f6-d3168ba3d9fa] RpcClient init, ServerListFactory = com.alibaba.nacos.client.naming.core.ServerListManager
15:26:27:286  INFO 16436 --- [main] com.alibaba.nacos.common.remote.client   : [90b7ae89-1079-461c-93f6-d3168ba3d9fa] Registry connection listener to current client:com.alibaba.nacos.client.naming.remote.gprc.redo.NamingGrpcRedoService
15:26:27:286  INFO 16436 --- [main] com.alibaba.nacos.common.remote.client   : [90b7ae89-1079-461c-93f6-d3168ba3d9fa] Register server push request handler:com.alibaba.nacos.client.naming.remote.gprc.NamingPushRequestHandler
15:26:27:288  INFO 16436 --- [main] com.alibaba.nacos.common.remote.client   : [90b7ae89-1079-461c-93f6-d3168ba3d9fa] Try to connect to server on start up, server: {serverIp = '192.168.174.128', server main port = 8848}
15:26:28:259  INFO 16436 --- [main] com.alibaba.nacos.common.remote.client   : [90b7ae89-1079-461c-93f6-d3168ba3d9fa] Success to connect to server [192.168.174.128:8848] on start up, connectionId = 1780553123975_192.168.174.1_50943
15:26:28:260  INFO 16436 --- [com.alibaba.nacos.client.remote.worker] com.alibaba.nacos.common.remote.client   : [90b7ae89-1079-461c-93f6-d3168ba3d9fa] Notify connected event to listeners.
15:26:28:260  INFO 16436 --- [main] com.alibaba.nacos.common.remote.client   : [90b7ae89-1079-461c-93f6-d3168ba3d9fa] Register server push request handler:com.alibaba.nacos.common.remote.client.RpcClient$ConnectResetRequestHandler
15:26:28:261  INFO 16436 --- [main] com.alibaba.nacos.common.remote.client   : [90b7ae89-1079-461c-93f6-d3168ba3d9fa] Register server push request handler:com.alibaba.nacos.common.remote.client.RpcClient$$Lambda$1133/0x000001ef4e889ad0
15:26:28:310  INFO 16436 --- [main] o.s.b.w.embedded.tomcat.TomcatWebServer  : Tomcat started on port(s): 8071 (http) with context path ''
15:26:28:321  INFO 16436 --- [main] c.a.c.n.registry.NacosServiceRegistry    : nacos registry, DEFAULT_GROUP cart-service 192.168.161.1:8071 register finished
15:26:28:835  INFO 16436 --- [nacos-grpc-client-executor-8] com.alibaba.nacos.common.remote.client   : [90b7ae89-1079-461c-93f6-d3168ba3d9fa] Receive server push request, request = NotifySubscriberRequest, requestId = 40
15:26:28:837  INFO 16436 --- [nacos-grpc-client-executor-8] com.alibaba.nacos.common.remote.client   : [90b7ae89-1079-461c-93f6-d3168ba3d9fa] Ack server push request, request = NotifySubscriberRequest, requestId = 40
15:26:29:419  INFO 16436 --- [main] o.s.cloud.commons.util.InetUtils         : Cannot determine local hostname
15:26:29:420  INFO 16436 --- [main] d.s.w.p.DocumentationPluginsBootstrapper : Documentation plugins bootstrapped
15:26:29:428  INFO 16436 --- [main] d.s.w.p.DocumentationPluginsBootstrapper : Found 1 custom documentation plugin(s)
15:26:29:453  INFO 16436 --- [main] s.d.s.w.s.ApiListingReferenceScanner     : Scanning for api listing references
15:26:29:566  INFO 16436 --- [main] .d.s.w.r.o.CachingOperationNameGenerator : Generating unique operation named: openapiJsonUsingGET_1
15:26:29:578  INFO 16436 --- [main] c.j.cartservice.CartServiceApplication   : Started CartServiceApplication in 10.628 seconds (JVM running for 11.257)
15:27:35:426  INFO 16436 --- [http-nio-8071-exec-1] o.a.c.c.C.[Tomcat].[localhost].[/]       : Initializing Spring DispatcherServlet 'dispatcherServlet'
15:27:35:426  INFO 16436 --- [http-nio-8071-exec-1] o.s.web.servlet.DispatcherServlet        : Initializing Servlet 'dispatcherServlet'
15:27:35:428  INFO 16436 --- [http-nio-8071-exec-1] o.s.web.servlet.DispatcherServlet        : Completed initialization in 1 ms
15:27:35:585  INFO 16436 --- [http-nio-8071-exec-1] com.zaxxer.hikari.HikariDataSource       : HikariPool-1 - Starting...
15:27:35:846  INFO 16436 --- [http-nio-8071-exec-1] com.zaxxer.hikari.HikariDataSource       : HikariPool-1 - Start completed.
15:28:46:767  INFO 16436 --- [nacos-grpc-client-executor-39] com.alibaba.nacos.common.remote.client   : [90b7ae89-1079-461c-93f6-d3168ba3d9fa] Receive server push request, request = NotifySubscriberRequest, requestId = 56
15:28:46:768  INFO 16436 --- [nacos-grpc-client-executor-39] com.alibaba.nacos.common.remote.client   : [90b7ae89-1079-461c-93f6-d3168ba3d9fa] Ack server push request, request = NotifySubscriberRequest, requestId = 56
15:32:24:414  WARN 16436 --- [Thread-7] c.a.n.common.http.HttpClientBeanHolder   : [HttpClientBeanHolder] Start destroying common HttpClient
15:32:24:414  WARN 16436 --- [Thread-4] c.a.nacos.common.notify.NotifyCenter     : [NotifyCenter] Start destroying Publisher
15:32:24:416  WARN 16436 --- [Thread-4] c.a.nacos.common.notify.NotifyCenter     : [NotifyCenter] Destruction of the end
15:32:24:417  WARN 16436 --- [Thread-7] c.a.n.common.http.HttpClientBeanHolder   : [HttpClientBeanHolder] Destruction of the end
15:32:24:461  INFO 16436 --- [SpringApplicationShutdownHook] c.a.c.n.registry.NacosServiceRegistry    : De-registering from Nacos Server now...
15:32:24:466  INFO 16436 --- [SpringApplicationShutdownHook] c.a.c.n.registry.NacosServiceRegistry    : De-registration finished.
15:32:24:772  INFO 16436 --- [SpringApplicationShutdownHook] com.alibaba.nacos.common.remote.client   : Shutdown rpc client, set status to shutdown
15:32:24:772  INFO 16436 --- [SpringApplicationShutdownHook] com.alibaba.nacos.common.remote.client   : Shutdown client event executor java.util.concurrent.ScheduledThreadPoolExecutor@76713222[Running, pool size = 2, active threads = 2, queued tasks = 0, completed tasks = 0]
15:32:24:772  INFO 16436 --- [SpringApplicationShutdownHook] com.alibaba.nacos.common.remote.client   : Close current connection 1780553123975_192.168.174.1_50943
15:32:24:776  INFO 16436 --- [nacos-grpc-client-executor-87] c.a.n.c.remote.client.grpc.GrpcClient    : [1780553123975_192.168.174.1_50943]Ignore complete event,isRunning:false,isAbandon=false
15:32:24:780  INFO 16436 --- [SpringApplicationShutdownHook] c.a.n.c.remote.client.grpc.GrpcClient    : Shutdown grpc executor java.util.concurrent.ThreadPoolExecutor@24b8a262[Running, pool size = 5, active threads = 0, queued tasks = 0, completed tasks = 88]
15:32:24:788  INFO 16436 --- [SpringApplicationShutdownHook] com.zaxxer.hikari.HikariDataSource       : HikariPool-1 - Shutdown initiated...
15:32:24:818  INFO 16436 --- [SpringApplicationShutdownHook] com.zaxxer.hikari.HikariDataSource       : HikariPool-1 - Shutdown completed.
15:32:31:203  INFO 6084 --- [main] c.j.cartservice.CartServiceApplication   : Starting CartServiceApplication using Java 17.0.18 on 30308-81 with PID 6084 (C:\Users\3030881\Desktop\projects\hmall\cart-service\target\classes started by 3030881 in C:\Users\3030881\Desktop\projects\hmall)
15:32:31:205  INFO 6084 --- [main] c.j.cartservice.CartServiceApplication   : The following 1 profile is active: "local"
15:32:32:069  INFO 6084 --- [main] .s.d.r.c.RepositoryConfigurationDelegate : Multiple Spring Data modules found, entering strict repository configuration mode
15:32:32:075  INFO 6084 --- [main] .s.d.r.c.RepositoryConfigurationDelegate : Bootstrapping Spring Data Redis repositories in DEFAULT mode.
15:32:32:100  INFO 6084 --- [main] .s.d.r.c.RepositoryConfigurationDelegate : Finished Spring Data repository scanning in 13 ms. Found 0 Redis repository interfaces.
15:32:32:416  INFO 6084 --- [main] o.s.cloud.context.scope.GenericScope     : BeanFactory id=3ec795fe-370d-367c-9ef0-d41e935091b8
15:32:33:085  INFO 6084 --- [main] o.s.b.w.embedded.tomcat.TomcatWebServer  : Tomcat initialized with port(s): 8071 (http)
15:32:33:096  INFO 6084 --- [main] o.apache.catalina.core.StandardService   : Starting service [Tomcat]
15:32:33:097  INFO 6084 --- [main] org.apache.catalina.core.StandardEngine  : Starting Servlet engine: [Apache Tomcat/9.0.75]
15:32:33:303  INFO 6084 --- [main] o.a.c.c.C.[Tomcat].[localhost].[/]       : Initializing Spring embedded WebApplicationContext
15:32:33:304  INFO 6084 --- [main] w.s.c.ServletWebServerApplicationContext : Root WebApplicationContext: initialization completed in 2058 ms
15:32:33:586  INFO 6084 --- [main] o.s.c.openfeign.FeignClientFactoryBean   : For 'item-service' URL not provided. Will try picking an instance via load-balancing.
15:32:35:679  INFO 6084 --- [main] o.s.cloud.commons.util.InetUtils         : Cannot determine local hostname
15:32:35:712  INFO 6084 --- [main] pertySourcedRequestMappingHandlerMapping : Mapped URL path [/v2/api-docs] onto method [springfox.documentation.swagger2.web.Swagger2ControllerWebMvc#getDocumentation(String, HttpServletRequest)]
15:32:37:284  INFO 6084 --- [main] o.s.cloud.commons.util.InetUtils         : Cannot determine local hostname
15:32:37:386  INFO 6084 --- [main] com.alibaba.nacos.common.remote.client   : [RpcClientFactory] create a new rpc client of db544206-fb70-4971-8b03-23bc1259def1
15:32:37:433  INFO 6084 --- [main] org.reflections.Reflections              : Reflections took 23 ms to scan 1 urls, producing 3 keys and 6 values 
15:32:37:451  INFO 6084 --- [main] org.reflections.Reflections              : Reflections took 6 ms to scan 1 urls, producing 4 keys and 9 values 
15:32:37:465  INFO 6084 --- [main] org.reflections.Reflections              : Reflections took 11 ms to scan 1 urls, producing 3 keys and 10 values 
15:32:37:467  WARN 6084 --- [main] org.reflections.Reflections              : given scan urls are empty. set urls in the configuration
15:32:37:473  INFO 6084 --- [main] org.reflections.Reflections              : Reflections took 5 ms to scan 1 urls, producing 1 keys and 5 values 
15:32:37:480  INFO 6084 --- [main] org.reflections.Reflections              : Reflections took 5 ms to scan 1 urls, producing 1 keys and 7 values 
15:32:37:490  INFO 6084 --- [main] org.reflections.Reflections              : Reflections took 7 ms to scan 1 urls, producing 2 keys and 8 values 
15:32:37:493  WARN 6084 --- [main] org.reflections.Reflections              : given scan urls are empty. set urls in the configuration
15:32:37:494  INFO 6084 --- [main] com.alibaba.nacos.common.remote.client   : [db544206-fb70-4971-8b03-23bc1259def1] RpcClient init label, labels = {module=naming, source=sdk}
15:32:37:496  INFO 6084 --- [main] com.alibaba.nacos.common.remote.client   : [db544206-fb70-4971-8b03-23bc1259def1] RpcClient init, ServerListFactory = com.alibaba.nacos.client.naming.core.ServerListManager
15:32:37:496  INFO 6084 --- [main] com.alibaba.nacos.common.remote.client   : [db544206-fb70-4971-8b03-23bc1259def1] Registry connection listener to current client:com.alibaba.nacos.client.naming.remote.gprc.redo.NamingGrpcRedoService
15:32:37:497  INFO 6084 --- [main] com.alibaba.nacos.common.remote.client   : [db544206-fb70-4971-8b03-23bc1259def1] Register server push request handler:com.alibaba.nacos.client.naming.remote.gprc.NamingPushRequestHandler
15:32:37:499  INFO 6084 --- [main] com.alibaba.nacos.common.remote.client   : [db544206-fb70-4971-8b03-23bc1259def1] Try to connect to server on start up, server: {serverIp = '192.168.174.128', server main port = 8848}
15:32:38:296  INFO 6084 --- [main] com.alibaba.nacos.common.remote.client   : [db544206-fb70-4971-8b03-23bc1259def1] Success to connect to server [192.168.174.128:8848] on start up, connectionId = 1780553524876_192.168.174.1_54991
15:32:38:298  INFO 6084 --- [com.alibaba.nacos.client.remote.worker] com.alibaba.nacos.common.remote.client   : [db544206-fb70-4971-8b03-23bc1259def1] Notify connected event to listeners.
15:32:38:299  INFO 6084 --- [main] com.alibaba.nacos.common.remote.client   : [db544206-fb70-4971-8b03-23bc1259def1] Register server push request handler:com.alibaba.nacos.common.remote.client.RpcClient$ConnectResetRequestHandler
15:32:38:300  INFO 6084 --- [main] com.alibaba.nacos.common.remote.client   : [db544206-fb70-4971-8b03-23bc1259def1] Register server push request handler:com.alibaba.nacos.common.remote.client.RpcClient$$Lambda$1133/0x0000028c82889cc8
15:32:38:361  INFO 6084 --- [main] o.s.b.w.embedded.tomcat.TomcatWebServer  : Tomcat started on port(s): 8071 (http) with context path ''
15:32:38:374  INFO 6084 --- [main] c.a.c.n.registry.NacosServiceRegistry    : nacos registry, DEFAULT_GROUP cart-service 192.168.161.1:8071 register finished
15:32:38:877  INFO 6084 --- [nacos-grpc-client-executor-8] com.alibaba.nacos.common.remote.client   : [db544206-fb70-4971-8b03-23bc1259def1] Receive server push request, request = NotifySubscriberRequest, requestId = 59
15:32:38:879  INFO 6084 --- [nacos-grpc-client-executor-8] com.alibaba.nacos.common.remote.client   : [db544206-fb70-4971-8b03-23bc1259def1] Ack server push request, request = NotifySubscriberRequest, requestId = 59
15:32:39:528  INFO 6084 --- [main] o.s.cloud.commons.util.InetUtils         : Cannot determine local hostname
15:32:39:528  INFO 6084 --- [main] d.s.w.p.DocumentationPluginsBootstrapper : Documentation plugins bootstrapped
15:32:39:533  INFO 6084 --- [main] d.s.w.p.DocumentationPluginsBootstrapper : Found 1 custom documentation plugin(s)
15:32:39:559  INFO 6084 --- [main] s.d.s.w.s.ApiListingReferenceScanner     : Scanning for api listing references
15:32:39:698  INFO 6084 --- [main] .d.s.w.r.o.CachingOperationNameGenerator : Generating unique operation named: openapiJsonUsingGET_1
15:32:39:715  INFO 6084 --- [main] c.j.cartservice.CartServiceApplication   : Started CartServiceApplication in 10.159 seconds (JVM running for 10.6)
15:32:43:162  INFO 6084 --- [http-nio-8071-exec-1] o.a.c.c.C.[Tomcat].[localhost].[/]       : Initializing Spring DispatcherServlet 'dispatcherServlet'
15:32:43:163  INFO 6084 --- [http-nio-8071-exec-1] o.s.web.servlet.DispatcherServlet        : Initializing Servlet 'dispatcherServlet'
15:32:43:167  INFO 6084 --- [http-nio-8071-exec-1] o.s.web.servlet.DispatcherServlet        : Completed initialization in 3 ms
15:32:43:334  INFO 6084 --- [http-nio-8071-exec-1] com.zaxxer.hikari.HikariDataSource       : HikariPool-1 - Starting...
15:32:43:606  INFO 6084 --- [http-nio-8071-exec-1] com.zaxxer.hikari.HikariDataSource       : HikariPool-1 - Start completed.
15:32:44:198  INFO 6084 --- [nacos-grpc-client-executor-11] com.alibaba.nacos.common.remote.client   : [db544206-fb70-4971-8b03-23bc1259def1] Receive server push request, request = NotifySubscriberRequest, requestId = 60
15:32:44:198  INFO 6084 --- [nacos-grpc-client-executor-11] com.alibaba.nacos.common.remote.client   : [db544206-fb70-4971-8b03-23bc1259def1] Ack server push request, request = NotifySubscriberRequest, requestId = 60
15:51:25:835  INFO 6084 --- [nacos-grpc-client-executor-240] com.alibaba.nacos.common.remote.client   : [db544206-fb70-4971-8b03-23bc1259def1] Receive server push request, request = ClientDetectionRequest, requestId = 68
15:51:25:836  INFO 6084 --- [nacos-grpc-client-executor-240] com.alibaba.nacos.common.remote.client   : [db544206-fb70-4971-8b03-23bc1259def1] Ack server push request, request = ClientDetectionRequest, requestId = 68
15:51:37:829  WARN 6084 --- [HikariPool-1 housekeeper] com.zaxxer.hikari.pool.HikariPool        : HikariPool-1 - Thread starvation or clock leap detected (housekeeper delta=53s830ms113µs900ns).
17:07:50:682  WARN 6084 --- [Thread-4] c.a.nacos.common.notify.NotifyCenter     : [NotifyCenter] Start destroying Publisher
17:07:50:682  WARN 6084 --- [Thread-7] c.a.n.common.http.HttpClientBeanHolder   : [HttpClientBeanHolder] Start destroying common HttpClient
17:07:50:685  WARN 6084 --- [Thread-4] c.a.nacos.common.notify.NotifyCenter     : [NotifyCenter] Destruction of the end
17:07:50:689  WARN 6084 --- [Thread-7] c.a.n.common.http.HttpClientBeanHolder   : [HttpClientBeanHolder] Destruction of the end
17:07:50:813  INFO 6084 --- [SpringApplicationShutdownHook] c.a.c.n.registry.NacosServiceRegistry    : De-registering from Nacos Server now...
17:07:50:818  INFO 6084 --- [SpringApplicationShutdownHook] c.a.c.n.registry.NacosServiceRegistry    : De-registration finished.
17:07:51:154  INFO 6084 --- [SpringApplicationShutdownHook] com.alibaba.nacos.common.remote.client   : Shutdown rpc client, set status to shutdown
17:07:51:155  INFO 6084 --- [SpringApplicationShutdownHook] com.alibaba.nacos.common.remote.client   : Shutdown client event executor java.util.concurrent.ScheduledThreadPoolExecutor@48a12a4d[Running, pool size = 2, active threads = 2, queued tasks = 0, completed tasks = 0]
17:07:51:155  INFO 6084 --- [SpringApplicationShutdownHook] com.alibaba.nacos.common.remote.client   : Close current connection 1780553524876_192.168.174.1_54991
17:07:51:160  INFO 6084 --- [nacos-grpc-client-executor-1263] c.a.n.c.remote.client.grpc.GrpcClient    : [1780553524876_192.168.174.1_54991]Ignore complete event,isRunning:false,isAbandon=false
17:07:51:168  INFO 6084 --- [SpringApplicationShutdownHook] c.a.n.c.remote.client.grpc.GrpcClient    : Shutdown grpc executor java.util.concurrent.ThreadPoolExecutor@6a68d216[Running, pool size = 5, active threads = 0, queued tasks = 0, completed tasks = 1264]
17:07:51:179  INFO 6084 --- [SpringApplicationShutdownHook] com.zaxxer.hikari.HikariDataSource       : HikariPool-1 - Shutdown initiated...
17:07:51:204  INFO 6084 --- [SpringApplicationShutdownHook] com.zaxxer.hikari.HikariDataSource       : HikariPool-1 - Shutdown completed.
