09:40:17:836  INFO 6024 --- [main] c.j.itemservice.ItemServiceApplication   : The following 1 profile is active: "local"
09:40:19:553  INFO 6024 --- [main] .s.d.r.c.RepositoryConfigurationDelegate : Multiple Spring Data modules found, entering strict repository configuration mode
09:40:19:558  INFO 6024 --- [main] .s.d.r.c.RepositoryConfigurationDelegate : Bootstrapping Spring Data Redis repositories in DEFAULT mode.
09:40:19:604  INFO 6024 --- [main] .s.d.r.c.RepositoryConfigurationDelegate : Finished Spring Data repository scanning in 18 ms. Found 0 Redis repository interfaces.
09:40:20:052  INFO 6024 --- [main] o.s.cloud.context.scope.GenericScope     : BeanFactory id=a1c8a3c8-9234-3f33-a1ba-fd6abc262864
09:40:20:840  INFO 6024 --- [main] o.s.b.w.embedded.tomcat.TomcatWebServer  : Tomcat initialized with port(s): 8091 (http)
09:40:20:859  INFO 6024 --- [main] o.apache.catalina.core.StandardService   : Starting service [Tomcat]
09:40:20:860  INFO 6024 --- [main] org.apache.catalina.core.StandardEngine  : Starting Servlet engine: [Apache Tomcat/9.0.75]
09:40:21:190  INFO 6024 --- [main] o.a.c.c.C.[Tomcat].[localhost].[/]       : Initializing Spring embedded WebApplicationContext
09:40:21:191  INFO 6024 --- [main] w.s.c.ServletWebServerApplicationContext : Root WebApplicationContext: initialization completed in 3324 ms
09:40:24:240  INFO 6024 --- [main] o.s.cloud.commons.util.InetUtils         : Cannot determine local hostname
09:40:24:297  INFO 6024 --- [main] pertySourcedRequestMappingHandlerMapping : Mapped URL path [/v2/api-docs] onto method [springfox.documentation.swagger2.web.Swagger2ControllerWebMvc#getDocumentation(String, HttpServletRequest)]
09:40:24:412  INFO 23756 --- [main] c.j.itemservice.ItemServiceApplication   : The following 1 profile is active: "local"
09:40:26:708  INFO 23756 --- [main] .s.d.r.c.RepositoryConfigurationDelegate : Multiple Spring Data modules found, entering strict repository configuration mode
09:40:26:713  INFO 23756 --- [main] .s.d.r.c.RepositoryConfigurationDelegate : Bootstrapping Spring Data Redis repositories in DEFAULT mode.
09:40:26:760  INFO 23756 --- [main] .s.d.r.c.RepositoryConfigurationDelegate : Finished Spring Data repository scanning in 17 ms. Found 0 Redis repository interfaces.
09:40:27:095  INFO 23756 --- [main] o.s.cloud.context.scope.GenericScope     : BeanFactory id=a1c8a3c8-9234-3f33-a1ba-fd6abc262864
09:40:27:152  INFO 6024 --- [main] o.s.cloud.commons.util.InetUtils         : Cannot determine local hostname
09:40:27:366  INFO 6024 --- [main] com.alibaba.nacos.common.remote.client   : [RpcClientFactory] create a new rpc client of 6ebaec96-0d0c-4f3f-8fd9-a01d26c28618
09:40:27:367  INFO 6024 --- [main] com.alibaba.nacos.common.remote.client   : [6ebaec96-0d0c-4f3f-8fd9-a01d26c28618] RpcClient init label, labels = {module=naming, source=sdk}
09:40:27:371  INFO 6024 --- [main] com.alibaba.nacos.common.remote.client   : [6ebaec96-0d0c-4f3f-8fd9-a01d26c28618] RpcClient init, ServerListFactory = com.alibaba.nacos.client.naming.core.ServerListManager
09:40:27:371  INFO 6024 --- [main] com.alibaba.nacos.common.remote.client   : [6ebaec96-0d0c-4f3f-8fd9-a01d26c28618] Registry connection listener to current client:com.alibaba.nacos.client.naming.remote.gprc.redo.NamingGrpcRedoService
09:40:27:372  INFO 6024 --- [main] com.alibaba.nacos.common.remote.client   : [6ebaec96-0d0c-4f3f-8fd9-a01d26c28618] Register server push request handler:com.alibaba.nacos.client.naming.remote.gprc.NamingPushRequestHandler
09:40:27:373  INFO 6024 --- [main] com.alibaba.nacos.common.remote.client   : [6ebaec96-0d0c-4f3f-8fd9-a01d26c28618] Try to connect to server on start up, server: {serverIp = '192.168.174.128', server main port = 8848}
09:40:27:514  INFO 6024 --- [main] com.alibaba.nacos.common.remote.client   : [6ebaec96-0d0c-4f3f-8fd9-a01d26c28618] Success to connect to server [192.168.174.128:8848] on start up, connectionId = 1781050220213_192.168.174.1_54356
09:40:27:514  INFO 6024 --- [main] com.alibaba.nacos.common.remote.client   : [6ebaec96-0d0c-4f3f-8fd9-a01d26c28618] Register server push request handler:com.alibaba.nacos.common.remote.client.RpcClient$ConnectResetRequestHandler
09:40:27:514  INFO 6024 --- [com.alibaba.nacos.client.remote.worker] com.alibaba.nacos.common.remote.client   : [6ebaec96-0d0c-4f3f-8fd9-a01d26c28618] Notify connected event to listeners.
09:40:27:515  INFO 6024 --- [main] com.alibaba.nacos.common.remote.client   : [6ebaec96-0d0c-4f3f-8fd9-a01d26c28618] Register server push request handler:com.alibaba.nacos.common.remote.client.RpcClient$$Lambda$426/0x00000220974a4f98
09:40:27:638  INFO 6024 --- [main] o.s.b.w.embedded.tomcat.TomcatWebServer  : Tomcat started on port(s): 8091 (http) with context path ''
09:40:27:719  INFO 6024 --- [main] c.a.c.n.registry.NacosServiceRegistry    : nacos registry, DEFAULT_GROUP item-service 192.168.161.1:8091 register finished
09:40:27:776  INFO 23756 --- [main] o.s.b.w.embedded.tomcat.TomcatWebServer  : Tomcat initialized with port(s): 8093 (http)
09:40:27:812  INFO 23756 --- [main] o.apache.catalina.core.StandardService   : Starting service [Tomcat]
09:40:27:818  INFO 23756 --- [main] org.apache.catalina.core.StandardEngine  : Starting Servlet engine: [Apache Tomcat/9.0.75]
09:40:28:120  INFO 6024 --- [nacos-grpc-client-executor-6] com.alibaba.nacos.common.remote.client   : [6ebaec96-0d0c-4f3f-8fd9-a01d26c28618] Receive server push request, request = NotifySubscriberRequest, requestId = 1
09:40:28:129  INFO 6024 --- [nacos-grpc-client-executor-6] com.alibaba.nacos.common.remote.client   : [6ebaec96-0d0c-4f3f-8fd9-a01d26c28618] Ack server push request, request = NotifySubscriberRequest, requestId = 1
09:40:28:218  INFO 23756 --- [main] o.a.c.c.C.[Tomcat].[localhost].[/]       : Initializing Spring embedded WebApplicationContext
09:40:28:219  INFO 23756 --- [main] w.s.c.ServletWebServerApplicationContext : Root WebApplicationContext: initialization completed in 3764 ms
09:40:29:238  INFO 6024 --- [main] o.s.cloud.commons.util.InetUtils         : Cannot determine local hostname
09:40:29:241  INFO 6024 --- [main] d.s.w.p.DocumentationPluginsBootstrapper : Documentation plugins bootstrapped
09:40:29:259  INFO 6024 --- [main] d.s.w.p.DocumentationPluginsBootstrapper : Found 1 custom documentation plugin(s)
09:40:29:334  INFO 6024 --- [main] s.d.s.w.s.ApiListingReferenceScanner     : Scanning for api listing references
09:40:29:668  INFO 6024 --- [main] .d.s.w.r.o.CachingOperationNameGenerator : Generating unique operation named: openapiJsonUsingGET_1
09:40:29:695  INFO 6024 --- [main] c.j.itemservice.ItemServiceApplication   : Started ItemServiceApplication in 17.415 seconds (JVM running for 18.424)
09:40:29:706  INFO 6024 --- [main] c.a.c.n.refresh.NacosContextRefresher    : [Nacos Config] Listening config: dataId=item-service.yaml, group=DEFAULT_GROUP
09:40:29:707  INFO 6024 --- [main] c.a.c.n.refresh.NacosContextRefresher    : [Nacos Config] Listening config: dataId=item-service-local.yaml, group=DEFAULT_GROUP
09:40:29:708  INFO 6024 --- [main] c.a.c.n.refresh.NacosContextRefresher    : [Nacos Config] Listening config: dataId=item-service, group=DEFAULT_GROUP
09:40:31:968  INFO 23756 --- [main] o.s.cloud.commons.util.InetUtils         : Cannot determine local hostname
09:40:32:038  INFO 23756 --- [main] pertySourcedRequestMappingHandlerMapping : Mapped URL path [/v2/api-docs] onto method [springfox.documentation.swagger2.web.Swagger2ControllerWebMvc#getDocumentation(String, HttpServletRequest)]
09:40:33:494  INFO 3572 --- [main] c.j.itemservice.ItemServiceApplication   : The following 1 profile is active: "local"
09:40:34:277  INFO 23756 --- [main] o.s.cloud.commons.util.InetUtils         : Cannot determine local hostname
09:40:34:478  INFO 23756 --- [main] com.alibaba.nacos.common.remote.client   : [RpcClientFactory] create a new rpc client of 619443d7-6a34-42da-9ef6-9332ac07ea2b
09:40:34:479  INFO 23756 --- [main] com.alibaba.nacos.common.remote.client   : [619443d7-6a34-42da-9ef6-9332ac07ea2b] RpcClient init label, labels = {module=naming, source=sdk}
09:40:34:483  INFO 23756 --- [main] com.alibaba.nacos.common.remote.client   : [619443d7-6a34-42da-9ef6-9332ac07ea2b] RpcClient init, ServerListFactory = com.alibaba.nacos.client.naming.core.ServerListManager
09:40:34:484  INFO 23756 --- [main] com.alibaba.nacos.common.remote.client   : [619443d7-6a34-42da-9ef6-9332ac07ea2b] Registry connection listener to current client:com.alibaba.nacos.client.naming.remote.gprc.redo.NamingGrpcRedoService
09:40:34:485  INFO 23756 --- [main] com.alibaba.nacos.common.remote.client   : [619443d7-6a34-42da-9ef6-9332ac07ea2b] Register server push request handler:com.alibaba.nacos.client.naming.remote.gprc.NamingPushRequestHandler
09:40:34:485  INFO 23756 --- [main] com.alibaba.nacos.common.remote.client   : [619443d7-6a34-42da-9ef6-9332ac07ea2b] Try to connect to server on start up, server: {serverIp = '192.168.174.128', server main port = 8848}
09:40:34:622  INFO 23756 --- [main] com.alibaba.nacos.common.remote.client   : [619443d7-6a34-42da-9ef6-9332ac07ea2b] Success to connect to server [192.168.174.128:8848] on start up, connectionId = 1781050227328_192.168.174.1_64245
09:40:34:623  INFO 23756 --- [com.alibaba.nacos.client.remote.worker] com.alibaba.nacos.common.remote.client   : [619443d7-6a34-42da-9ef6-9332ac07ea2b] Notify connected event to listeners.
09:40:34:623  INFO 23756 --- [main] com.alibaba.nacos.common.remote.client   : [619443d7-6a34-42da-9ef6-9332ac07ea2b] Register server push request handler:com.alibaba.nacos.common.remote.client.RpcClient$ConnectResetRequestHandler
09:40:34:623  INFO 23756 --- [main] com.alibaba.nacos.common.remote.client   : [619443d7-6a34-42da-9ef6-9332ac07ea2b] Register server push request handler:com.alibaba.nacos.common.remote.client.RpcClient$$Lambda$426/0x0000015f844a4200
09:40:34:723  INFO 23756 --- [main] o.s.b.w.embedded.tomcat.TomcatWebServer  : Tomcat started on port(s): 8093 (http) with context path ''
09:40:34:739  INFO 23756 --- [main] c.a.c.n.registry.NacosServiceRegistry    : nacos registry, DEFAULT_GROUP item-service 192.168.161.1:8093 register finished
09:40:34:914  INFO 3572 --- [main] .s.d.r.c.RepositoryConfigurationDelegate : Multiple Spring Data modules found, entering strict repository configuration mode
09:40:34:919  INFO 3572 --- [main] .s.d.r.c.RepositoryConfigurationDelegate : Bootstrapping Spring Data Redis repositories in DEFAULT mode.
09:40:34:992  INFO 3572 --- [main] .s.d.r.c.RepositoryConfigurationDelegate : Finished Spring Data repository scanning in 38 ms. Found 0 Redis repository interfaces.
09:40:35:202  INFO 6024 --- [nacos-grpc-client-executor-8] com.alibaba.nacos.common.remote.client   : [6ebaec96-0d0c-4f3f-8fd9-a01d26c28618] Receive server push request, request = NotifySubscriberRequest, requestId = 6
09:40:35:209  INFO 6024 --- [nacos-grpc-client-executor-8] com.alibaba.nacos.common.remote.client   : [6ebaec96-0d0c-4f3f-8fd9-a01d26c28618] Ack server push request, request = NotifySubscriberRequest, requestId = 6
09:40:35:225  INFO 23756 --- [nacos-grpc-client-executor-7] com.alibaba.nacos.common.remote.client   : [619443d7-6a34-42da-9ef6-9332ac07ea2b] Receive server push request, request = NotifySubscriberRequest, requestId = 5
09:40:35:228  INFO 23756 --- [nacos-grpc-client-executor-7] com.alibaba.nacos.common.remote.client   : [619443d7-6a34-42da-9ef6-9332ac07ea2b] Ack server push request, request = NotifySubscriberRequest, requestId = 5
09:40:35:557  INFO 3572 --- [main] o.s.cloud.context.scope.GenericScope     : BeanFactory id=a1c8a3c8-9234-3f33-a1ba-fd6abc262864
09:40:36:099  INFO 23756 --- [main] o.s.cloud.commons.util.InetUtils         : Cannot determine local hostname
09:40:36:104  INFO 23756 --- [main] d.s.w.p.DocumentationPluginsBootstrapper : Documentation plugins bootstrapped
09:40:36:119  INFO 23756 --- [main] d.s.w.p.DocumentationPluginsBootstrapper : Found 1 custom documentation plugin(s)
09:40:36:194  INFO 23756 --- [main] s.d.s.w.s.ApiListingReferenceScanner     : Scanning for api listing references
09:40:36:518  INFO 3572 --- [main] o.s.b.w.embedded.tomcat.TomcatWebServer  : Tomcat initialized with port(s): 8092 (http)
09:40:36:553  INFO 3572 --- [main] o.apache.catalina.core.StandardService   : Starting service [Tomcat]
09:40:36:554  INFO 3572 --- [main] org.apache.catalina.core.StandardEngine  : Starting Servlet engine: [Apache Tomcat/9.0.75]
09:40:36:569  INFO 23756 --- [main] .d.s.w.r.o.CachingOperationNameGenerator : Generating unique operation named: openapiJsonUsingGET_1
09:40:36:598  INFO 23756 --- [main] c.j.itemservice.ItemServiceApplication   : Started ItemServiceApplication in 17.627 seconds (JVM running for 18.46)
09:40:36:611  INFO 23756 --- [main] c.a.c.n.refresh.NacosContextRefresher    : [Nacos Config] Listening config: dataId=item-service.yaml, group=DEFAULT_GROUP
09:40:36:612  INFO 23756 --- [main] c.a.c.n.refresh.NacosContextRefresher    : [Nacos Config] Listening config: dataId=item-service-local.yaml, group=DEFAULT_GROUP
09:40:36:613  INFO 23756 --- [main] c.a.c.n.refresh.NacosContextRefresher    : [Nacos Config] Listening config: dataId=item-service, group=DEFAULT_GROUP
09:40:36:880  INFO 3572 --- [main] o.a.c.c.C.[Tomcat].[localhost].[/]       : Initializing Spring embedded WebApplicationContext
09:40:36:880  INFO 3572 --- [main] w.s.c.ServletWebServerApplicationContext : Root WebApplicationContext: initialization completed in 3357 ms
09:40:39:674  INFO 3572 --- [main] o.s.cloud.commons.util.InetUtils         : Cannot determine local hostname
09:40:39:724  INFO 3572 --- [main] pertySourcedRequestMappingHandlerMapping : Mapped URL path [/v2/api-docs] onto method [springfox.documentation.swagger2.web.Swagger2ControllerWebMvc#getDocumentation(String, HttpServletRequest)]
09:40:41:972  INFO 3572 --- [main] o.s.cloud.commons.util.InetUtils         : Cannot determine local hostname
09:40:42:134  INFO 3572 --- [main] com.alibaba.nacos.common.remote.client   : [RpcClientFactory] create a new rpc client of 73de6a1f-43d8-46eb-9e2d-22cecde5649b
09:40:42:135  INFO 3572 --- [main] com.alibaba.nacos.common.remote.client   : [73de6a1f-43d8-46eb-9e2d-22cecde5649b] RpcClient init label, labels = {module=naming, source=sdk}
09:40:42:138  INFO 3572 --- [main] com.alibaba.nacos.common.remote.client   : [73de6a1f-43d8-46eb-9e2d-22cecde5649b] RpcClient init, ServerListFactory = com.alibaba.nacos.client.naming.core.ServerListManager
09:40:42:139  INFO 3572 --- [main] com.alibaba.nacos.common.remote.client   : [73de6a1f-43d8-46eb-9e2d-22cecde5649b] Registry connection listener to current client:com.alibaba.nacos.client.naming.remote.gprc.redo.NamingGrpcRedoService
09:40:42:139  INFO 3572 --- [main] com.alibaba.nacos.common.remote.client   : [73de6a1f-43d8-46eb-9e2d-22cecde5649b] Register server push request handler:com.alibaba.nacos.client.naming.remote.gprc.NamingPushRequestHandler
09:40:42:140  INFO 3572 --- [main] com.alibaba.nacos.common.remote.client   : [73de6a1f-43d8-46eb-9e2d-22cecde5649b] Try to connect to server on start up, server: {serverIp = '192.168.174.128', server main port = 8848}
09:40:42:275  INFO 3572 --- [main] com.alibaba.nacos.common.remote.client   : [73de6a1f-43d8-46eb-9e2d-22cecde5649b] Success to connect to server [192.168.174.128:8848] on start up, connectionId = 1781050234977_192.168.174.1_64250
09:40:42:275  INFO 3572 --- [main] com.alibaba.nacos.common.remote.client   : [73de6a1f-43d8-46eb-9e2d-22cecde5649b] Register server push request handler:com.alibaba.nacos.common.remote.client.RpcClient$ConnectResetRequestHandler
09:40:42:276  INFO 3572 --- [com.alibaba.nacos.client.remote.worker] com.alibaba.nacos.common.remote.client   : [73de6a1f-43d8-46eb-9e2d-22cecde5649b] Notify connected event to listeners.
09:40:42:276  INFO 3572 --- [main] com.alibaba.nacos.common.remote.client   : [73de6a1f-43d8-46eb-9e2d-22cecde5649b] Register server push request handler:com.alibaba.nacos.common.remote.client.RpcClient$$Lambda$426/0x0000023b014a4f98
09:40:42:368  INFO 3572 --- [main] o.s.b.w.embedded.tomcat.TomcatWebServer  : Tomcat started on port(s): 8092 (http) with context path ''
09:40:42:381  INFO 3572 --- [main] c.a.c.n.registry.NacosServiceRegistry    : nacos registry, DEFAULT_GROUP item-service 192.168.161.1:8092 register finished
09:40:42:837  INFO 23756 --- [nacos-grpc-client-executor-10] com.alibaba.nacos.common.remote.client   : [619443d7-6a34-42da-9ef6-9332ac07ea2b] Receive server push request, request = NotifySubscriberRequest, requestId = 8
09:40:42:840  INFO 6024 --- [nacos-grpc-client-executor-10] com.alibaba.nacos.common.remote.client   : [6ebaec96-0d0c-4f3f-8fd9-a01d26c28618] Receive server push request, request = NotifySubscriberRequest, requestId = 9
09:40:42:846  INFO 23756 --- [nacos-grpc-client-executor-10] com.alibaba.nacos.common.remote.client   : [619443d7-6a34-42da-9ef6-9332ac07ea2b] Ack server push request, request = NotifySubscriberRequest, requestId = 8
09:40:42:850  INFO 6024 --- [nacos-grpc-client-executor-10] com.alibaba.nacos.common.remote.client   : [6ebaec96-0d0c-4f3f-8fd9-a01d26c28618] Ack server push request, request = NotifySubscriberRequest, requestId = 9
09:40:42:867  INFO 3572 --- [nacos-grpc-client-executor-6] com.alibaba.nacos.common.remote.client   : [73de6a1f-43d8-46eb-9e2d-22cecde5649b] Receive server push request, request = NotifySubscriberRequest, requestId = 10
09:40:42:875  INFO 3572 --- [nacos-grpc-client-executor-6] com.alibaba.nacos.common.remote.client   : [73de6a1f-43d8-46eb-9e2d-22cecde5649b] Ack server push request, request = NotifySubscriberRequest, requestId = 10
09:40:43:742  INFO 3572 --- [main] o.s.cloud.commons.util.InetUtils         : Cannot determine local hostname
09:40:43:744  INFO 3572 --- [main] d.s.w.p.DocumentationPluginsBootstrapper : Documentation plugins bootstrapped
09:40:43:752  INFO 3572 --- [main] d.s.w.p.DocumentationPluginsBootstrapper : Found 1 custom documentation plugin(s)
09:40:43:793  INFO 3572 --- [main] s.d.s.w.s.ApiListingReferenceScanner     : Scanning for api listing references
09:40:44:004  INFO 3572 --- [main] .d.s.w.r.o.CachingOperationNameGenerator : Generating unique operation named: openapiJsonUsingGET_1
09:40:44:022  INFO 3572 --- [main] c.j.itemservice.ItemServiceApplication   : Started ItemServiceApplication in 17.345 seconds (JVM running for 18.549)
09:40:44:028  INFO 3572 --- [main] c.a.c.n.refresh.NacosContextRefresher    : [Nacos Config] Listening config: dataId=item-service.yaml, group=DEFAULT_GROUP
09:40:44:029  INFO 3572 --- [main] c.a.c.n.refresh.NacosContextRefresher    : [Nacos Config] Listening config: dataId=item-service-local.yaml, group=DEFAULT_GROUP
09:40:44:029  INFO 3572 --- [main] c.a.c.n.refresh.NacosContextRefresher    : [Nacos Config] Listening config: dataId=item-service, group=DEFAULT_GROUP
10:11:03:525  INFO 3572 --- [http-nio-8092-exec-1] o.a.c.c.C.[Tomcat].[localhost].[/]       : Initializing Spring DispatcherServlet 'dispatcherServlet'
10:11:03:527  INFO 3572 --- [http-nio-8092-exec-1] o.s.web.servlet.DispatcherServlet        : Initializing Servlet 'dispatcherServlet'
10:11:03:542  INFO 3572 --- [http-nio-8092-exec-1] o.s.web.servlet.DispatcherServlet        : Completed initialization in 14 ms
10:11:03:822  INFO 3572 --- [http-nio-8092-exec-1] com.zaxxer.hikari.HikariDataSource       : HikariPool-1 - Starting...
10:11:04:154  INFO 3572 --- [http-nio-8092-exec-1] com.zaxxer.hikari.HikariDataSource       : HikariPool-1 - Start completed.
10:11:35:654  INFO 6024 --- [http-nio-8091-exec-2] o.a.c.c.C.[Tomcat].[localhost].[/]       : Initializing Spring DispatcherServlet 'dispatcherServlet'
10:11:35:655  INFO 6024 --- [http-nio-8091-exec-2] o.s.web.servlet.DispatcherServlet        : Initializing Servlet 'dispatcherServlet'
10:11:35:675  INFO 6024 --- [http-nio-8091-exec-2] o.s.web.servlet.DispatcherServlet        : Completed initialization in 20 ms
10:11:35:940  INFO 6024 --- [http-nio-8091-exec-2] com.zaxxer.hikari.HikariDataSource       : HikariPool-1 - Starting...
10:11:36:213  INFO 6024 --- [http-nio-8091-exec-2] com.zaxxer.hikari.HikariDataSource       : HikariPool-1 - Start completed.
10:11:51:346  INFO 23756 --- [http-nio-8093-exec-1] o.a.c.c.C.[Tomcat].[localhost].[/]       : Initializing Spring DispatcherServlet 'dispatcherServlet'
10:11:51:347  INFO 23756 --- [http-nio-8093-exec-1] o.s.web.servlet.DispatcherServlet        : Initializing Servlet 'dispatcherServlet'
10:11:51:354  INFO 23756 --- [http-nio-8093-exec-1] o.s.web.servlet.DispatcherServlet        : Completed initialization in 7 ms
10:11:51:451  INFO 23756 --- [http-nio-8093-exec-1] com.zaxxer.hikari.HikariDataSource       : HikariPool-1 - Starting...
10:11:51:688  INFO 23756 --- [http-nio-8093-exec-1] com.zaxxer.hikari.HikariDataSource       : HikariPool-1 - Start completed.
10:29:26:283  WARN 6024 --- [http-nio-8091-exec-10] c.j.i.service.impl.ItemServiceImpl       : SqlSession [org.apache.ibatis.session.defaults.DefaultSqlSession@524e22a0] Transaction not enabled
10:34:07:227  WARN 3572 --- [Thread-1] c.a.n.common.http.HttpClientBeanHolder   : [HttpClientBeanHolder] Start destroying common HttpClient
10:34:07:227  WARN 3572 --- [Thread-5] c.a.nacos.common.notify.NotifyCenter     : [NotifyCenter] Start destroying Publisher
10:34:07:228  WARN 3572 --- [Thread-5] c.a.nacos.common.notify.NotifyCenter     : [NotifyCenter] Destruction of the end
10:34:07:229  WARN 3572 --- [Thread-1] c.a.n.common.http.HttpClientBeanHolder   : [HttpClientBeanHolder] Destruction of the end
10:34:07:230  WARN 6024 --- [Thread-5] c.a.nacos.common.notify.NotifyCenter     : [NotifyCenter] Start destroying Publisher
10:34:07:231  WARN 6024 --- [Thread-1] c.a.n.common.http.HttpClientBeanHolder   : [HttpClientBeanHolder] Start destroying common HttpClient
10:34:07:231  WARN 6024 --- [Thread-5] c.a.nacos.common.notify.NotifyCenter     : [NotifyCenter] Destruction of the end
10:34:07:232  WARN 23756 --- [Thread-1] c.a.n.common.http.HttpClientBeanHolder   : [HttpClientBeanHolder] Start destroying common HttpClient
10:34:07:233  WARN 23756 --- [Thread-5] c.a.nacos.common.notify.NotifyCenter     : [NotifyCenter] Start destroying Publisher
10:34:07:234  WARN 23756 --- [Thread-5] c.a.nacos.common.notify.NotifyCenter     : [NotifyCenter] Destruction of the end
10:34:07:235  WARN 23756 --- [Thread-1] c.a.n.common.http.HttpClientBeanHolder   : [HttpClientBeanHolder] Destruction of the end
10:34:07:235  WARN 6024 --- [Thread-1] c.a.n.common.http.HttpClientBeanHolder   : [HttpClientBeanHolder] Destruction of the end
10:34:07:320  INFO 3572 --- [SpringApplicationShutdownHook] c.a.c.n.registry.NacosServiceRegistry    : De-registering from Nacos Server now...
10:34:07:321  INFO 6024 --- [SpringApplicationShutdownHook] c.a.c.n.registry.NacosServiceRegistry    : De-registering from Nacos Server now...
10:34:07:324  INFO 3572 --- [SpringApplicationShutdownHook] c.a.c.n.registry.NacosServiceRegistry    : De-registration finished.
10:34:07:324  INFO 6024 --- [SpringApplicationShutdownHook] c.a.c.n.registry.NacosServiceRegistry    : De-registration finished.
10:34:07:347  INFO 23756 --- [SpringApplicationShutdownHook] c.a.c.n.registry.NacosServiceRegistry    : De-registering from Nacos Server now...
10:34:07:353  INFO 23756 --- [SpringApplicationShutdownHook] c.a.c.n.registry.NacosServiceRegistry    : De-registration finished.
10:34:07:653  INFO 6024 --- [SpringApplicationShutdownHook] com.alibaba.nacos.common.remote.client   : Shutdown rpc client, set status to shutdown
10:34:07:654  INFO 6024 --- [SpringApplicationShutdownHook] com.alibaba.nacos.common.remote.client   : Shutdown client event executor java.util.concurrent.ScheduledThreadPoolExecutor@377d433b[Running, pool size = 2, active threads = 2, queued tasks = 0, completed tasks = 0]
10:34:07:655  INFO 6024 --- [SpringApplicationShutdownHook] com.alibaba.nacos.common.remote.client   : Close current connection 1781050220213_192.168.174.1_54356
10:34:07:659  INFO 3572 --- [SpringApplicationShutdownHook] com.alibaba.nacos.common.remote.client   : Shutdown rpc client, set status to shutdown
10:34:07:659  INFO 3572 --- [SpringApplicationShutdownHook] com.alibaba.nacos.common.remote.client   : Shutdown client event executor java.util.concurrent.ScheduledThreadPoolExecutor@65d2f753[Running, pool size = 2, active threads = 2, queued tasks = 0, completed tasks = 0]
10:34:07:659  INFO 3572 --- [SpringApplicationShutdownHook] com.alibaba.nacos.common.remote.client   : Close current connection 1781050234977_192.168.174.1_64250
10:34:07:665  INFO 6024 --- [SpringApplicationShutdownHook] c.a.n.c.remote.client.grpc.GrpcClient    : Shutdown grpc executor java.util.concurrent.ThreadPoolExecutor@486cd72c[Running, pool size = 4, active threads = 0, queued tasks = 0, completed tasks = 674]
10:34:07:666  INFO 3572 --- [SpringApplicationShutdownHook] c.a.n.c.remote.client.grpc.GrpcClient    : Shutdown grpc executor java.util.concurrent.ThreadPoolExecutor@748da2f7[Running, pool size = 4, active threads = 0, queued tasks = 0, completed tasks = 667]
10:34:07:672  INFO 6024 --- [SpringApplicationShutdownHook] com.zaxxer.hikari.HikariDataSource       : HikariPool-1 - Shutdown initiated...
10:34:07:673  INFO 3572 --- [SpringApplicationShutdownHook] com.zaxxer.hikari.HikariDataSource       : HikariPool-1 - Shutdown initiated...
10:34:07:682  INFO 23756 --- [SpringApplicationShutdownHook] com.alibaba.nacos.common.remote.client   : Shutdown rpc client, set status to shutdown
10:34:07:682  INFO 23756 --- [SpringApplicationShutdownHook] com.alibaba.nacos.common.remote.client   : Shutdown client event executor java.util.concurrent.ScheduledThreadPoolExecutor@427333bc[Running, pool size = 2, active threads = 2, queued tasks = 0, completed tasks = 0]
10:34:07:682  INFO 23756 --- [SpringApplicationShutdownHook] com.alibaba.nacos.common.remote.client   : Close current connection 1781050227328_192.168.174.1_64245
10:34:07:690  INFO 23756 --- [nacos-grpc-client-executor-674] c.a.n.c.remote.client.grpc.GrpcClient    : [1781050227328_192.168.174.1_64245]Ignore complete event,isRunning:false,isAbandon=false
10:34:07:693  INFO 23756 --- [SpringApplicationShutdownHook] c.a.n.c.remote.client.grpc.GrpcClient    : Shutdown grpc executor java.util.concurrent.ThreadPoolExecutor@61a4dd32[Running, pool size = 5, active threads = 0, queued tasks = 0, completed tasks = 675]
10:34:07:707  INFO 6024 --- [SpringApplicationShutdownHook] com.zaxxer.hikari.HikariDataSource       : HikariPool-1 - Shutdown completed.
10:34:07:709  INFO 23756 --- [SpringApplicationShutdownHook] com.zaxxer.hikari.HikariDataSource       : HikariPool-1 - Shutdown initiated...
10:34:07:709  INFO 3572 --- [SpringApplicationShutdownHook] com.zaxxer.hikari.HikariDataSource       : HikariPool-1 - Shutdown completed.
10:34:07:729  INFO 23756 --- [SpringApplicationShutdownHook] com.zaxxer.hikari.HikariDataSource       : HikariPool-1 - Shutdown completed.
