09:40:18:225  INFO 19972 --- [main] com.jiangkai.UserServiceApplication      : Starting UserServiceApplication using Java 17.0.18 on 30308-81 with PID 19972 (C:\Users\3030881\Desktop\projects\hmall\user-service\target\classes started by 3030881 in C:\Users\3030881\Desktop\projects\hmall)
09:40:18:234  INFO 19972 --- [main] com.jiangkai.UserServiceApplication      : The following 1 profile is active: "local"
09:40:20:035  INFO 19972 --- [main] .s.d.r.c.RepositoryConfigurationDelegate : Multiple Spring Data modules found, entering strict repository configuration mode
09:40:20:040  INFO 19972 --- [main] .s.d.r.c.RepositoryConfigurationDelegate : Bootstrapping Spring Data Redis repositories in DEFAULT mode.
09:40:20:083  INFO 19972 --- [main] .s.d.r.c.RepositoryConfigurationDelegate : Finished Spring Data repository scanning in 23 ms. Found 0 Redis repository interfaces.
09:40:20:410  INFO 19972 --- [main] o.s.cloud.context.scope.GenericScope     : BeanFactory id=de2f2313-4a64-3bed-95ee-3e74a6cd3c94
09:40:21:292  INFO 19972 --- [main] o.s.b.w.embedded.tomcat.TomcatWebServer  : Tomcat initialized with port(s): 8061 (http)
09:40:21:307  INFO 19972 --- [main] o.apache.catalina.core.StandardService   : Starting service [Tomcat]
09:40:21:308  INFO 19972 --- [main] org.apache.catalina.core.StandardEngine  : Starting Servlet engine: [Apache Tomcat/9.0.75]
09:40:21:595  INFO 19972 --- [main] o.a.c.c.C.[Tomcat].[localhost].[/]       : Initializing Spring embedded WebApplicationContext
09:40:21:595  INFO 19972 --- [main] w.s.c.ServletWebServerApplicationContext : Root WebApplicationContext: initialization completed in 3271 ms
09:40:24:813  INFO 19972 --- [main] o.s.cloud.commons.util.InetUtils         : Cannot determine local hostname
09:40:24:877  INFO 19972 --- [main] pertySourcedRequestMappingHandlerMapping : Mapped URL path [/v2/api-docs] onto method [springfox.documentation.swagger2.web.Swagger2ControllerWebMvc#getDocumentation(String, HttpServletRequest)]
09:40:27:651  INFO 19972 --- [main] o.s.cloud.commons.util.InetUtils         : Cannot determine local hostname
09:40:28:117  INFO 19972 --- [main] com.alibaba.nacos.common.remote.client   : [RpcClientFactory] create a new rpc client of 1a4c7636-c766-4bab-8eb3-12b471c5e077
09:40:28:258  INFO 19972 --- [main] org.reflections.Reflections              : Reflections took 66 ms to scan 1 urls, producing 3 keys and 6 values 
09:40:28:316  INFO 19972 --- [main] org.reflections.Reflections              : Reflections took 18 ms to scan 1 urls, producing 4 keys and 9 values 
09:40:28:340  INFO 19972 --- [main] org.reflections.Reflections              : Reflections took 17 ms to scan 1 urls, producing 3 keys and 10 values 
09:40:28:343  WARN 19972 --- [main] org.reflections.Reflections              : given scan urls are empty. set urls in the configuration
09:40:28:357  INFO 19972 --- [main] org.reflections.Reflections              : Reflections took 12 ms to scan 1 urls, producing 1 keys and 5 values 
09:40:28:375  INFO 19972 --- [main] org.reflections.Reflections              : Reflections took 14 ms to scan 1 urls, producing 1 keys and 7 values 
09:40:28:393  INFO 19972 --- [main] org.reflections.Reflections              : Reflections took 12 ms to scan 1 urls, producing 2 keys and 8 values 
09:40:28:397  WARN 19972 --- [main] org.reflections.Reflections              : given scan urls are empty. set urls in the configuration
09:40:28:399  INFO 19972 --- [main] com.alibaba.nacos.common.remote.client   : [1a4c7636-c766-4bab-8eb3-12b471c5e077] RpcClient init label, labels = {module=naming, source=sdk}
09:40:28:403  INFO 19972 --- [main] com.alibaba.nacos.common.remote.client   : [1a4c7636-c766-4bab-8eb3-12b471c5e077] RpcClient init, ServerListFactory = com.alibaba.nacos.client.naming.core.ServerListManager
09:40:28:403  INFO 19972 --- [main] com.alibaba.nacos.common.remote.client   : [1a4c7636-c766-4bab-8eb3-12b471c5e077] Registry connection listener to current client:com.alibaba.nacos.client.naming.remote.gprc.redo.NamingGrpcRedoService
09:40:28:404  INFO 19972 --- [main] com.alibaba.nacos.common.remote.client   : [1a4c7636-c766-4bab-8eb3-12b471c5e077] Register server push request handler:com.alibaba.nacos.client.naming.remote.gprc.NamingPushRequestHandler
09:40:28:407  INFO 19972 --- [main] com.alibaba.nacos.common.remote.client   : [1a4c7636-c766-4bab-8eb3-12b471c5e077] Try to connect to server on start up, server: {serverIp = '192.168.174.128', server main port = 8848}
09:40:30:579  INFO 19972 --- [main] com.alibaba.nacos.common.remote.client   : [1a4c7636-c766-4bab-8eb3-12b471c5e077] Success to connect to server [192.168.174.128:8848] on start up, connectionId = 1781050223099_192.168.174.1_64237
09:40:30:581  INFO 19972 --- [com.alibaba.nacos.client.remote.worker] com.alibaba.nacos.common.remote.client   : [1a4c7636-c766-4bab-8eb3-12b471c5e077] Notify connected event to listeners.
09:40:30:581  INFO 19972 --- [main] com.alibaba.nacos.common.remote.client   : [1a4c7636-c766-4bab-8eb3-12b471c5e077] Register server push request handler:com.alibaba.nacos.common.remote.client.RpcClient$ConnectResetRequestHandler
09:40:30:581  INFO 19972 --- [main] com.alibaba.nacos.common.remote.client   : [1a4c7636-c766-4bab-8eb3-12b471c5e077] Register server push request handler:com.alibaba.nacos.common.remote.client.RpcClient$$Lambda$1099/0x0000024a3c8a1ad0
09:40:30:690  INFO 19972 --- [main] o.s.b.w.embedded.tomcat.TomcatWebServer  : Tomcat started on port(s): 8061 (http) with context path ''
09:40:30:715  INFO 19972 --- [main] c.a.c.n.registry.NacosServiceRegistry    : nacos registry, DEFAULT_GROUP user-service 192.168.161.1:8061 register finished
09:40:31:203  INFO 19972 --- [nacos-grpc-client-executor-9] com.alibaba.nacos.common.remote.client   : [1a4c7636-c766-4bab-8eb3-12b471c5e077] Receive server push request, request = NotifySubscriberRequest, requestId = 3
09:40:31:208  INFO 19972 --- [nacos-grpc-client-executor-9] com.alibaba.nacos.common.remote.client   : [1a4c7636-c766-4bab-8eb3-12b471c5e077] Ack server push request, request = NotifySubscriberRequest, requestId = 3
09:40:32:058  INFO 19972 --- [main] o.s.cloud.commons.util.InetUtils         : Cannot determine local hostname
09:40:32:062  INFO 19972 --- [main] d.s.w.p.DocumentationPluginsBootstrapper : Documentation plugins bootstrapped
09:40:32:072  INFO 19972 --- [main] d.s.w.p.DocumentationPluginsBootstrapper : Found 1 custom documentation plugin(s)
09:40:32:131  INFO 19972 --- [main] s.d.s.w.s.ApiListingReferenceScanner     : Scanning for api listing references
09:40:32:405  INFO 19972 --- [main] .d.s.w.r.o.CachingOperationNameGenerator : Generating unique operation named: openapiJsonUsingGET_1
09:40:32:465  INFO 19972 --- [main] com.jiangkai.UserServiceApplication      : Started UserServiceApplication in 16.361 seconds (JVM running for 17.015)
09:46:22:437  WARN 19972 --- [Thread-8] c.a.n.common.http.HttpClientBeanHolder   : [HttpClientBeanHolder] Start destroying common HttpClient
09:46:22:438  WARN 19972 --- [Thread-5] c.a.nacos.common.notify.NotifyCenter     : [NotifyCenter] Start destroying Publisher
09:46:22:439  WARN 19972 --- [Thread-5] c.a.nacos.common.notify.NotifyCenter     : [NotifyCenter] Destruction of the end
09:46:22:439  WARN 19972 --- [Thread-8] c.a.n.common.http.HttpClientBeanHolder   : [HttpClientBeanHolder] Destruction of the end
09:46:22:482  INFO 19972 --- [SpringApplicationShutdownHook] c.a.c.n.registry.NacosServiceRegistry    : De-registering from Nacos Server now...
09:46:22:490  INFO 19972 --- [SpringApplicationShutdownHook] c.a.c.n.registry.NacosServiceRegistry    : De-registration finished.
09:46:22:817  INFO 19972 --- [SpringApplicationShutdownHook] com.alibaba.nacos.common.remote.client   : Shutdown rpc client, set status to shutdown
09:46:22:817  INFO 19972 --- [SpringApplicationShutdownHook] com.alibaba.nacos.common.remote.client   : Shutdown client event executor java.util.concurrent.ScheduledThreadPoolExecutor@6149dc8f[Running, pool size = 2, active threads = 2, queued tasks = 0, completed tasks = 0]
09:46:22:818  INFO 19972 --- [SpringApplicationShutdownHook] com.alibaba.nacos.common.remote.client   : Close current connection 1781050223099_192.168.174.1_64237
09:46:22:824  INFO 19972 --- [nacos-grpc-client-executor-90] c.a.n.c.remote.client.grpc.GrpcClient    : [1781050223099_192.168.174.1_64237]Ignore complete event,isRunning:false,isAbandon=false
09:46:22:830  INFO 19972 --- [SpringApplicationShutdownHook] c.a.n.c.remote.client.grpc.GrpcClient    : Shutdown grpc executor java.util.concurrent.ThreadPoolExecutor@67df9e6[Running, pool size = 5, active threads = 0, queued tasks = 0, completed tasks = 91]
09:49:05:779  INFO 24708 --- [main] com.jiangkai.UserServiceApplication      : The following 1 profile is active: "local"
09:49:06:554  INFO 24708 --- [main] .s.d.r.c.RepositoryConfigurationDelegate : Multiple Spring Data modules found, entering strict repository configuration mode
09:49:06:556  INFO 24708 --- [main] .s.d.r.c.RepositoryConfigurationDelegate : Bootstrapping Spring Data Redis repositories in DEFAULT mode.
09:49:06:578  INFO 24708 --- [main] .s.d.r.c.RepositoryConfigurationDelegate : Finished Spring Data repository scanning in 11 ms. Found 0 Redis repository interfaces.
09:49:06:770  INFO 24708 --- [main] o.s.cloud.context.scope.GenericScope     : BeanFactory id=dc372cd3-50c5-3d11-a996-4c6429a90067
09:49:07:109  INFO 24708 --- [main] o.s.b.w.embedded.tomcat.TomcatWebServer  : Tomcat initialized with port(s): 8061 (http)
09:49:07:117  INFO 24708 --- [main] o.apache.catalina.core.StandardService   : Starting service [Tomcat]
09:49:07:118  INFO 24708 --- [main] org.apache.catalina.core.StandardEngine  : Starting Servlet engine: [Apache Tomcat/9.0.75]
09:49:07:234  INFO 24708 --- [main] o.a.c.c.C.[Tomcat].[localhost].[/]       : Initializing Spring embedded WebApplicationContext
09:49:07:234  INFO 24708 --- [main] w.s.c.ServletWebServerApplicationContext : Root WebApplicationContext: initialization completed in 1441 ms
09:49:09:568  INFO 24708 --- [main] o.s.cloud.commons.util.InetUtils         : Cannot determine local hostname
09:49:09:597  INFO 24708 --- [main] pertySourcedRequestMappingHandlerMapping : Mapped URL path [/v2/api-docs] onto method [springfox.documentation.swagger2.web.Swagger2ControllerWebMvc#getDocumentation(String, HttpServletRequest)]
09:49:11:081  INFO 24708 --- [main] o.s.cloud.commons.util.InetUtils         : Cannot determine local hostname
09:49:11:186  INFO 24708 --- [main] com.alibaba.nacos.common.remote.client   : [RpcClientFactory] create a new rpc client of 9d0ac2cd-9cc6-4385-a98f-769d89ea049b
09:49:11:187  INFO 24708 --- [main] com.alibaba.nacos.common.remote.client   : [9d0ac2cd-9cc6-4385-a98f-769d89ea049b] RpcClient init label, labels = {module=naming, source=sdk}
09:49:11:190  INFO 24708 --- [main] com.alibaba.nacos.common.remote.client   : [9d0ac2cd-9cc6-4385-a98f-769d89ea049b] RpcClient init, ServerListFactory = com.alibaba.nacos.client.naming.core.ServerListManager
09:49:11:190  INFO 24708 --- [main] com.alibaba.nacos.common.remote.client   : [9d0ac2cd-9cc6-4385-a98f-769d89ea049b] Registry connection listener to current client:com.alibaba.nacos.client.naming.remote.gprc.redo.NamingGrpcRedoService
09:49:11:190  INFO 24708 --- [main] com.alibaba.nacos.common.remote.client   : [9d0ac2cd-9cc6-4385-a98f-769d89ea049b] Register server push request handler:com.alibaba.nacos.client.naming.remote.gprc.NamingPushRequestHandler
09:49:11:191  INFO 24708 --- [main] com.alibaba.nacos.common.remote.client   : [9d0ac2cd-9cc6-4385-a98f-769d89ea049b] Try to connect to server on start up, server: {serverIp = '192.168.174.128', server main port = 8848}
09:49:11:323  INFO 24708 --- [main] com.alibaba.nacos.common.remote.client   : [9d0ac2cd-9cc6-4385-a98f-769d89ea049b] Success to connect to server [192.168.174.128:8848] on start up, connectionId = 1781050767806_192.168.174.1_52301
09:49:11:324  INFO 24708 --- [com.alibaba.nacos.client.remote.worker] com.alibaba.nacos.common.remote.client   : [9d0ac2cd-9cc6-4385-a98f-769d89ea049b] Notify connected event to listeners.
09:49:11:324  INFO 24708 --- [main] com.alibaba.nacos.common.remote.client   : [9d0ac2cd-9cc6-4385-a98f-769d89ea049b] Register server push request handler:com.alibaba.nacos.common.remote.client.RpcClient$ConnectResetRequestHandler
09:49:11:324  INFO 24708 --- [main] com.alibaba.nacos.common.remote.client   : [9d0ac2cd-9cc6-4385-a98f-769d89ea049b] Register server push request handler:com.alibaba.nacos.common.remote.client.RpcClient$$Lambda$426/0x000001d2814a4d90
09:49:11:374  INFO 24708 --- [main] o.s.b.w.embedded.tomcat.TomcatWebServer  : Tomcat started on port(s): 8061 (http) with context path ''
09:49:11:386  INFO 24708 --- [main] c.a.c.n.registry.NacosServiceRegistry    : nacos registry, DEFAULT_GROUP user-service 192.168.161.1:8061 register finished
09:49:11:849  INFO 24708 --- [nacos-grpc-client-executor-7] com.alibaba.nacos.common.remote.client   : [9d0ac2cd-9cc6-4385-a98f-769d89ea049b] Receive server push request, request = NotifySubscriberRequest, requestId = 13
09:49:11:852  INFO 24708 --- [nacos-grpc-client-executor-7] com.alibaba.nacos.common.remote.client   : [9d0ac2cd-9cc6-4385-a98f-769d89ea049b] Ack server push request, request = NotifySubscriberRequest, requestId = 13
09:49:12:490  INFO 24708 --- [main] o.s.cloud.commons.util.InetUtils         : Cannot determine local hostname
09:49:12:491  INFO 24708 --- [main] d.s.w.p.DocumentationPluginsBootstrapper : Documentation plugins bootstrapped
09:49:12:499  INFO 24708 --- [main] d.s.w.p.DocumentationPluginsBootstrapper : Found 1 custom documentation plugin(s)
09:49:12:522  INFO 24708 --- [main] s.d.s.w.s.ApiListingReferenceScanner     : Scanning for api listing references
09:49:12:620  INFO 24708 --- [main] .d.s.w.r.o.CachingOperationNameGenerator : Generating unique operation named: openapiJsonUsingGET_1
09:49:12:643  INFO 24708 --- [main] com.jiangkai.UserServiceApplication      : Started UserServiceApplication in 11.179 seconds (JVM running for 11.975)
09:49:12:648  INFO 24708 --- [main] c.a.c.n.refresh.NacosContextRefresher    : [Nacos Config] Listening config: dataId=user-service.yaml, group=DEFAULT_GROUP
09:49:12:648  INFO 24708 --- [main] c.a.c.n.refresh.NacosContextRefresher    : [Nacos Config] Listening config: dataId=user-service-local.yaml, group=DEFAULT_GROUP
09:49:12:648  INFO 24708 --- [main] c.a.c.n.refresh.NacosContextRefresher    : [Nacos Config] Listening config: dataId=user-service, group=DEFAULT_GROUP
10:11:02:350  INFO 24708 --- [http-nio-8061-exec-1] o.a.c.c.C.[Tomcat].[localhost].[/]       : Initializing Spring DispatcherServlet 'dispatcherServlet'
10:11:02:350  INFO 24708 --- [http-nio-8061-exec-1] o.s.web.servlet.DispatcherServlet        : Initializing Servlet 'dispatcherServlet'
10:11:02:352  INFO 24708 --- [http-nio-8061-exec-1] o.s.web.servlet.DispatcherServlet        : Completed initialization in 1 ms
10:11:02:555  INFO 24708 --- [http-nio-8061-exec-1] com.zaxxer.hikari.HikariDataSource       : HikariPool-1 - Starting...
10:11:02:986  INFO 24708 --- [http-nio-8061-exec-1] com.zaxxer.hikari.HikariDataSource       : HikariPool-1 - Start completed.
10:23:19:639  WARN 24708 --- [Thread-5] c.a.nacos.common.notify.NotifyCenter     : [NotifyCenter] Start destroying Publisher
10:23:19:639  WARN 24708 --- [Thread-1] c.a.n.common.http.HttpClientBeanHolder   : [HttpClientBeanHolder] Start destroying common HttpClient
10:23:19:639  WARN 24708 --- [Thread-5] c.a.nacos.common.notify.NotifyCenter     : [NotifyCenter] Destruction of the end
10:23:19:640  WARN 24708 --- [Thread-1] c.a.n.common.http.HttpClientBeanHolder   : [HttpClientBeanHolder] Destruction of the end
10:23:19:693  INFO 24708 --- [SpringApplicationShutdownHook] c.a.c.n.registry.NacosServiceRegistry    : De-registering from Nacos Server now...
10:23:19:696  INFO 24708 --- [SpringApplicationShutdownHook] c.a.c.n.registry.NacosServiceRegistry    : De-registration finished.
10:23:20:011  INFO 24708 --- [SpringApplicationShutdownHook] com.alibaba.nacos.common.remote.client   : Shutdown rpc client, set status to shutdown
10:23:20:011  INFO 24708 --- [SpringApplicationShutdownHook] com.alibaba.nacos.common.remote.client   : Shutdown client event executor java.util.concurrent.ScheduledThreadPoolExecutor@83b6862[Running, pool size = 2, active threads = 2, queued tasks = 0, completed tasks = 0]
10:23:20:011  INFO 24708 --- [SpringApplicationShutdownHook] com.alibaba.nacos.common.remote.client   : Close current connection 1781050767806_192.168.174.1_52301
10:23:20:015  INFO 24708 --- [SpringApplicationShutdownHook] c.a.n.c.remote.client.grpc.GrpcClient    : Shutdown grpc executor java.util.concurrent.ThreadPoolExecutor@544dacbb[Running, pool size = 4, active threads = 0, queued tasks = 0, completed tasks = 425]
10:23:20:019  INFO 24708 --- [SpringApplicationShutdownHook] com.zaxxer.hikari.HikariDataSource       : HikariPool-1 - Shutdown initiated...
10:23:20:041  INFO 24708 --- [SpringApplicationShutdownHook] com.zaxxer.hikari.HikariDataSource       : HikariPool-1 - Shutdown completed.
10:23:28:896  INFO 4932 --- [main] com.jiangkai.UserServiceApplication      : The following 1 profile is active: "local"
10:23:29:532  INFO 4932 --- [main] .s.d.r.c.RepositoryConfigurationDelegate : Multiple Spring Data modules found, entering strict repository configuration mode
10:23:29:534  INFO 4932 --- [main] .s.d.r.c.RepositoryConfigurationDelegate : Bootstrapping Spring Data Redis repositories in DEFAULT mode.
10:23:29:554  INFO 4932 --- [main] .s.d.r.c.RepositoryConfigurationDelegate : Finished Spring Data repository scanning in 10 ms. Found 0 Redis repository interfaces.
10:23:29:735  INFO 4932 --- [main] o.s.cloud.context.scope.GenericScope     : BeanFactory id=dc372cd3-50c5-3d11-a996-4c6429a90067
10:23:30:045  INFO 4932 --- [main] o.s.b.w.embedded.tomcat.TomcatWebServer  : Tomcat initialized with port(s): 8061 (http)
10:23:30:061  INFO 4932 --- [main] o.apache.catalina.core.StandardService   : Starting service [Tomcat]
10:23:30:061  INFO 4932 --- [main] org.apache.catalina.core.StandardEngine  : Starting Servlet engine: [Apache Tomcat/9.0.75]
10:23:30:165  INFO 4932 --- [main] o.a.c.c.C.[Tomcat].[localhost].[/]       : Initializing Spring embedded WebApplicationContext
10:23:30:165  INFO 4932 --- [main] w.s.c.ServletWebServerApplicationContext : Root WebApplicationContext: initialization completed in 1257 ms
10:23:32:315  INFO 4932 --- [main] o.s.cloud.commons.util.InetUtils         : Cannot determine local hostname
10:23:32:341  INFO 4932 --- [main] pertySourcedRequestMappingHandlerMapping : Mapped URL path [/v2/api-docs] onto method [springfox.documentation.swagger2.web.Swagger2ControllerWebMvc#getDocumentation(String, HttpServletRequest)]
10:23:33:738  INFO 4932 --- [main] o.s.cloud.commons.util.InetUtils         : Cannot determine local hostname
10:23:33:822  INFO 4932 --- [main] com.alibaba.nacos.common.remote.client   : [RpcClientFactory] create a new rpc client of be864496-6dfe-41f4-a864-095f76222c86
10:23:33:823  INFO 4932 --- [main] com.alibaba.nacos.common.remote.client   : [be864496-6dfe-41f4-a864-095f76222c86] RpcClient init label, labels = {module=naming, source=sdk}
10:23:33:825  INFO 4932 --- [main] com.alibaba.nacos.common.remote.client   : [be864496-6dfe-41f4-a864-095f76222c86] RpcClient init, ServerListFactory = com.alibaba.nacos.client.naming.core.ServerListManager
10:23:33:825  INFO 4932 --- [main] com.alibaba.nacos.common.remote.client   : [be864496-6dfe-41f4-a864-095f76222c86] Registry connection listener to current client:com.alibaba.nacos.client.naming.remote.gprc.redo.NamingGrpcRedoService
10:23:33:825  INFO 4932 --- [main] com.alibaba.nacos.common.remote.client   : [be864496-6dfe-41f4-a864-095f76222c86] Register server push request handler:com.alibaba.nacos.client.naming.remote.gprc.NamingPushRequestHandler
10:23:33:826  INFO 4932 --- [main] com.alibaba.nacos.common.remote.client   : [be864496-6dfe-41f4-a864-095f76222c86] Try to connect to server on start up, server: {serverIp = '192.168.174.128', server main port = 8848}
10:23:33:948  INFO 4932 --- [main] com.alibaba.nacos.common.remote.client   : [be864496-6dfe-41f4-a864-095f76222c86] Success to connect to server [192.168.174.128:8848] on start up, connectionId = 1781053002320_192.168.174.1_58630
10:23:33:949  INFO 4932 --- [main] com.alibaba.nacos.common.remote.client   : [be864496-6dfe-41f4-a864-095f76222c86] Register server push request handler:com.alibaba.nacos.common.remote.client.RpcClient$ConnectResetRequestHandler
10:23:33:949  INFO 4932 --- [main] com.alibaba.nacos.common.remote.client   : [be864496-6dfe-41f4-a864-095f76222c86] Register server push request handler:com.alibaba.nacos.common.remote.client.RpcClient$$Lambda$426/0x000002b5014a4200
10:23:33:949  INFO 4932 --- [com.alibaba.nacos.client.remote.worker] com.alibaba.nacos.common.remote.client   : [be864496-6dfe-41f4-a864-095f76222c86] Notify connected event to listeners.
10:23:34:014  INFO 4932 --- [main] o.s.b.w.embedded.tomcat.TomcatWebServer  : Tomcat started on port(s): 8061 (http) with context path ''
10:23:34:025  INFO 4932 --- [main] c.a.c.n.registry.NacosServiceRegistry    : nacos registry, DEFAULT_GROUP user-service 192.168.161.1:8061 register finished
10:23:34:494  INFO 4932 --- [nacos-grpc-client-executor-6] com.alibaba.nacos.common.remote.client   : [be864496-6dfe-41f4-a864-095f76222c86] Receive server push request, request = NotifySubscriberRequest, requestId = 29
10:23:34:498  INFO 4932 --- [nacos-grpc-client-executor-6] com.alibaba.nacos.common.remote.client   : [be864496-6dfe-41f4-a864-095f76222c86] Ack server push request, request = NotifySubscriberRequest, requestId = 29
10:23:35:133  INFO 4932 --- [main] o.s.cloud.commons.util.InetUtils         : Cannot determine local hostname
10:23:35:134  INFO 4932 --- [main] d.s.w.p.DocumentationPluginsBootstrapper : Documentation plugins bootstrapped
10:23:35:142  INFO 4932 --- [main] d.s.w.p.DocumentationPluginsBootstrapper : Found 1 custom documentation plugin(s)
10:23:35:165  INFO 4932 --- [main] s.d.s.w.s.ApiListingReferenceScanner     : Scanning for api listing references
10:23:35:275  INFO 4932 --- [main] .d.s.w.r.o.CachingOperationNameGenerator : Generating unique operation named: openapiJsonUsingGET_1
10:23:35:294  INFO 4932 --- [main] com.jiangkai.UserServiceApplication      : Started UserServiceApplication in 10.474 seconds (JVM running for 10.943)
10:23:35:298  INFO 4932 --- [main] c.a.c.n.refresh.NacosContextRefresher    : [Nacos Config] Listening config: dataId=user-service.yaml, group=DEFAULT_GROUP
10:23:35:298  INFO 4932 --- [main] c.a.c.n.refresh.NacosContextRefresher    : [Nacos Config] Listening config: dataId=user-service-local.yaml, group=DEFAULT_GROUP
10:23:35:299  INFO 4932 --- [main] c.a.c.n.refresh.NacosContextRefresher    : [Nacos Config] Listening config: dataId=user-service, group=DEFAULT_GROUP
10:25:48:877  INFO 4932 --- [http-nio-8061-exec-1] o.a.c.c.C.[Tomcat].[localhost].[/]       : Initializing Spring DispatcherServlet 'dispatcherServlet'
10:25:48:878  INFO 4932 --- [http-nio-8061-exec-1] o.s.web.servlet.DispatcherServlet        : Initializing Servlet 'dispatcherServlet'
10:25:48:879  INFO 4932 --- [http-nio-8061-exec-1] o.s.web.servlet.DispatcherServlet        : Completed initialization in 1 ms
10:25:49:019  INFO 4932 --- [http-nio-8061-exec-1] com.zaxxer.hikari.HikariDataSource       : HikariPool-1 - Starting...
10:25:49:241  INFO 4932 --- [http-nio-8061-exec-1] com.zaxxer.hikari.HikariDataSource       : HikariPool-1 - Start completed.
10:29:29:806  INFO 4932 --- [http-nio-8061-exec-3] c.j.u.service.impl.UserServiceImpl       : 开始扣款
10:29:29:884 ERROR 4932 --- [http-nio-8061-exec-3] o.a.c.c.C.[.[.[/].[dispatcherServlet]    : Servlet.service() for servlet [dispatcherServlet] in context with path [] threw exception [Request processing failed; nested exception is com.hmall.common.exception.BizIllegalException: 用户密码错误] with root cause

com.hmall.common.exception.BizIllegalException: 用户密码错误
	at com.jiangkai.userservice.service.impl.UserServiceImpl.deductMoney(UserServiceImpl.java:74) ~[classes/:na]
	at com.jiangkai.userservice.service.impl.UserServiceImpl$$FastClassBySpringCGLIB$$3be082.invoke(<generated>) ~[classes/:na]
	at org.springframework.cglib.proxy.MethodProxy.invoke(MethodProxy.java:218) ~[spring-core-5.3.27.jar:5.3.27]
	at org.springframework.aop.framework.CglibAopProxy.invokeMethod(CglibAopProxy.java:386) ~[spring-aop-5.3.27.jar:5.3.27]
	at org.springframework.aop.framework.CglibAopProxy.access$000(CglibAopProxy.java:85) ~[spring-aop-5.3.27.jar:5.3.27]
	at org.springframework.aop.framework.CglibAopProxy$DynamicAdvisedInterceptor.intercept(CglibAopProxy.java:704) ~[spring-aop-5.3.27.jar:5.3.27]
	at com.jiangkai.userservice.service.impl.UserServiceImpl$$EnhancerBySpringCGLIB$$2f8227c8.deductMoney(<generated>) ~[classes/:na]
	at com.jiangkai.userservice.controller.UserController.deductMoney(UserController.java:35) ~[classes/:na]
	at java.base/jdk.internal.reflect.NativeMethodAccessorImpl.invoke0(Native Method) ~[na:na]
	at java.base/jdk.internal.reflect.NativeMethodAccessorImpl.invoke(NativeMethodAccessorImpl.java:77) ~[na:na]
	at java.base/jdk.internal.reflect.DelegatingMethodAccessorImpl.invoke(DelegatingMethodAccessorImpl.java:43) ~[na:na]
	at java.base/java.lang.reflect.Method.invoke(Method.java:569) ~[na:na]
	at org.springframework.web.method.support.InvocableHandlerMethod.doInvoke(InvocableHandlerMethod.java:205) ~[spring-web-5.3.27.jar:5.3.27]
	at org.springframework.web.method.support.InvocableHandlerMethod.invokeForRequest(InvocableHandlerMethod.java:150) ~[spring-web-5.3.27.jar:5.3.27]
	at org.springframework.web.servlet.mvc.method.annotation.ServletInvocableHandlerMethod.invokeAndHandle(ServletInvocableHandlerMethod.java:117) ~[spring-webmvc-5.3.27.jar:5.3.27]
	at org.springframework.web.servlet.mvc.method.annotation.RequestMappingHandlerAdapter.invokeHandlerMethod(RequestMappingHandlerAdapter.java:895) ~[spring-webmvc-5.3.27.jar:5.3.27]
	at org.springframework.web.servlet.mvc.method.annotation.RequestMappingHandlerAdapter.handleInternal(RequestMappingHandlerAdapter.java:808) ~[spring-webmvc-5.3.27.jar:5.3.27]
	at org.springframework.web.servlet.mvc.method.AbstractHandlerMethodAdapter.handle(AbstractHandlerMethodAdapter.java:87) ~[spring-webmvc-5.3.27.jar:5.3.27]
	at org.springframework.web.servlet.DispatcherServlet.doDispatch(DispatcherServlet.java:1072) ~[spring-webmvc-5.3.27.jar:5.3.27]
	at org.springframework.web.servlet.DispatcherServlet.doService(DispatcherServlet.java:965) ~[spring-webmvc-5.3.27.jar:5.3.27]
	at org.springframework.web.servlet.FrameworkServlet.processRequest(FrameworkServlet.java:1006) ~[spring-webmvc-5.3.27.jar:5.3.27]
	at org.springframework.web.servlet.FrameworkServlet.doPut(FrameworkServlet.java:920) ~[spring-webmvc-5.3.27.jar:5.3.27]
	at javax.servlet.http.HttpServlet.service(HttpServlet.java:558) ~[tomcat-embed-core-9.0.75.jar:4.0.FR]
	at org.springframework.web.servlet.FrameworkServlet.service(FrameworkServlet.java:883) ~[spring-webmvc-5.3.27.jar:5.3.27]
	at javax.servlet.http.HttpServlet.service(HttpServlet.java:623) ~[tomcat-embed-core-9.0.75.jar:4.0.FR]
	at org.apache.catalina.core.ApplicationFilterChain.internalDoFilter(ApplicationFilterChain.java:209) ~[tomcat-embed-core-9.0.75.jar:9.0.75]
	at org.apache.catalina.core.ApplicationFilterChain.doFilter(ApplicationFilterChain.java:153) ~[tomcat-embed-core-9.0.75.jar:9.0.75]
	at org.apache.tomcat.websocket.server.WsFilter.doFilter(WsFilter.java:51) ~[tomcat-embed-websocket-9.0.75.jar:9.0.75]
	at org.apache.catalina.core.ApplicationFilterChain.internalDoFilter(ApplicationFilterChain.java:178) ~[tomcat-embed-core-9.0.75.jar:9.0.75]
	at org.apache.catalina.core.ApplicationFilterChain.doFilter(ApplicationFilterChain.java:153) ~[tomcat-embed-core-9.0.75.jar:9.0.75]
	at org.springframework.web.filter.RequestContextFilter.doFilterInternal(RequestContextFilter.java:100) ~[spring-web-5.3.27.jar:5.3.27]
	at org.springframework.web.filter.OncePerRequestFilter.doFilter(OncePerRequestFilter.java:117) ~[spring-web-5.3.27.jar:5.3.27]
	at org.apache.catalina.core.ApplicationFilterChain.internalDoFilter(ApplicationFilterChain.java:178) ~[tomcat-embed-core-9.0.75.jar:9.0.75]
	at org.apache.catalina.core.ApplicationFilterChain.doFilter(ApplicationFilterChain.java:153) ~[tomcat-embed-core-9.0.75.jar:9.0.75]
	at org.springframework.web.filter.FormContentFilter.doFilterInternal(FormContentFilter.java:93) ~[spring-web-5.3.27.jar:5.3.27]
	at org.springframework.web.filter.OncePerRequestFilter.doFilter(OncePerRequestFilter.java:117) ~[spring-web-5.3.27.jar:5.3.27]
	at org.apache.catalina.core.ApplicationFilterChain.internalDoFilter(ApplicationFilterChain.java:178) ~[tomcat-embed-core-9.0.75.jar:9.0.75]
	at org.apache.catalina.core.ApplicationFilterChain.doFilter(ApplicationFilterChain.java:153) ~[tomcat-embed-core-9.0.75.jar:9.0.75]
	at org.springframework.web.filter.CharacterEncodingFilter.doFilterInternal(CharacterEncodingFilter.java:201) ~[spring-web-5.3.27.jar:5.3.27]
	at org.springframework.web.filter.OncePerRequestFilter.doFilter(OncePerRequestFilter.java:117) ~[spring-web-5.3.27.jar:5.3.27]
	at org.apache.catalina.core.ApplicationFilterChain.internalDoFilter(ApplicationFilterChain.java:178) ~[tomcat-embed-core-9.0.75.jar:9.0.75]
	at org.apache.catalina.core.ApplicationFilterChain.doFilter(ApplicationFilterChain.java:153) ~[tomcat-embed-core-9.0.75.jar:9.0.75]
	at org.apache.catalina.core.StandardWrapperValve.invoke(StandardWrapperValve.java:167) ~[tomcat-embed-core-9.0.75.jar:9.0.75]
	at org.apache.catalina.core.StandardContextValve.invoke(StandardContextValve.java:90) ~[tomcat-embed-core-9.0.75.jar:9.0.75]
	at org.apache.catalina.authenticator.AuthenticatorBase.invoke(AuthenticatorBase.java:481) ~[tomcat-embed-core-9.0.75.jar:9.0.75]
	at org.apache.catalina.core.StandardHostValve.invoke(StandardHostValve.java:130) ~[tomcat-embed-core-9.0.75.jar:9.0.75]
	at org.apache.catalina.valves.ErrorReportValve.invoke(ErrorReportValve.java:93) ~[tomcat-embed-core-9.0.75.jar:9.0.75]
	at org.apache.catalina.core.StandardEngineValve.invoke(StandardEngineValve.java:74) ~[tomcat-embed-core-9.0.75.jar:9.0.75]
	at org.apache.catalina.connector.CoyoteAdapter.service(CoyoteAdapter.java:343) ~[tomcat-embed-core-9.0.75.jar:9.0.75]
	at org.apache.coyote.http11.Http11Processor.service(Http11Processor.java:390) ~[tomcat-embed-core-9.0.75.jar:9.0.75]
	at org.apache.coyote.AbstractProcessorLight.process(AbstractProcessorLight.java:63) ~[tomcat-embed-core-9.0.75.jar:9.0.75]
	at org.apache.coyote.AbstractProtocol$ConnectionHandler.process(AbstractProtocol.java:926) ~[tomcat-embed-core-9.0.75.jar:9.0.75]
	at org.apache.tomcat.util.net.NioEndpoint$SocketProcessor.doRun(NioEndpoint.java:1791) ~[tomcat-embed-core-9.0.75.jar:9.0.75]
	at org.apache.tomcat.util.net.SocketProcessorBase.run(SocketProcessorBase.java:52) ~[tomcat-embed-core-9.0.75.jar:9.0.75]
	at org.apache.tomcat.util.threads.ThreadPoolExecutor.runWorker(ThreadPoolExecutor.java:1191) ~[tomcat-embed-core-9.0.75.jar:9.0.75]
	at org.apache.tomcat.util.threads.ThreadPoolExecutor$Worker.run(ThreadPoolExecutor.java:659) ~[tomcat-embed-core-9.0.75.jar:9.0.75]
	at org.apache.tomcat.util.threads.TaskThread$WrappingRunnable.run(TaskThread.java:61) ~[tomcat-embed-core-9.0.75.jar:9.0.75]
	at java.base/java.lang.Thread.run(Thread.java:840) ~[na:na]

10:29:40:906  INFO 4932 --- [http-nio-8061-exec-7] c.j.u.service.impl.UserServiceImpl       : 开始扣款
10:29:41:001  INFO 4932 --- [http-nio-8061-exec-7] c.j.u.service.impl.UserServiceImpl       : 扣款成功
10:34:07:236  WARN 4932 --- [Thread-1] c.a.n.common.http.HttpClientBeanHolder   : [HttpClientBeanHolder] Start destroying common HttpClient
10:34:07:237  WARN 4932 --- [Thread-5] c.a.nacos.common.notify.NotifyCenter     : [NotifyCenter] Start destroying Publisher
10:34:07:237  WARN 4932 --- [Thread-5] c.a.nacos.common.notify.NotifyCenter     : [NotifyCenter] Destruction of the end
10:34:07:237  WARN 4932 --- [Thread-1] c.a.n.common.http.HttpClientBeanHolder   : [HttpClientBeanHolder] Destruction of the end
10:34:07:312  INFO 4932 --- [SpringApplicationShutdownHook] c.a.c.n.registry.NacosServiceRegistry    : De-registering from Nacos Server now...
10:34:07:318  INFO 4932 --- [SpringApplicationShutdownHook] c.a.c.n.registry.NacosServiceRegistry    : De-registration finished.
10:34:07:639  INFO 4932 --- [SpringApplicationShutdownHook] com.alibaba.nacos.common.remote.client   : Shutdown rpc client, set status to shutdown
10:34:07:640  INFO 4932 --- [SpringApplicationShutdownHook] com.alibaba.nacos.common.remote.client   : Shutdown client event executor java.util.concurrent.ScheduledThreadPoolExecutor@3fd7e468[Running, pool size = 2, active threads = 2, queued tasks = 0, completed tasks = 0]
10:34:07:641  INFO 4932 --- [SpringApplicationShutdownHook] com.alibaba.nacos.common.remote.client   : Close current connection 1781053002320_192.168.174.1_58630
10:34:07:648  INFO 4932 --- [nacos-grpc-client-executor-138] c.a.n.c.remote.client.grpc.GrpcClient    : [1781053002320_192.168.174.1_58630]Ignore complete event,isRunning:false,isAbandon=false
10:34:07:654  INFO 4932 --- [SpringApplicationShutdownHook] c.a.n.c.remote.client.grpc.GrpcClient    : Shutdown grpc executor java.util.concurrent.ThreadPoolExecutor@1f86a4f7[Running, pool size = 5, active threads = 0, queued tasks = 0, completed tasks = 139]
10:34:07:663  INFO 4932 --- [SpringApplicationShutdownHook] com.zaxxer.hikari.HikariDataSource       : HikariPool-1 - Shutdown initiated...
10:34:07:702  INFO 4932 --- [SpringApplicationShutdownHook] com.zaxxer.hikari.HikariDataSource       : HikariPool-1 - Shutdown completed.
