09:40:19:808  INFO 17860 --- [main] c.j.hmgateway.HmGatewayApplication       : The following 1 profile is active: "dev"
09:40:20:791  INFO 17860 --- [main] o.s.cloud.context.scope.GenericScope     : BeanFactory id=0d8553dc-fc22-388e-846a-44d220d168e0
09:40:20:876  INFO 17860 --- [main] trationDelegate$BeanPostProcessorChecker : Bean 'org.springframework.cloud.client.loadbalancer.reactive.LoadBalancerBeanPostProcessorAutoConfiguration' of type [org.springframework.cloud.client.loadbalancer.reactive.LoadBalancerBeanPostProcessorAutoConfiguration] is not eligible for getting processed by all BeanPostProcessors (for example: not eligible for auto-proxying)
09:40:20:878  INFO 17860 --- [main] trationDelegate$BeanPostProcessorChecker : Bean 'org.springframework.cloud.client.loadbalancer.reactive.LoadBalancerBeanPostProcessorAutoConfiguration$ReactorDeferringLoadBalancerFilterConfig' of type [org.springframework.cloud.client.loadbalancer.reactive.LoadBalancerBeanPostProcessorAutoConfiguration$ReactorDeferringLoadBalancerFilterConfig] is not eligible for getting processed by all BeanPostProcessors (for example: not eligible for auto-proxying)
09:40:20:881  INFO 17860 --- [main] trationDelegate$BeanPostProcessorChecker : Bean 'reactorDeferringLoadBalancerExchangeFilterFunction' of type [org.springframework.cloud.client.loadbalancer.reactive.DeferringLoadBalancerExchangeFilterFunction] is not eligible for getting processed by all BeanPostProcessors (for example: not eligible for auto-proxying)
09:40:23:379  INFO 17860 --- [main] o.s.cloud.commons.util.InetUtils         : Cannot determine local hostname
09:40:24:618  INFO 17860 --- [main] o.s.cloud.commons.util.InetUtils         : Cannot determine local hostname
09:40:25:492  INFO 17860 --- [main] o.s.c.g.r.RouteDefinitionRouteLocator    : Loaded RoutePredicateFactory [After]
09:40:25:494  INFO 17860 --- [main] o.s.c.g.r.RouteDefinitionRouteLocator    : Loaded RoutePredicateFactory [Before]
09:40:25:503  INFO 17860 --- [main] o.s.c.g.r.RouteDefinitionRouteLocator    : Loaded RoutePredicateFactory [Between]
09:40:25:508  INFO 17860 --- [main] o.s.c.g.r.RouteDefinitionRouteLocator    : Loaded RoutePredicateFactory [Cookie]
09:40:25:509  INFO 17860 --- [main] o.s.c.g.r.RouteDefinitionRouteLocator    : Loaded RoutePredicateFactory [Header]
09:40:25:509  INFO 17860 --- [main] o.s.c.g.r.RouteDefinitionRouteLocator    : Loaded RoutePredicateFactory [Host]
09:40:25:511  INFO 17860 --- [main] o.s.c.g.r.RouteDefinitionRouteLocator    : Loaded RoutePredicateFactory [Method]
09:40:25:514  INFO 17860 --- [main] o.s.c.g.r.RouteDefinitionRouteLocator    : Loaded RoutePredicateFactory [Path]
09:40:25:514  INFO 17860 --- [main] o.s.c.g.r.RouteDefinitionRouteLocator    : Loaded RoutePredicateFactory [Query]
09:40:25:514  INFO 17860 --- [main] o.s.c.g.r.RouteDefinitionRouteLocator    : Loaded RoutePredicateFactory [ReadBody]
09:40:25:515  INFO 17860 --- [main] o.s.c.g.r.RouteDefinitionRouteLocator    : Loaded RoutePredicateFactory [RemoteAddr]
09:40:25:516  INFO 17860 --- [main] o.s.c.g.r.RouteDefinitionRouteLocator    : Loaded RoutePredicateFactory [XForwardedRemoteAddr]
09:40:25:516  INFO 17860 --- [main] o.s.c.g.r.RouteDefinitionRouteLocator    : Loaded RoutePredicateFactory [Weight]
09:40:25:516  INFO 17860 --- [main] o.s.c.g.r.RouteDefinitionRouteLocator    : Loaded RoutePredicateFactory [CloudFoundryRouteService]
09:40:27:439  INFO 17860 --- [main] o.s.cloud.commons.util.InetUtils         : Cannot determine local hostname
09:40:27:870  INFO 17860 --- [main] com.alibaba.nacos.common.remote.client   : [RpcClientFactory] create a new rpc client of f5d0c4e1-4f29-46fc-9499-4e024090c843
09:40:27:871  INFO 17860 --- [main] com.alibaba.nacos.common.remote.client   : [f5d0c4e1-4f29-46fc-9499-4e024090c843] RpcClient init label, labels = {module=naming, source=sdk}
09:40:27:875  INFO 17860 --- [main] com.alibaba.nacos.common.remote.client   : [f5d0c4e1-4f29-46fc-9499-4e024090c843] RpcClient init, ServerListFactory = com.alibaba.nacos.client.naming.core.ServerListManager
09:40:27:875  INFO 17860 --- [main] com.alibaba.nacos.common.remote.client   : [f5d0c4e1-4f29-46fc-9499-4e024090c843] Registry connection listener to current client:com.alibaba.nacos.client.naming.remote.gprc.redo.NamingGrpcRedoService
09:40:27:876  INFO 17860 --- [main] com.alibaba.nacos.common.remote.client   : [f5d0c4e1-4f29-46fc-9499-4e024090c843] Register server push request handler:com.alibaba.nacos.client.naming.remote.gprc.NamingPushRequestHandler
09:40:27:878  INFO 17860 --- [main] com.alibaba.nacos.common.remote.client   : [f5d0c4e1-4f29-46fc-9499-4e024090c843] Try to connect to server on start up, server: {serverIp = '192.168.174.128', server main port = 8848}
09:40:28:106  INFO 17860 --- [main] com.alibaba.nacos.common.remote.client   : [f5d0c4e1-4f29-46fc-9499-4e024090c843] Success to connect to server [192.168.174.128:8848] on start up, connectionId = 1781050220731_192.168.174.1_54360
09:40:28:107  INFO 17860 --- [main] com.alibaba.nacos.common.remote.client   : [f5d0c4e1-4f29-46fc-9499-4e024090c843] Register server push request handler:com.alibaba.nacos.common.remote.client.RpcClient$ConnectResetRequestHandler
09:40:28:107  INFO 17860 --- [com.alibaba.nacos.client.remote.worker] com.alibaba.nacos.common.remote.client   : [f5d0c4e1-4f29-46fc-9499-4e024090c843] Notify connected event to listeners.
09:40:28:108  INFO 17860 --- [main] com.alibaba.nacos.common.remote.client   : [f5d0c4e1-4f29-46fc-9499-4e024090c843] Register server push request handler:com.alibaba.nacos.common.remote.client.RpcClient$$Lambda$420/0x000001a80b4a6848
09:40:28:547  INFO 17860 --- [main] o.s.b.web.embedded.netty.NettyWebServer  : Netty started on port 8080
09:40:28:693  INFO 17860 --- [nacos-grpc-client-executor-5] com.alibaba.nacos.common.remote.client   : [f5d0c4e1-4f29-46fc-9499-4e024090c843] Receive server push request, request = NotifySubscriberRequest, requestId = 2
09:40:28:698  INFO 17860 --- [nacos-grpc-client-executor-5] com.alibaba.nacos.common.remote.client   : [f5d0c4e1-4f29-46fc-9499-4e024090c843] Ack server push request, request = NotifySubscriberRequest, requestId = 2
09:40:29:990  INFO 17860 --- [main] o.s.cloud.commons.util.InetUtils         : Cannot determine local hostname
09:40:31:395  INFO 17860 --- [main] o.s.cloud.commons.util.InetUtils         : Cannot determine local hostname
09:40:31:415  INFO 17860 --- [main] c.a.c.n.registry.NacosServiceRegistry    : nacos registry, DEFAULT_GROUP hm-gateway 192.168.161.1:8080 register finished
09:40:31:432  INFO 17860 --- [main] c.j.hmgateway.HmGatewayApplication       : Started HmGatewayApplication in 17.516 seconds (JVM running for 18.099)
09:40:31:437  INFO 17860 --- [main] c.a.c.n.refresh.NacosContextRefresher    : [Nacos Config] Listening config: dataId=hm-gateway-dev.yaml, group=DEFAULT_GROUP
09:40:31:438  INFO 17860 --- [main] c.a.c.n.refresh.NacosContextRefresher    : [Nacos Config] Listening config: dataId=hm-gateway, group=DEFAULT_GROUP
09:40:31:438  INFO 17860 --- [main] c.a.c.n.refresh.NacosContextRefresher    : [Nacos Config] Listening config: dataId=hm-gateway.yaml, group=DEFAULT_GROUP
09:40:31:992  INFO 17860 --- [nacos-grpc-client-executor-10] com.alibaba.nacos.common.remote.client   : [f5d0c4e1-4f29-46fc-9499-4e024090c843] Receive server push request, request = NotifySubscriberRequest, requestId = 4
09:40:31:999  INFO 17860 --- [nacos-grpc-client-executor-10] com.alibaba.nacos.common.remote.client   : [f5d0c4e1-4f29-46fc-9499-4e024090c843] Ack server push request, request = NotifySubscriberRequest, requestId = 4
10:05:21:512  WARN 17860 --- [Thread-5] c.a.nacos.common.notify.NotifyCenter     : [NotifyCenter] Start destroying Publisher
10:05:21:512  WARN 17860 --- [Thread-1] c.a.n.common.http.HttpClientBeanHolder   : [HttpClientBeanHolder] Start destroying common HttpClient
10:05:21:515  WARN 17860 --- [Thread-5] c.a.nacos.common.notify.NotifyCenter     : [NotifyCenter] Destruction of the end
10:05:21:516  WARN 17860 --- [Thread-1] c.a.n.common.http.HttpClientBeanHolder   : [HttpClientBeanHolder] Destruction of the end
10:05:21:533  INFO 17860 --- [SpringApplicationShutdownHook] c.a.c.n.registry.NacosServiceRegistry    : De-registering from Nacos Server now...
10:05:21:537  INFO 17860 --- [SpringApplicationShutdownHook] c.a.c.n.registry.NacosServiceRegistry    : De-registration finished.
10:05:21:862  INFO 17860 --- [SpringApplicationShutdownHook] com.alibaba.nacos.common.remote.client   : Shutdown rpc client, set status to shutdown
10:05:21:863  INFO 17860 --- [SpringApplicationShutdownHook] com.alibaba.nacos.common.remote.client   : Shutdown client event executor java.util.concurrent.ScheduledThreadPoolExecutor@51774117[Running, pool size = 2, active threads = 2, queued tasks = 0, completed tasks = 0]
10:05:21:863  INFO 17860 --- [SpringApplicationShutdownHook] com.alibaba.nacos.common.remote.client   : Close current connection 1781050220731_192.168.174.1_54360
10:05:21:866  INFO 17860 --- [nacos-grpc-client-executor-322] c.a.n.c.remote.client.grpc.GrpcClient    : [1781050220731_192.168.174.1_54360]Ignore complete event,isRunning:false,isAbandon=false
10:05:21:870  INFO 17860 --- [SpringApplicationShutdownHook] c.a.n.c.remote.client.grpc.GrpcClient    : Shutdown grpc executor java.util.concurrent.ThreadPoolExecutor@4237a265[Running, pool size = 5, active threads = 0, queued tasks = 0, completed tasks = 323]
10:05:30:030  INFO 4620 --- [main] c.j.hmgateway.HmGatewayApplication       : No active profile set, falling back to 1 default profile: "default"
10:05:30:512  INFO 4620 --- [main] o.s.cloud.context.scope.GenericScope     : BeanFactory id=0d8553dc-fc22-388e-846a-44d220d168e0
10:05:30:549  INFO 4620 --- [main] trationDelegate$BeanPostProcessorChecker : Bean 'org.springframework.cloud.client.loadbalancer.reactive.LoadBalancerBeanPostProcessorAutoConfiguration' of type [org.springframework.cloud.client.loadbalancer.reactive.LoadBalancerBeanPostProcessorAutoConfiguration] is not eligible for getting processed by all BeanPostProcessors (for example: not eligible for auto-proxying)
10:05:30:550  INFO 4620 --- [main] trationDelegate$BeanPostProcessorChecker : Bean 'org.springframework.cloud.client.loadbalancer.reactive.LoadBalancerBeanPostProcessorAutoConfiguration$ReactorDeferringLoadBalancerFilterConfig' of type [org.springframework.cloud.client.loadbalancer.reactive.LoadBalancerBeanPostProcessorAutoConfiguration$ReactorDeferringLoadBalancerFilterConfig] is not eligible for getting processed by all BeanPostProcessors (for example: not eligible for auto-proxying)
10:05:30:551  INFO 4620 --- [main] trationDelegate$BeanPostProcessorChecker : Bean 'reactorDeferringLoadBalancerExchangeFilterFunction' of type [org.springframework.cloud.client.loadbalancer.reactive.DeferringLoadBalancerExchangeFilterFunction] is not eligible for getting processed by all BeanPostProcessors (for example: not eligible for auto-proxying)
10:05:32:186  INFO 4620 --- [main] o.s.cloud.commons.util.InetUtils         : Cannot determine local hostname
10:05:33:305  INFO 4620 --- [main] o.s.cloud.commons.util.InetUtils         : Cannot determine local hostname
10:05:33:577  INFO 4620 --- [main] o.s.c.g.r.RouteDefinitionRouteLocator    : Loaded RoutePredicateFactory [After]
10:05:33:578  INFO 4620 --- [main] o.s.c.g.r.RouteDefinitionRouteLocator    : Loaded RoutePredicateFactory [Before]
10:05:33:578  INFO 4620 --- [main] o.s.c.g.r.RouteDefinitionRouteLocator    : Loaded RoutePredicateFactory [Between]
10:05:33:578  INFO 4620 --- [main] o.s.c.g.r.RouteDefinitionRouteLocator    : Loaded RoutePredicateFactory [Cookie]
10:05:33:578  INFO 4620 --- [main] o.s.c.g.r.RouteDefinitionRouteLocator    : Loaded RoutePredicateFactory [Header]
10:05:33:578  INFO 4620 --- [main] o.s.c.g.r.RouteDefinitionRouteLocator    : Loaded RoutePredicateFactory [Host]
10:05:33:578  INFO 4620 --- [main] o.s.c.g.r.RouteDefinitionRouteLocator    : Loaded RoutePredicateFactory [Method]
10:05:33:578  INFO 4620 --- [main] o.s.c.g.r.RouteDefinitionRouteLocator    : Loaded RoutePredicateFactory [Path]
10:05:33:578  INFO 4620 --- [main] o.s.c.g.r.RouteDefinitionRouteLocator    : Loaded RoutePredicateFactory [Query]
10:05:33:579  INFO 4620 --- [main] o.s.c.g.r.RouteDefinitionRouteLocator    : Loaded RoutePredicateFactory [ReadBody]
10:05:33:579  INFO 4620 --- [main] o.s.c.g.r.RouteDefinitionRouteLocator    : Loaded RoutePredicateFactory [RemoteAddr]
10:05:33:579  INFO 4620 --- [main] o.s.c.g.r.RouteDefinitionRouteLocator    : Loaded RoutePredicateFactory [XForwardedRemoteAddr]
10:05:33:579  INFO 4620 --- [main] o.s.c.g.r.RouteDefinitionRouteLocator    : Loaded RoutePredicateFactory [Weight]
10:05:33:579  INFO 4620 --- [main] o.s.c.g.r.RouteDefinitionRouteLocator    : Loaded RoutePredicateFactory [CloudFoundryRouteService]
10:05:34:785  INFO 4620 --- [main] o.s.cloud.commons.util.InetUtils         : Cannot determine local hostname
10:05:34:959  INFO 4620 --- [main] com.alibaba.nacos.common.remote.client   : [RpcClientFactory] create a new rpc client of 7f5fa452-675d-46ee-99b3-7ac9c6eb2953
10:05:34:959  INFO 4620 --- [main] com.alibaba.nacos.common.remote.client   : [7f5fa452-675d-46ee-99b3-7ac9c6eb2953] RpcClient init label, labels = {module=naming, source=sdk}
10:05:34:960  INFO 4620 --- [main] com.alibaba.nacos.common.remote.client   : [7f5fa452-675d-46ee-99b3-7ac9c6eb2953] RpcClient init, ServerListFactory = com.alibaba.nacos.client.naming.core.ServerListManager
10:05:34:960  INFO 4620 --- [main] com.alibaba.nacos.common.remote.client   : [7f5fa452-675d-46ee-99b3-7ac9c6eb2953] Registry connection listener to current client:com.alibaba.nacos.client.naming.remote.gprc.redo.NamingGrpcRedoService
10:05:34:960  INFO 4620 --- [main] com.alibaba.nacos.common.remote.client   : [7f5fa452-675d-46ee-99b3-7ac9c6eb2953] Register server push request handler:com.alibaba.nacos.client.naming.remote.gprc.NamingPushRequestHandler
10:05:34:961  INFO 4620 --- [main] com.alibaba.nacos.common.remote.client   : [7f5fa452-675d-46ee-99b3-7ac9c6eb2953] Try to connect to server on start up, server: {serverIp = '192.168.174.128', server main port = 8848}
10:05:35:087  INFO 4620 --- [main] com.alibaba.nacos.common.remote.client   : [7f5fa452-675d-46ee-99b3-7ac9c6eb2953] Success to connect to server [192.168.174.128:8848] on start up, connectionId = 1781051833552_192.168.174.1_58486
10:05:35:087  INFO 4620 --- [main] com.alibaba.nacos.common.remote.client   : [7f5fa452-675d-46ee-99b3-7ac9c6eb2953] Register server push request handler:com.alibaba.nacos.common.remote.client.RpcClient$ConnectResetRequestHandler
10:05:35:087  INFO 4620 --- [main] com.alibaba.nacos.common.remote.client   : [7f5fa452-675d-46ee-99b3-7ac9c6eb2953] Register server push request handler:com.alibaba.nacos.common.remote.client.RpcClient$$Lambda$416/0x000002c4204a4200
10:05:35:087  INFO 4620 --- [com.alibaba.nacos.client.remote.worker] com.alibaba.nacos.common.remote.client   : [7f5fa452-675d-46ee-99b3-7ac9c6eb2953] Notify connected event to listeners.
10:05:35:241  INFO 4620 --- [main] o.s.b.web.embedded.netty.NettyWebServer  : Netty started on port 8080
10:05:35:608  INFO 4620 --- [nacos-grpc-client-executor-4] com.alibaba.nacos.common.remote.client   : [7f5fa452-675d-46ee-99b3-7ac9c6eb2953] Receive server push request, request = NotifySubscriberRequest, requestId = 14
10:05:35:609  INFO 4620 --- [nacos-grpc-client-executor-4] com.alibaba.nacos.common.remote.client   : [7f5fa452-675d-46ee-99b3-7ac9c6eb2953] Ack server push request, request = NotifySubscriberRequest, requestId = 14
10:05:36:371  INFO 4620 --- [main] o.s.cloud.commons.util.InetUtils         : Cannot determine local hostname
10:05:37:461  INFO 4620 --- [main] o.s.cloud.commons.util.InetUtils         : Cannot determine local hostname
10:05:37:473  INFO 4620 --- [main] c.a.c.n.registry.NacosServiceRegistry    : nacos registry, DEFAULT_GROUP hm-gateway 192.168.161.1:8080 register finished
10:05:37:483  INFO 4620 --- [main] c.j.hmgateway.HmGatewayApplication       : Started HmGatewayApplication in 11.351 seconds (JVM running for 11.822)
10:05:37:486  INFO 4620 --- [main] c.a.c.n.refresh.NacosContextRefresher    : [Nacos Config] Listening config: dataId=hm-gateway, group=DEFAULT_GROUP
10:05:37:486  INFO 4620 --- [main] c.a.c.n.refresh.NacosContextRefresher    : [Nacos Config] Listening config: dataId=hm-gateway.yaml, group=DEFAULT_GROUP
10:05:37:953  INFO 4620 --- [nacos-grpc-client-executor-7] com.alibaba.nacos.common.remote.client   : [7f5fa452-675d-46ee-99b3-7ac9c6eb2953] Receive server push request, request = NotifySubscriberRequest, requestId = 15
10:05:37:956  INFO 4620 --- [nacos-grpc-client-executor-7] com.alibaba.nacos.common.remote.client   : [7f5fa452-675d-46ee-99b3-7ac9c6eb2953] Ack server push request, request = NotifySubscriberRequest, requestId = 15
10:07:42:979  WARN 4620 --- [Thread-1] c.a.n.common.http.HttpClientBeanHolder   : [HttpClientBeanHolder] Start destroying common HttpClient
10:07:42:979  WARN 4620 --- [Thread-5] c.a.nacos.common.notify.NotifyCenter     : [NotifyCenter] Start destroying Publisher
10:07:42:980  WARN 4620 --- [Thread-5] c.a.nacos.common.notify.NotifyCenter     : [NotifyCenter] Destruction of the end
10:07:42:981  WARN 4620 --- [Thread-1] c.a.n.common.http.HttpClientBeanHolder   : [HttpClientBeanHolder] Destruction of the end
10:07:43:026  INFO 4620 --- [SpringApplicationShutdownHook] c.a.c.n.registry.NacosServiceRegistry    : De-registering from Nacos Server now...
10:07:43:039  INFO 4620 --- [SpringApplicationShutdownHook] c.a.c.n.registry.NacosServiceRegistry    : De-registration finished.
10:07:43:361  INFO 4620 --- [SpringApplicationShutdownHook] com.alibaba.nacos.common.remote.client   : Shutdown rpc client, set status to shutdown
10:07:43:361  INFO 4620 --- [SpringApplicationShutdownHook] com.alibaba.nacos.common.remote.client   : Shutdown client event executor java.util.concurrent.ScheduledThreadPoolExecutor@cab64a3[Running, pool size = 2, active threads = 2, queued tasks = 0, completed tasks = 0]
10:07:43:361  INFO 4620 --- [SpringApplicationShutdownHook] com.alibaba.nacos.common.remote.client   : Close current connection 1781051833552_192.168.174.1_58486
10:07:43:364  INFO 4620 --- [SpringApplicationShutdownHook] c.a.n.c.remote.client.grpc.GrpcClient    : Shutdown grpc executor java.util.concurrent.ThreadPoolExecutor@3cd2f70f[Running, pool size = 5, active threads = 0, queued tasks = 0, completed tasks = 37]
10:07:53:483  INFO 17188 --- [main] c.j.hmgateway.HmGatewayApplication       : No active profile set, falling back to 1 default profile: "default"
10:07:53:949  INFO 17188 --- [main] o.s.cloud.context.scope.GenericScope     : BeanFactory id=0d8553dc-fc22-388e-846a-44d220d168e0
10:07:53:985  INFO 17188 --- [main] trationDelegate$BeanPostProcessorChecker : Bean 'org.springframework.cloud.client.loadbalancer.reactive.LoadBalancerBeanPostProcessorAutoConfiguration' of type [org.springframework.cloud.client.loadbalancer.reactive.LoadBalancerBeanPostProcessorAutoConfiguration] is not eligible for getting processed by all BeanPostProcessors (for example: not eligible for auto-proxying)
10:07:53:986  INFO 17188 --- [main] trationDelegate$BeanPostProcessorChecker : Bean 'org.springframework.cloud.client.loadbalancer.reactive.LoadBalancerBeanPostProcessorAutoConfiguration$ReactorDeferringLoadBalancerFilterConfig' of type [org.springframework.cloud.client.loadbalancer.reactive.LoadBalancerBeanPostProcessorAutoConfiguration$ReactorDeferringLoadBalancerFilterConfig] is not eligible for getting processed by all BeanPostProcessors (for example: not eligible for auto-proxying)
10:07:53:986  INFO 17188 --- [main] trationDelegate$BeanPostProcessorChecker : Bean 'reactorDeferringLoadBalancerExchangeFilterFunction' of type [org.springframework.cloud.client.loadbalancer.reactive.DeferringLoadBalancerExchangeFilterFunction] is not eligible for getting processed by all BeanPostProcessors (for example: not eligible for auto-proxying)
10:07:55:714  INFO 17188 --- [main] o.s.cloud.commons.util.InetUtils         : Cannot determine local hostname
10:07:56:822  INFO 17188 --- [main] o.s.cloud.commons.util.InetUtils         : Cannot determine local hostname
10:07:57:024  INFO 17188 --- [main] o.s.c.g.r.RouteDefinitionRouteLocator    : Loaded RoutePredicateFactory [After]
10:07:57:024  INFO 17188 --- [main] o.s.c.g.r.RouteDefinitionRouteLocator    : Loaded RoutePredicateFactory [Before]
10:07:57:024  INFO 17188 --- [main] o.s.c.g.r.RouteDefinitionRouteLocator    : Loaded RoutePredicateFactory [Between]
10:07:57:025  INFO 17188 --- [main] o.s.c.g.r.RouteDefinitionRouteLocator    : Loaded RoutePredicateFactory [Cookie]
10:07:57:025  INFO 17188 --- [main] o.s.c.g.r.RouteDefinitionRouteLocator    : Loaded RoutePredicateFactory [Header]
10:07:57:025  INFO 17188 --- [main] o.s.c.g.r.RouteDefinitionRouteLocator    : Loaded RoutePredicateFactory [Host]
10:07:57:025  INFO 17188 --- [main] o.s.c.g.r.RouteDefinitionRouteLocator    : Loaded RoutePredicateFactory [Method]
10:07:57:025  INFO 17188 --- [main] o.s.c.g.r.RouteDefinitionRouteLocator    : Loaded RoutePredicateFactory [Path]
10:07:57:025  INFO 17188 --- [main] o.s.c.g.r.RouteDefinitionRouteLocator    : Loaded RoutePredicateFactory [Query]
10:07:57:025  INFO 17188 --- [main] o.s.c.g.r.RouteDefinitionRouteLocator    : Loaded RoutePredicateFactory [ReadBody]
10:07:57:025  INFO 17188 --- [main] o.s.c.g.r.RouteDefinitionRouteLocator    : Loaded RoutePredicateFactory [RemoteAddr]
10:07:57:026  INFO 17188 --- [main] o.s.c.g.r.RouteDefinitionRouteLocator    : Loaded RoutePredicateFactory [XForwardedRemoteAddr]
10:07:57:026  INFO 17188 --- [main] o.s.c.g.r.RouteDefinitionRouteLocator    : Loaded RoutePredicateFactory [Weight]
10:07:57:026  INFO 17188 --- [main] o.s.c.g.r.RouteDefinitionRouteLocator    : Loaded RoutePredicateFactory [CloudFoundryRouteService]
10:07:58:225  INFO 17188 --- [main] o.s.cloud.commons.util.InetUtils         : Cannot determine local hostname
10:07:58:388  INFO 17188 --- [main] com.alibaba.nacos.common.remote.client   : [RpcClientFactory] create a new rpc client of fecabfbf-7f1c-4918-b992-ee6a76bde190
10:07:58:389  INFO 17188 --- [main] com.alibaba.nacos.common.remote.client   : [fecabfbf-7f1c-4918-b992-ee6a76bde190] RpcClient init label, labels = {module=naming, source=sdk}
10:07:58:390  INFO 17188 --- [main] com.alibaba.nacos.common.remote.client   : [fecabfbf-7f1c-4918-b992-ee6a76bde190] RpcClient init, ServerListFactory = com.alibaba.nacos.client.naming.core.ServerListManager
10:07:58:390  INFO 17188 --- [main] com.alibaba.nacos.common.remote.client   : [fecabfbf-7f1c-4918-b992-ee6a76bde190] Registry connection listener to current client:com.alibaba.nacos.client.naming.remote.gprc.redo.NamingGrpcRedoService
10:07:58:390  INFO 17188 --- [main] com.alibaba.nacos.common.remote.client   : [fecabfbf-7f1c-4918-b992-ee6a76bde190] Register server push request handler:com.alibaba.nacos.client.naming.remote.gprc.NamingPushRequestHandler
10:07:58:391  INFO 17188 --- [main] com.alibaba.nacos.common.remote.client   : [fecabfbf-7f1c-4918-b992-ee6a76bde190] Try to connect to server on start up, server: {serverIp = '192.168.174.128', server main port = 8848}
10:07:58:512  INFO 17188 --- [main] com.alibaba.nacos.common.remote.client   : [fecabfbf-7f1c-4918-b992-ee6a76bde190] Success to connect to server [192.168.174.128:8848] on start up, connectionId = 1781051988931_192.168.174.1_54157
10:07:58:512  INFO 17188 --- [main] com.alibaba.nacos.common.remote.client   : [fecabfbf-7f1c-4918-b992-ee6a76bde190] Register server push request handler:com.alibaba.nacos.common.remote.client.RpcClient$ConnectResetRequestHandler
10:07:58:512  INFO 17188 --- [main] com.alibaba.nacos.common.remote.client   : [fecabfbf-7f1c-4918-b992-ee6a76bde190] Register server push request handler:com.alibaba.nacos.common.remote.client.RpcClient$$Lambda$416/0x000002a3374a4d90
10:07:58:512  INFO 17188 --- [com.alibaba.nacos.client.remote.worker] com.alibaba.nacos.common.remote.client   : [fecabfbf-7f1c-4918-b992-ee6a76bde190] Notify connected event to listeners.
10:07:58:649  INFO 17188 --- [main] o.s.b.web.embedded.netty.NettyWebServer  : Netty started on port 8080
10:07:59:035  INFO 17188 --- [nacos-grpc-client-executor-4] com.alibaba.nacos.common.remote.client   : [fecabfbf-7f1c-4918-b992-ee6a76bde190] Receive server push request, request = NotifySubscriberRequest, requestId = 16
10:07:59:037  INFO 17188 --- [nacos-grpc-client-executor-4] com.alibaba.nacos.common.remote.client   : [fecabfbf-7f1c-4918-b992-ee6a76bde190] Ack server push request, request = NotifySubscriberRequest, requestId = 16
10:07:59:753  INFO 17188 --- [main] o.s.cloud.commons.util.InetUtils         : Cannot determine local hostname
10:08:00:861  INFO 17188 --- [main] o.s.cloud.commons.util.InetUtils         : Cannot determine local hostname
10:08:00:874  INFO 17188 --- [main] c.a.c.n.registry.NacosServiceRegistry    : nacos registry, DEFAULT_GROUP hm-gateway 192.168.161.1:8080 register finished
10:08:00:888  INFO 17188 --- [main] c.j.hmgateway.HmGatewayApplication       : Started HmGatewayApplication in 11.421 seconds (JVM running for 11.867)
10:08:00:891  INFO 17188 --- [main] c.a.c.n.refresh.NacosContextRefresher    : [Nacos Config] Listening config: dataId=hm-gateway, group=DEFAULT_GROUP
10:08:00:892  INFO 17188 --- [main] c.a.c.n.refresh.NacosContextRefresher    : [Nacos Config] Listening config: dataId=hm-gateway.yaml, group=DEFAULT_GROUP
10:08:01:387  INFO 17188 --- [nacos-grpc-client-executor-7] com.alibaba.nacos.common.remote.client   : [fecabfbf-7f1c-4918-b992-ee6a76bde190] Receive server push request, request = NotifySubscriberRequest, requestId = 17
10:08:01:389  INFO 17188 --- [nacos-grpc-client-executor-7] com.alibaba.nacos.common.remote.client   : [fecabfbf-7f1c-4918-b992-ee6a76bde190] Ack server push request, request = NotifySubscriberRequest, requestId = 17
10:09:33:176  WARN 17188 --- [Thread-1] c.a.n.common.http.HttpClientBeanHolder   : [HttpClientBeanHolder] Start destroying common HttpClient
10:09:33:176  WARN 17188 --- [Thread-5] c.a.nacos.common.notify.NotifyCenter     : [NotifyCenter] Start destroying Publisher
10:09:33:177  WARN 17188 --- [Thread-5] c.a.nacos.common.notify.NotifyCenter     : [NotifyCenter] Destruction of the end
10:09:33:177  WARN 17188 --- [Thread-1] c.a.n.common.http.HttpClientBeanHolder   : [HttpClientBeanHolder] Destruction of the end
10:09:33:193  INFO 17188 --- [SpringApplicationShutdownHook] c.a.c.n.registry.NacosServiceRegistry    : De-registering from Nacos Server now...
10:09:33:201  INFO 17188 --- [SpringApplicationShutdownHook] c.a.c.n.registry.NacosServiceRegistry    : De-registration finished.
10:09:33:525  INFO 17188 --- [SpringApplicationShutdownHook] com.alibaba.nacos.common.remote.client   : Shutdown rpc client, set status to shutdown
10:09:33:525  INFO 17188 --- [SpringApplicationShutdownHook] com.alibaba.nacos.common.remote.client   : Shutdown client event executor java.util.concurrent.ScheduledThreadPoolExecutor@13fa8b02[Running, pool size = 2, active threads = 2, queued tasks = 0, completed tasks = 0]
10:09:33:525  INFO 17188 --- [SpringApplicationShutdownHook] com.alibaba.nacos.common.remote.client   : Close current connection 1781051988931_192.168.174.1_54157
10:09:33:528  INFO 17188 --- [nacos-grpc-client-executor-28] c.a.n.c.remote.client.grpc.GrpcClient    : [1781051988931_192.168.174.1_54157]Ignore complete event,isRunning:false,isAbandon=false
10:09:33:532  INFO 17188 --- [SpringApplicationShutdownHook] c.a.n.c.remote.client.grpc.GrpcClient    : Shutdown grpc executor java.util.concurrent.ThreadPoolExecutor@45f4e9b6[Running, pool size = 5, active threads = 0, queued tasks = 0, completed tasks = 29]
10:09:41:652  INFO 17336 --- [main] c.j.hmgateway.HmGatewayApplication       : No active profile set, falling back to 1 default profile: "default"
10:09:42:405  INFO 17336 --- [main] o.s.cloud.context.scope.GenericScope     : BeanFactory id=0d8553dc-fc22-388e-846a-44d220d168e0
10:09:42:466  INFO 17336 --- [main] trationDelegate$BeanPostProcessorChecker : Bean 'org.springframework.cloud.client.loadbalancer.reactive.LoadBalancerBeanPostProcessorAutoConfiguration' of type [org.springframework.cloud.client.loadbalancer.reactive.LoadBalancerBeanPostProcessorAutoConfiguration] is not eligible for getting processed by all BeanPostProcessors (for example: not eligible for auto-proxying)
10:09:42:468  INFO 17336 --- [main] trationDelegate$BeanPostProcessorChecker : Bean 'org.springframework.cloud.client.loadbalancer.reactive.LoadBalancerBeanPostProcessorAutoConfiguration$ReactorDeferringLoadBalancerFilterConfig' of type [org.springframework.cloud.client.loadbalancer.reactive.LoadBalancerBeanPostProcessorAutoConfiguration$ReactorDeferringLoadBalancerFilterConfig] is not eligible for getting processed by all BeanPostProcessors (for example: not eligible for auto-proxying)
10:09:42:469  INFO 17336 --- [main] trationDelegate$BeanPostProcessorChecker : Bean 'reactorDeferringLoadBalancerExchangeFilterFunction' of type [org.springframework.cloud.client.loadbalancer.reactive.DeferringLoadBalancerExchangeFilterFunction] is not eligible for getting processed by all BeanPostProcessors (for example: not eligible for auto-proxying)
10:09:44:504  INFO 17336 --- [main] o.s.cloud.commons.util.InetUtils         : Cannot determine local hostname
10:09:45:637  INFO 17336 --- [main] o.s.cloud.commons.util.InetUtils         : Cannot determine local hostname
10:09:45:923  INFO 17336 --- [main] o.s.c.g.r.RouteDefinitionRouteLocator    : Loaded RoutePredicateFactory [After]
10:09:45:923  INFO 17336 --- [main] o.s.c.g.r.RouteDefinitionRouteLocator    : Loaded RoutePredicateFactory [Before]
10:09:45:923  INFO 17336 --- [main] o.s.c.g.r.RouteDefinitionRouteLocator    : Loaded RoutePredicateFactory [Between]
10:09:45:924  INFO 17336 --- [main] o.s.c.g.r.RouteDefinitionRouteLocator    : Loaded RoutePredicateFactory [Cookie]
10:09:45:924  INFO 17336 --- [main] o.s.c.g.r.RouteDefinitionRouteLocator    : Loaded RoutePredicateFactory [Header]
10:09:45:924  INFO 17336 --- [main] o.s.c.g.r.RouteDefinitionRouteLocator    : Loaded RoutePredicateFactory [Host]
10:09:45:925  INFO 17336 --- [main] o.s.c.g.r.RouteDefinitionRouteLocator    : Loaded RoutePredicateFactory [Method]
10:09:45:925  INFO 17336 --- [main] o.s.c.g.r.RouteDefinitionRouteLocator    : Loaded RoutePredicateFactory [Path]
10:09:45:925  INFO 17336 --- [main] o.s.c.g.r.RouteDefinitionRouteLocator    : Loaded RoutePredicateFactory [Query]
10:09:45:926  INFO 17336 --- [main] o.s.c.g.r.RouteDefinitionRouteLocator    : Loaded RoutePredicateFactory [ReadBody]
10:09:45:926  INFO 17336 --- [main] o.s.c.g.r.RouteDefinitionRouteLocator    : Loaded RoutePredicateFactory [RemoteAddr]
10:09:45:927  INFO 17336 --- [main] o.s.c.g.r.RouteDefinitionRouteLocator    : Loaded RoutePredicateFactory [XForwardedRemoteAddr]
10:09:45:927  INFO 17336 --- [main] o.s.c.g.r.RouteDefinitionRouteLocator    : Loaded RoutePredicateFactory [Weight]
10:09:45:927  INFO 17336 --- [main] o.s.c.g.r.RouteDefinitionRouteLocator    : Loaded RoutePredicateFactory [CloudFoundryRouteService]
10:09:47:297  INFO 17336 --- [main] o.s.cloud.commons.util.InetUtils         : Cannot determine local hostname
10:09:47:641  INFO 17336 --- [main] com.alibaba.nacos.common.remote.client   : [RpcClientFactory] create a new rpc client of 8219af65-332c-4541-916c-70a6fff2c1c1
10:09:47:641  INFO 17336 --- [main] com.alibaba.nacos.common.remote.client   : [8219af65-332c-4541-916c-70a6fff2c1c1] RpcClient init label, labels = {module=naming, source=sdk}
10:09:47:643  INFO 17336 --- [main] com.alibaba.nacos.common.remote.client   : [8219af65-332c-4541-916c-70a6fff2c1c1] RpcClient init, ServerListFactory = com.alibaba.nacos.client.naming.core.ServerListManager
10:09:47:643  INFO 17336 --- [main] com.alibaba.nacos.common.remote.client   : [8219af65-332c-4541-916c-70a6fff2c1c1] Registry connection listener to current client:com.alibaba.nacos.client.naming.remote.gprc.redo.NamingGrpcRedoService
10:09:47:644  INFO 17336 --- [main] com.alibaba.nacos.common.remote.client   : [8219af65-332c-4541-916c-70a6fff2c1c1] Register server push request handler:com.alibaba.nacos.client.naming.remote.gprc.NamingPushRequestHandler
10:09:47:644  INFO 17336 --- [main] com.alibaba.nacos.common.remote.client   : [8219af65-332c-4541-916c-70a6fff2c1c1] Try to connect to server on start up, server: {serverIp = '192.168.174.128', server main port = 8848}
10:09:47:766  INFO 17336 --- [main] com.alibaba.nacos.common.remote.client   : [8219af65-332c-4541-916c-70a6fff2c1c1] Success to connect to server [192.168.174.128:8848] on start up, connectionId = 1781052107288_192.168.174.1_64374
10:09:47:766  INFO 17336 --- [com.alibaba.nacos.client.remote.worker] com.alibaba.nacos.common.remote.client   : [8219af65-332c-4541-916c-70a6fff2c1c1] Notify connected event to listeners.
10:09:47:766  INFO 17336 --- [main] com.alibaba.nacos.common.remote.client   : [8219af65-332c-4541-916c-70a6fff2c1c1] Register server push request handler:com.alibaba.nacos.common.remote.client.RpcClient$ConnectResetRequestHandler
10:09:47:767  INFO 17336 --- [main] com.alibaba.nacos.common.remote.client   : [8219af65-332c-4541-916c-70a6fff2c1c1] Register server push request handler:com.alibaba.nacos.common.remote.client.RpcClient$$Lambda$416/0x0000024a454a6370
10:09:48:041  INFO 17336 --- [main] o.s.b.web.embedded.netty.NettyWebServer  : Netty started on port 8080
10:09:48:295  INFO 17336 --- [nacos-grpc-client-executor-4] com.alibaba.nacos.common.remote.client   : [8219af65-332c-4541-916c-70a6fff2c1c1] Receive server push request, request = NotifySubscriberRequest, requestId = 18
10:09:48:297  INFO 17336 --- [nacos-grpc-client-executor-4] com.alibaba.nacos.common.remote.client   : [8219af65-332c-4541-916c-70a6fff2c1c1] Ack server push request, request = NotifySubscriberRequest, requestId = 18
10:09:49:234  INFO 17336 --- [main] o.s.cloud.commons.util.InetUtils         : Cannot determine local hostname
10:09:50:470  INFO 17336 --- [main] o.s.cloud.commons.util.InetUtils         : Cannot determine local hostname
10:09:50:505  INFO 17336 --- [main] c.a.c.n.registry.NacosServiceRegistry    : nacos registry, DEFAULT_GROUP hm-gateway 192.168.161.1:8080 register finished
10:09:50:528  INFO 17336 --- [main] c.j.hmgateway.HmGatewayApplication       : Started HmGatewayApplication in 13.152 seconds (JVM running for 13.578)
10:09:50:532  INFO 17336 --- [main] c.a.c.n.refresh.NacosContextRefresher    : [Nacos Config] Listening config: dataId=hm-gateway, group=DEFAULT_GROUP
10:09:50:534  INFO 17336 --- [main] c.a.c.n.refresh.NacosContextRefresher    : [Nacos Config] Listening config: dataId=hm-gateway.yaml, group=DEFAULT_GROUP
10:09:51:028  INFO 17336 --- [nacos-grpc-client-executor-8] com.alibaba.nacos.common.remote.client   : [8219af65-332c-4541-916c-70a6fff2c1c1] Receive server push request, request = NotifySubscriberRequest, requestId = 19
10:09:51:037  INFO 17336 --- [nacos-grpc-client-executor-8] com.alibaba.nacos.common.remote.client   : [8219af65-332c-4541-916c-70a6fff2c1c1] Ack server push request, request = NotifySubscriberRequest, requestId = 19
10:10:47:012  INFO 17336 --- [nacos-grpc-client-executor-28] com.alibaba.nacos.common.remote.client   : [54eff78b-6da7-45b8-9c62-28f9af604631_config-0] Receive server push request, request = ConfigChangeNotifyRequest, requestId = 20
10:10:47:013  INFO 17336 --- [nacos-grpc-client-executor-28] com.alibaba.nacos.common.remote.client   : [54eff78b-6da7-45b8-9c62-28f9af604631_config-0] Ack server push request, request = ConfigChangeNotifyRequest, requestId = 20
10:11:02:642  INFO 17336 --- [nacos-grpc-client-executor-25] com.alibaba.nacos.common.remote.client   : [8219af65-332c-4541-916c-70a6fff2c1c1] Receive server push request, request = NotifySubscriberRequest, requestId = 21
10:11:02:644  INFO 17336 --- [nacos-grpc-client-executor-25] com.alibaba.nacos.common.remote.client   : [8219af65-332c-4541-916c-70a6fff2c1c1] Ack server push request, request = NotifySubscriberRequest, requestId = 21
10:11:03:865  INFO 17336 --- [nacos-grpc-client-executor-28] com.alibaba.nacos.common.remote.client   : [8219af65-332c-4541-916c-70a6fff2c1c1] Receive server push request, request = NotifySubscriberRequest, requestId = 22
10:11:03:866  INFO 17336 --- [nacos-grpc-client-executor-28] com.alibaba.nacos.common.remote.client   : [8219af65-332c-4541-916c-70a6fff2c1c1] Ack server push request, request = NotifySubscriberRequest, requestId = 22
10:11:31:347  INFO 17336 --- [nacos-grpc-client-executor-35] com.alibaba.nacos.common.remote.client   : [8219af65-332c-4541-916c-70a6fff2c1c1] Receive server push request, request = NotifySubscriberRequest, requestId = 23
10:11:31:348  INFO 17336 --- [nacos-grpc-client-executor-35] com.alibaba.nacos.common.remote.client   : [8219af65-332c-4541-916c-70a6fff2c1c1] Ack server push request, request = NotifySubscriberRequest, requestId = 23
10:23:20:195  INFO 17336 --- [nacos-grpc-client-executor-184] com.alibaba.nacos.common.remote.client   : [8219af65-332c-4541-916c-70a6fff2c1c1] Receive server push request, request = NotifySubscriberRequest, requestId = 27
10:23:20:196  INFO 17336 --- [nacos-grpc-client-executor-184] com.alibaba.nacos.common.remote.client   : [8219af65-332c-4541-916c-70a6fff2c1c1] Ack server push request, request = NotifySubscriberRequest, requestId = 27
10:23:34:479  INFO 17336 --- [nacos-grpc-client-executor-187] com.alibaba.nacos.common.remote.client   : [8219af65-332c-4541-916c-70a6fff2c1c1] Receive server push request, request = NotifySubscriberRequest, requestId = 30
10:23:34:482  INFO 17336 --- [nacos-grpc-client-executor-187] com.alibaba.nacos.common.remote.client   : [8219af65-332c-4541-916c-70a6fff2c1c1] Ack server push request, request = NotifySubscriberRequest, requestId = 30
10:26:05:635  INFO 17336 --- [nacos-grpc-client-executor-221] com.alibaba.nacos.common.remote.client   : [8219af65-332c-4541-916c-70a6fff2c1c1] Receive server push request, request = NotifySubscriberRequest, requestId = 31
10:26:05:635  INFO 17336 --- [nacos-grpc-client-executor-221] com.alibaba.nacos.common.remote.client   : [8219af65-332c-4541-916c-70a6fff2c1c1] Ack server push request, request = NotifySubscriberRequest, requestId = 31
10:26:11:777  INFO 17336 --- [nacos-grpc-client-executor-223] com.alibaba.nacos.common.remote.client   : [8219af65-332c-4541-916c-70a6fff2c1c1] Receive server push request, request = NotifySubscriberRequest, requestId = 33
10:26:11:781  INFO 17336 --- [nacos-grpc-client-executor-223] com.alibaba.nacos.common.remote.client   : [8219af65-332c-4541-916c-70a6fff2c1c1] Ack server push request, request = NotifySubscriberRequest, requestId = 33
10:26:22:502  INFO 17336 --- [nacos-grpc-client-executor-225] com.alibaba.nacos.common.remote.client   : [8219af65-332c-4541-916c-70a6fff2c1c1] Receive server push request, request = NotifySubscriberRequest, requestId = 34
10:26:22:504  INFO 17336 --- [nacos-grpc-client-executor-225] com.alibaba.nacos.common.remote.client   : [8219af65-332c-4541-916c-70a6fff2c1c1] Ack server push request, request = NotifySubscriberRequest, requestId = 34
10:28:53:751  INFO 17336 --- [nacos-grpc-client-executor-257] com.alibaba.nacos.common.remote.client   : [8219af65-332c-4541-916c-70a6fff2c1c1] Receive server push request, request = NotifySubscriberRequest, requestId = 37
10:28:53:754  INFO 17336 --- [nacos-grpc-client-executor-257] com.alibaba.nacos.common.remote.client   : [8219af65-332c-4541-916c-70a6fff2c1c1] Ack server push request, request = NotifySubscriberRequest, requestId = 37
10:29:05:128  INFO 17336 --- [nacos-grpc-client-executor-262] com.alibaba.nacos.common.remote.client   : [8219af65-332c-4541-916c-70a6fff2c1c1] Receive server push request, request = NotifySubscriberRequest, requestId = 38
10:29:05:131  INFO 17336 --- [nacos-grpc-client-executor-262] com.alibaba.nacos.common.remote.client   : [8219af65-332c-4541-916c-70a6fff2c1c1] Ack server push request, request = NotifySubscriberRequest, requestId = 38
10:29:27:086  INFO 17336 --- [nacos-grpc-client-executor-268] com.alibaba.nacos.common.remote.client   : [8219af65-332c-4541-916c-70a6fff2c1c1] Receive server push request, request = NotifySubscriberRequest, requestId = 42
10:29:27:087  INFO 17336 --- [nacos-grpc-client-executor-268] com.alibaba.nacos.common.remote.client   : [8219af65-332c-4541-916c-70a6fff2c1c1] Ack server push request, request = NotifySubscriberRequest, requestId = 42
10:34:07:211  WARN 17336 --- [Thread-5] c.a.nacos.common.notify.NotifyCenter     : [NotifyCenter] Start destroying Publisher
10:34:07:211  WARN 17336 --- [Thread-1] c.a.n.common.http.HttpClientBeanHolder   : [HttpClientBeanHolder] Start destroying common HttpClient
10:34:07:212  WARN 17336 --- [Thread-5] c.a.nacos.common.notify.NotifyCenter     : [NotifyCenter] Destruction of the end
10:34:07:213  WARN 17336 --- [Thread-1] c.a.n.common.http.HttpClientBeanHolder   : [HttpClientBeanHolder] Destruction of the end
10:34:07:236  INFO 17336 --- [SpringApplicationShutdownHook] c.a.c.n.registry.NacosServiceRegistry    : De-registering from Nacos Server now...
10:34:07:241  INFO 17336 --- [SpringApplicationShutdownHook] c.a.c.n.registry.NacosServiceRegistry    : De-registration finished.
10:34:07:559  INFO 17336 --- [SpringApplicationShutdownHook] com.alibaba.nacos.common.remote.client   : Shutdown rpc client, set status to shutdown
10:34:07:560  INFO 17336 --- [SpringApplicationShutdownHook] com.alibaba.nacos.common.remote.client   : Shutdown client event executor java.util.concurrent.ScheduledThreadPoolExecutor@6966342a[Running, pool size = 2, active threads = 2, queued tasks = 0, completed tasks = 0]
10:34:07:560  INFO 17336 --- [SpringApplicationShutdownHook] com.alibaba.nacos.common.remote.client   : Close current connection 1781052107288_192.168.174.1_64374
10:34:07:562  INFO 17336 --- [nacos-grpc-client-executor-336] c.a.n.c.remote.client.grpc.GrpcClient    : [1781052107288_192.168.174.1_64374]Ignore complete event,isRunning:false,isAbandon=false
10:34:07:567  INFO 17336 --- [SpringApplicationShutdownHook] c.a.n.c.remote.client.grpc.GrpcClient    : Shutdown grpc executor java.util.concurrent.ThreadPoolExecutor@85d31fc[Running, pool size = 7, active threads = 0, queued tasks = 0, completed tasks = 337]
